\BOOKMARK [1][-]{section.1}{Visi\363n general}{}% 1
\BOOKMARK [1][-]{section.2}{Metodolog\355a de desarrollo}{}% 2
\BOOKMARK [1][-]{section.3}{Planificaci\363n}{}% 3
\BOOKMARK [2][-]{subsection.3.1}{General}{section.3}% 4
\BOOKMARK [2][-]{subsection.3.2}{Expresiones l\363gicas}{section.3}% 5
\BOOKMARK [2][-]{subsection.3.3}{Sentencias de entrada/salida}{section.3}% 6
\BOOKMARK [2][-]{subsection.3.4}{Sistema de errores}{section.3}% 7
\BOOKMARK [2][-]{subsection.3.5}{Expresiones aritm\351ticas}{section.3}% 8
\BOOKMARK [2][-]{subsection.3.6}{S\355mbolos variables}{section.3}% 9
\BOOKMARK [2][-]{subsection.3.7}{Sentencias de control I}{section.3}% 10
\BOOKMARK [2][-]{subsection.3.8}{Interfaz de usuario I}{section.3}% 11
\BOOKMARK [2][-]{subsection.3.9}{Expresiones cadenas de caracteres}{section.3}% 12
\BOOKMARK [2][-]{subsection.3.10}{Conversi\363n de tipos}{section.3}% 13
\BOOKMARK [2][-]{subsection.3.11}{Funciones de cadenas}{section.3}% 14
\BOOKMARK [2][-]{subsection.3.12}{Expresiones array}{section.3}% 15
\BOOKMARK [2][-]{subsection.3.13}{S\355mbolos funciones}{section.3}% 16
\BOOKMARK [2][-]{subsection.3.14}{Expresiones regulares}{section.3}% 17
\BOOKMARK [2][-]{subsection.3.15}{S\355mbolos clases I}{section.3}% 18
\BOOKMARK [2][-]{subsection.3.16}{Expresiones condicionales}{section.3}% 19
\BOOKMARK [2][-]{subsection.3.17}{Funciones de depuraci\363n}{section.3}% 20
\BOOKMARK [2][-]{subsection.3.18}{Optimizaci\363n de memoria}{section.3}% 21
\BOOKMARK [2][-]{subsection.3.19}{Sentencias de control II}{section.3}% 22
\BOOKMARK [2][-]{subsection.3.20}{Paso de argumentos}{section.3}% 23
\BOOKMARK [2][-]{subsection.3.21}{Interfaz de usuario II}{section.3}% 24
\BOOKMARK [2][-]{subsection.3.22}{Procesos I}{section.3}% 25
\BOOKMARK [2][-]{subsection.3.23}{Fechas y tiempo}{section.3}% 26
\BOOKMARK [2][-]{subsection.3.24}{Ficheros}{section.3}% 27
\BOOKMARK [2][-]{subsection.3.25}{Extensiones}{section.3}% 28
\BOOKMARK [2][-]{subsection.3.26}{Extensi\363n gettext}{section.3}% 29
\BOOKMARK [2][-]{subsection.3.27}{Procesos II}{section.3}% 30
\BOOKMARK [2][-]{subsection.3.28}{S\355mbolos clases II}{section.3}% 31
\BOOKMARK [2][-]{subsection.3.29}{S\355mbolos funciones II}{section.3}% 32
\BOOKMARK [2][-]{subsection.3.30}{Extensi\363n mysql}{section.3}% 33
\BOOKMARK [1][-]{section.4}{Organizaci\363n}{}% 34
\BOOKMARK [1][-]{section.5}{Costes}{}% 35
\BOOKMARK [1][-]{section.6}{Riesgos}{}% 36
\BOOKMARK [2][-]{subsection.6.1}{Riesgos tecnol\363gicos}{section.6}% 37
\BOOKMARK [2][-]{subsection.6.2}{Riesgos personales}{section.6}% 38
\BOOKMARK [2][-]{subsection.6.3}{Riesgos organizativos}{section.6}% 39
\BOOKMARK [2][-]{subsection.6.4}{Riesgos de requisitos}{section.6}% 40
\BOOKMARK [2][-]{subsection.6.5}{Riesgos de soluciones}{section.6}% 41
\BOOKMARK [2][-]{subsection.6.6}{Riesgos de costes, tiempos y recursos}{section.6}% 42
\BOOKMARK [1][-]{section.7}{Aseguramiento de calidad}{}% 43
