This is pdfTeX, Version 3.14159265-2.6-1.40.16 (TeX Live 2015/Debian) (preloaded format=pdflatex 2015.11.20)  7 APR 2016 21:02
entering extended mode
 \write18 enabled.
 file:line:error style messages enabled.
 %&-line parsing enabled.
**head.tex
(./head.tex
LaTeX2e <2015/10/01> patch level 1
Babel <3.9m> and hyphenation patterns for 14 languages loaded.
(/usr/share/texlive/texmf-dist/tex/latex/base/article.cls
Document Class: article 2014/09/29 v1.4h Standard LaTeX document class
(/usr/share/texlive/texmf-dist/tex/latex/base/size12.clo
File: size12.clo 2014/09/29 v1.4h Standard LaTeX file (size option)
)
\c@part=\count79
\c@section=\count80
\c@subsection=\count81
\c@subsubsection=\count82
\c@paragraph=\count83
\c@subparagraph=\count84
\c@figure=\count85
\c@table=\count86
\abovecaptionskip=\skip41
\belowcaptionskip=\skip42
\bibindent=\dimen102
)
(/usr/share/texlive/texmf-dist/tex/latex/base/inputenc.sty
Package: inputenc 2015/03/17 v1.2c Input encoding file
\inpenc@prehook=\toks14
\inpenc@posthook=\toks15

(/usr/share/texlive/texmf-dist/tex/latex/base/utf8.def
File: utf8.def 2015/09/07 v1.1p UTF-8 support for inputenc
Now handling font encoding OML ...
... no UTF-8 mapping file for font encoding OML
Now handling font encoding T1 ...
... processing UTF-8 mapping file for font encoding T1

(/usr/share/texlive/texmf-dist/tex/latex/base/t1enc.dfu
File: t1enc.dfu 2015/09/07 v1.1p UTF-8 support for inputenc
   defining Unicode char U+00A0 (decimal 160)
   defining Unicode char U+00A1 (decimal 161)
   defining Unicode char U+00A3 (decimal 163)
   defining Unicode char U+00AB (decimal 171)
   defining Unicode char U+00AD (decimal 173)
   defining Unicode char U+00BB (decimal 187)
   defining Unicode char U+00BF (decimal 191)
   defining Unicode char U+00C0 (decimal 192)
   defining Unicode char U+00C1 (decimal 193)
   defining Unicode char U+00C2 (decimal 194)
   defining Unicode char U+00C3 (decimal 195)
   defining Unicode char U+00C4 (decimal 196)
   defining Unicode char U+00C5 (decimal 197)
   defining Unicode char U+00C6 (decimal 198)
   defining Unicode char U+00C7 (decimal 199)
   defining Unicode char U+00C8 (decimal 200)
   defining Unicode char U+00C9 (decimal 201)
   defining Unicode char U+00CA (decimal 202)
   defining Unicode char U+00CB (decimal 203)
   defining Unicode char U+00CC (decimal 204)
   defining Unicode char U+00CD (decimal 205)
   defining Unicode char U+00CE (decimal 206)
   defining Unicode char U+00CF (decimal 207)
   defining Unicode char U+00D0 (decimal 208)
   defining Unicode char U+00D1 (decimal 209)
   defining Unicode char U+00D2 (decimal 210)
   defining Unicode char U+00D3 (decimal 211)
   defining Unicode char U+00D4 (decimal 212)
   defining Unicode char U+00D5 (decimal 213)
   defining Unicode char U+00D6 (decimal 214)
   defining Unicode char U+00D8 (decimal 216)
   defining Unicode char U+00D9 (decimal 217)
   defining Unicode char U+00DA (decimal 218)
   defining Unicode char U+00DB (decimal 219)
   defining Unicode char U+00DC (decimal 220)
   defining Unicode char U+00DD (decimal 221)
   defining Unicode char U+00DE (decimal 222)
   defining Unicode char U+00DF (decimal 223)
   defining Unicode char U+00E0 (decimal 224)
   defining Unicode char U+00E1 (decimal 225)
   defining Unicode char U+00E2 (decimal 226)
   defining Unicode char U+00E3 (decimal 227)
   defining Unicode char U+00E4 (decimal 228)
   defining Unicode char U+00E5 (decimal 229)
   defining Unicode char U+00E6 (decimal 230)
   defining Unicode char U+00E7 (decimal 231)
   defining Unicode char U+00E8 (decimal 232)
   defining Unicode char U+00E9 (decimal 233)
   defining Unicode char U+00EA (decimal 234)
   defining Unicode char U+00EB (decimal 235)
   defining Unicode char U+00EC (decimal 236)
   defining Unicode char U+00ED (decimal 237)
   defining Unicode char U+00EE (decimal 238)
   defining Unicode char U+00EF (decimal 239)
   defining Unicode char U+00F0 (decimal 240)
   defining Unicode char U+00F1 (decimal 241)
   defining Unicode char U+00F2 (decimal 242)
   defining Unicode char U+00F3 (decimal 243)
   defining Unicode char U+00F4 (decimal 244)
   defining Unicode char U+00F5 (decimal 245)
   defining Unicode char U+00F6 (decimal 246)
   defining Unicode char U+00F8 (decimal 248)
   defining Unicode char U+00F9 (decimal 249)
   defining Unicode char U+00FA (decimal 250)
   defining Unicode char U+00FB (decimal 251)
   defining Unicode char U+00FC (decimal 252)
   defining Unicode char U+00FD (decimal 253)
   defining Unicode char U+00FE (decimal 254)
   defining Unicode char U+00FF (decimal 255)
   defining Unicode char U+0102 (decimal 258)
   defining Unicode char U+0103 (decimal 259)
   defining Unicode char U+0104 (decimal 260)
   defining Unicode char U+0105 (decimal 261)
   defining Unicode char U+0106 (decimal 262)
   defining Unicode char U+0107 (decimal 263)
   defining Unicode char U+010C (decimal 268)
   defining Unicode char U+010D (decimal 269)
   defining Unicode char U+010E (decimal 270)
   defining Unicode char U+010F (decimal 271)
   defining Unicode char U+0110 (decimal 272)
   defining Unicode char U+0111 (decimal 273)
   defining Unicode char U+0118 (decimal 280)
   defining Unicode char U+0119 (decimal 281)
   defining Unicode char U+011A (decimal 282)
   defining Unicode char U+011B (decimal 283)
   defining Unicode char U+011E (decimal 286)
   defining Unicode char U+011F (decimal 287)
   defining Unicode char U+0130 (decimal 304)
   defining Unicode char U+0131 (decimal 305)
   defining Unicode char U+0132 (decimal 306)
   defining Unicode char U+0133 (decimal 307)
   defining Unicode char U+0139 (decimal 313)
   defining Unicode char U+013A (decimal 314)
   defining Unicode char U+013D (decimal 317)
   defining Unicode char U+013E (decimal 318)
   defining Unicode char U+0141 (decimal 321)
   defining Unicode char U+0142 (decimal 322)
   defining Unicode char U+0143 (decimal 323)
   defining Unicode char U+0144 (decimal 324)
   defining Unicode char U+0147 (decimal 327)
   defining Unicode char U+0148 (decimal 328)
   defining Unicode char U+014A (decimal 330)
   defining Unicode char U+014B (decimal 331)
   defining Unicode char U+0150 (decimal 336)
   defining Unicode char U+0151 (decimal 337)
   defining Unicode char U+0152 (decimal 338)
   defining Unicode char U+0153 (decimal 339)
   defining Unicode char U+0154 (decimal 340)
   defining Unicode char U+0155 (decimal 341)
   defining Unicode char U+0158 (decimal 344)
   defining Unicode char U+0159 (decimal 345)
   defining Unicode char U+015A (decimal 346)
   defining Unicode char U+015B (decimal 347)
   defining Unicode char U+015E (decimal 350)
   defining Unicode char U+015F (decimal 351)
   defining Unicode char U+0160 (decimal 352)
   defining Unicode char U+0161 (decimal 353)
   defining Unicode char U+0162 (decimal 354)
   defining Unicode char U+0163 (decimal 355)
   defining Unicode char U+0164 (decimal 356)
   defining Unicode char U+0165 (decimal 357)
   defining Unicode char U+016E (decimal 366)
   defining Unicode char U+016F (decimal 367)
   defining Unicode char U+0170 (decimal 368)
   defining Unicode char U+0171 (decimal 369)
   defining Unicode char U+0174 (decimal 372)
   defining Unicode char U+0175 (decimal 373)
   defining Unicode char U+0176 (decimal 374)
   defining Unicode char U+0177 (decimal 375)
   defining Unicode char U+0178 (decimal 376)
   defining Unicode char U+0179 (decimal 377)
   defining Unicode char U+017A (decimal 378)
   defining Unicode char U+017B (decimal 379)
   defining Unicode char U+017C (decimal 380)
   defining Unicode char U+017D (decimal 381)
   defining Unicode char U+017E (decimal 382)
   defining Unicode char U+0218 (decimal 536)
   defining Unicode char U+0219 (decimal 537)
   defining Unicode char U+021A (decimal 538)
   defining Unicode char U+021B (decimal 539)
   defining Unicode char U+200C (decimal 8204)
   defining Unicode char U+2013 (decimal 8211)
   defining Unicode char U+2014 (decimal 8212)
   defining Unicode char U+2018 (decimal 8216)
   defining Unicode char U+2019 (decimal 8217)
   defining Unicode char U+201A (decimal 8218)
   defining Unicode char U+201C (decimal 8220)
   defining Unicode char U+201D (decimal 8221)
   defining Unicode char U+201E (decimal 8222)
   defining Unicode char U+2030 (decimal 8240)
   defining Unicode char U+2031 (decimal 8241)
   defining Unicode char U+2039 (decimal 8249)
   defining Unicode char U+203A (decimal 8250)
   defining Unicode char U+2423 (decimal 9251)
)
Now handling font encoding OT1 ...
... processing UTF-8 mapping file for font encoding OT1

(/usr/share/texlive/texmf-dist/tex/latex/base/ot1enc.dfu
File: ot1enc.dfu 2015/09/07 v1.1p UTF-8 support for inputenc
   defining Unicode char U+00A0 (decimal 160)
   defining Unicode char U+00A1 (decimal 161)
   defining Unicode char U+00A3 (decimal 163)
   defining Unicode char U+00AD (decimal 173)
   defining Unicode char U+00B8 (decimal 184)
   defining Unicode char U+00BF (decimal 191)
   defining Unicode char U+00C5 (decimal 197)
   defining Unicode char U+00C6 (decimal 198)
   defining Unicode char U+00D8 (decimal 216)
   defining Unicode char U+00DF (decimal 223)
   defining Unicode char U+00E6 (decimal 230)
   defining Unicode char U+00EC (decimal 236)
   defining Unicode char U+00ED (decimal 237)
   defining Unicode char U+00EE (decimal 238)
   defining Unicode char U+00EF (decimal 239)
   defining Unicode char U+00F8 (decimal 248)
   defining Unicode char U+0131 (decimal 305)
   defining Unicode char U+0141 (decimal 321)
   defining Unicode char U+0142 (decimal 322)
   defining Unicode char U+0152 (decimal 338)
   defining Unicode char U+0153 (decimal 339)
   defining Unicode char U+0174 (decimal 372)
   defining Unicode char U+0175 (decimal 373)
   defining Unicode char U+0176 (decimal 374)
   defining Unicode char U+0177 (decimal 375)
   defining Unicode char U+0218 (decimal 536)
   defining Unicode char U+0219 (decimal 537)
   defining Unicode char U+021A (decimal 538)
   defining Unicode char U+021B (decimal 539)
   defining Unicode char U+2013 (decimal 8211)
   defining Unicode char U+2014 (decimal 8212)
   defining Unicode char U+2018 (decimal 8216)
   defining Unicode char U+2019 (decimal 8217)
   defining Unicode char U+201C (decimal 8220)
   defining Unicode char U+201D (decimal 8221)
)
Now handling font encoding OMS ...
... processing UTF-8 mapping file for font encoding OMS

(/usr/share/texlive/texmf-dist/tex/latex/base/omsenc.dfu
File: omsenc.dfu 2015/09/07 v1.1p UTF-8 support for inputenc
   defining Unicode char U+00A7 (decimal 167)
   defining Unicode char U+00B6 (decimal 182)
   defining Unicode char U+00B7 (decimal 183)
   defining Unicode char U+2020 (decimal 8224)
   defining Unicode char U+2021 (decimal 8225)
   defining Unicode char U+2022 (decimal 8226)
)
Now handling font encoding OMX ...
... no UTF-8 mapping file for font encoding OMX
Now handling font encoding U ...
... no UTF-8 mapping file for font encoding U
   defining Unicode char U+00A9 (decimal 169)
   defining Unicode char U+00AA (decimal 170)
   defining Unicode char U+00AE (decimal 174)
   defining Unicode char U+00BA (decimal 186)
   defining Unicode char U+02C6 (decimal 710)
   defining Unicode char U+02DC (decimal 732)
   defining Unicode char U+200C (decimal 8204)
   defining Unicode char U+2026 (decimal 8230)
   defining Unicode char U+2122 (decimal 8482)
   defining Unicode char U+2423 (decimal 9251)
))
(/usr/share/texlive/texmf-dist/tex/generic/babel/babel.sty
Package: babel 2015/08/03 3.9m The Babel package

(/usr/share/texlive/texmf-dist/tex/generic/babel-spanish/spanish.ldf
Language: spanish.ldf 2014/04/24 v5.0n Spanish support from the babel system

(/usr/share/texlive/texmf-dist/tex/generic/babel/babel.def
File: babel.def 2015/08/03 3.9m Babel common definitions
\babel@savecnt=\count87
\U@D=\dimen103
)
\es@quottoks=\toks16
\es@quotdepth=\count88
Package babel Info: Making " an active character on input line 516.
Package babel Info: Making . an active character on input line 617.
Package babel Info: Making < an active character on input line 662.
Package babel Info: Making > an active character on input line 662.
))
(/usr/share/texlive/texmf-dist/tex/latex/framed/framed.sty
Package: framed 2011/10/22 v 0.96: framed or shaded text with page breaks
\OuterFrameSep=\skip43
\fb@frw=\dimen104
\fb@frh=\dimen105
\FrameRule=\dimen106
\FrameSep=\dimen107
)
(/usr/share/texlive/texmf-dist/tex/latex/fancyhdr/fancyhdr.sty
\fancy@headwidth=\skip44
\f@ncyO@elh=\skip45
\f@ncyO@erh=\skip46
\f@ncyO@olh=\skip47
\f@ncyO@orh=\skip48
\f@ncyO@elf=\skip49
\f@ncyO@erf=\skip50
\f@ncyO@olf=\skip51
\f@ncyO@orf=\skip52
)
(/usr/share/texlive/texmf-dist/tex/latex/anysize/anysize.sty
Package: anysize 1994/08/13 setting margin sizes

document style option `anysize' loaded
Michael Salzenberg, Thomas Esser, Dirk Hillbrecht
Version 1.0, Aug 13, 1994
\@Leftmargin=\dimen108
\@Rightmargin=\dimen109
\@Topmargin=\dimen110
\@Bottommargin=\dimen111
) (/usr/share/texlive/texmf-dist/tex/latex/doublestroke/dsfont.sty
Package: dsfont 1995/08/01 v0.1 Double stroke roman fonts
)
(/usr/share/texlive/texmf-dist/tex/latex/graphics/graphicx.sty
Package: graphicx 2014/10/28 v1.0g Enhanced LaTeX Graphics (DPC,SPQR)

(/usr/share/texlive/texmf-dist/tex/latex/graphics/keyval.sty
Package: keyval 2014/10/28 v1.15 key=value parser (DPC)
\KV@toks@=\toks17
)
(/usr/share/texlive/texmf-dist/tex/latex/graphics/graphics.sty
Package: graphics 2014/10/28 v1.0p Standard LaTeX Graphics (DPC,SPQR)

(/usr/share/texlive/texmf-dist/tex/latex/graphics/trig.sty
Package: trig 1999/03/16 v1.09 sin cos tan (DPC)
)
(/usr/share/texlive/texmf-dist/tex/latex/latexconfig/graphics.cfg
File: graphics.cfg 2010/04/23 v1.9 graphics configuration of TeX Live
)
Package graphics Info: Driver file: dvips.def on input line 94.

(/usr/share/texlive/texmf-dist/tex/latex/graphics/dvips.def
File: dvips.def 2014/10/14 v3.0j Driver-dependent file (DPC,SPQR)
))
\Gin@req@height=\dimen112
\Gin@req@width=\dimen113
)
(/usr/share/texlive/texmf-dist/tex/latex/graphics/color.sty
Package: color 2014/10/28 v1.1a Standard LaTeX Color (DPC)

(/usr/share/texlive/texmf-dist/tex/latex/latexconfig/color.cfg
File: color.cfg 2007/01/18 v1.5 color configuration of teTeX/TeXLive
)
Package color Info: Driver file: pdftex.def on input line 142.

(/usr/share/texlive/texmf-dist/tex/latex/pdftex-def/pdftex.def
File: pdftex.def 2011/05/27 v0.06d Graphics/color for pdfTeX

(/usr/share/texlive/texmf-dist/tex/generic/oberdiek/infwarerr.sty
Package: infwarerr 2010/04/08 v1.3 Providing info/warning/error messages (HO)
)
(/usr/share/texlive/texmf-dist/tex/generic/oberdiek/ltxcmds.sty
Package: ltxcmds 2011/11/09 v1.22 LaTeX kernel commands for general use (HO)
)
\Gread@gobject=\count89
))
(/usr/share/texlive/texmf-dist/tex/latex/tools/multicol.sty
Package: multicol 2015/08/19 v1.8n multicolumn formatting (FMi)
\c@tracingmulticols=\count90
\mult@box=\box26
\multicol@leftmargin=\dimen114
\c@unbalance=\count91
\c@collectmore=\count92
\doublecol@number=\count93
\multicoltolerance=\count94
\multicolpretolerance=\count95
\full@width=\dimen115
\page@free=\dimen116
\premulticols=\dimen117
\postmulticols=\dimen118
\multicolsep=\skip53
\multicolbaselineskip=\skip54
\partial@page=\box27
\last@line=\box28
\maxbalancingoverflow=\dimen119
\mult@rightbox=\box29
\mult@grightbox=\box30
\mult@gfirstbox=\box31
\mult@firstbox=\box32
\@tempa=\box33
\@tempa=\box34
\@tempa=\box35
\@tempa=\box36
\@tempa=\box37
\@tempa=\box38
\@tempa=\box39
\@tempa=\box40
\@tempa=\box41
\@tempa=\box42
\@tempa=\box43
\@tempa=\box44
\@tempa=\box45
\@tempa=\box46
\@tempa=\box47
\@tempa=\box48
\@tempa=\box49
\c@columnbadness=\count96
\c@finalcolumnbadness=\count97
\last@try=\dimen120
\multicolovershoot=\dimen121
\multicolundershoot=\dimen122
\mult@nat@firstbox=\box50
\colbreak@box=\box51
\mc@col@check@num=\count98
)
(/usr/share/texlive/texmf-dist/tex/latex/listings/listings.sty
\lst@mode=\count99
\lst@gtempboxa=\box52
\lst@token=\toks18
\lst@length=\count100
\lst@currlwidth=\dimen123
\lst@column=\count101
\lst@pos=\count102
\lst@lostspace=\dimen124
\lst@width=\dimen125
\lst@newlines=\count103
\lst@lineno=\count104
\lst@maxwidth=\dimen126

(/usr/share/texlive/texmf-dist/tex/latex/listings/lstmisc.sty
File: lstmisc.sty 2015/06/04 1.6 (Carsten Heinz)
\c@lstnumber=\count105
\lst@skipnumbers=\count106
\lst@framebox=\box53
)
(/usr/share/texlive/texmf-dist/tex/latex/listings/listings.cfg
File: listings.cfg 2015/06/04 1.6 listings configuration
))
Package: listings 2015/06/04 1.6 (Carsten Heinz)

(/usr/share/texlive/texmf-dist/tex/latex/hyperref/hyperref.sty
Package: hyperref 2012/11/06 v6.83m Hypertext links for LaTeX

(/usr/share/texlive/texmf-dist/tex/generic/oberdiek/hobsub-hyperref.sty
Package: hobsub-hyperref 2012/05/28 v1.13 Bundle oberdiek, subset hyperref (HO)


(/usr/share/texlive/texmf-dist/tex/generic/oberdiek/hobsub-generic.sty
Package: hobsub-generic 2012/05/28 v1.13 Bundle oberdiek, subset generic (HO)
Package: hobsub 2012/05/28 v1.13 Construct package bundles (HO)
Package hobsub Info: Skipping package `infwarerr' (already loaded).
Package hobsub Info: Skipping package `ltxcmds' (already loaded).
Package: ifluatex 2010/03/01 v1.3 Provides the ifluatex switch (HO)
Package ifluatex Info: LuaTeX not detected.
Package: ifvtex 2010/03/01 v1.5 Detect VTeX and its facilities (HO)
Package ifvtex Info: VTeX not detected.
Package: intcalc 2007/09/27 v1.1 Expandable calculations with integers (HO)
Package: ifpdf 2011/01/30 v2.3 Provides the ifpdf switch (HO)
Package ifpdf Info: pdfTeX in PDF mode is detected.
Package: etexcmds 2011/02/16 v1.5 Avoid name clashes with e-TeX commands (HO)
Package etexcmds Info: Could not find \expanded.
(etexcmds)             That can mean that you are not using pdfTeX 1.50 or
(etexcmds)             that some package has redefined \expanded.
(etexcmds)             In the latter case, load this package earlier.
Package: kvsetkeys 2012/04/25 v1.16 Key value parser (HO)
Package: kvdefinekeys 2011/04/07 v1.3 Define keys (HO)
Package: pdftexcmds 2011/11/29 v0.20 Utility functions of pdfTeX for LuaTeX (HO
)
Package pdftexcmds Info: LuaTeX not detected.
Package pdftexcmds Info: \pdf@primitive is available.
Package pdftexcmds Info: \pdf@ifprimitive is available.
Package pdftexcmds Info: \pdfdraftmode found.
Package: pdfescape 2011/11/25 v1.13 Implements pdfTeX's escape features (HO)
Package: bigintcalc 2012/04/08 v1.3 Expandable calculations on big integers (HO
)
Package: bitset 2011/01/30 v1.1 Handle bit-vector datatype (HO)
Package: uniquecounter 2011/01/30 v1.2 Provide unlimited unique counter (HO)
)
Package hobsub Info: Skipping package `hobsub' (already loaded).
Package: letltxmacro 2010/09/02 v1.4 Let assignment for LaTeX macros (HO)
Package: hopatch 2012/05/28 v1.2 Wrapper for package hooks (HO)
Package: xcolor-patch 2011/01/30 xcolor patch
Package: atveryend 2011/06/30 v1.8 Hooks at the very end of document (HO)
Package atveryend Info: \enddocument detected (standard20110627).
Package: atbegshi 2011/10/05 v1.16 At begin shipout hook (HO)
Package: refcount 2011/10/16 v3.4 Data extraction from label references (HO)
Package: hycolor 2011/01/30 v1.7 Color options for hyperref/bookmark (HO)
)
(/usr/share/texlive/texmf-dist/tex/generic/ifxetex/ifxetex.sty
Package: ifxetex 2010/09/12 v0.6 Provides ifxetex conditional
)
(/usr/share/texlive/texmf-dist/tex/latex/oberdiek/auxhook.sty
Package: auxhook 2011/03/04 v1.3 Hooks for auxiliary files (HO)
)
(/usr/share/texlive/texmf-dist/tex/latex/oberdiek/kvoptions.sty
Package: kvoptions 2011/06/30 v3.11 Key value format for package options (HO)
)
\@linkdim=\dimen127
\Hy@linkcounter=\count107
\Hy@pagecounter=\count108

(/usr/share/texlive/texmf-dist/tex/latex/hyperref/pd1enc.def
File: pd1enc.def 2012/11/06 v6.83m Hyperref: PDFDocEncoding definition (HO)
Now handling font encoding PD1 ...
... no UTF-8 mapping file for font encoding PD1
)
\Hy@SavedSpaceFactor=\count109

(/usr/share/texlive/texmf-dist/tex/latex/latexconfig/hyperref.cfg
File: hyperref.cfg 2002/06/06 v1.2 hyperref configuration of TeXLive
)
Package hyperref Info: Hyper figures OFF on input line 4443.
Package hyperref Info: Link nesting OFF on input line 4448.
Package hyperref Info: Hyper index ON on input line 4451.
Package hyperref Info: Plain pages OFF on input line 4458.
Package hyperref Info: Backreferencing OFF on input line 4463.
Package hyperref Info: Implicit mode ON; LaTeX internals redefined.
Package hyperref Info: Bookmarks ON on input line 4688.
\c@Hy@tempcnt=\count110

(/usr/share/texlive/texmf-dist/tex/latex/url/url.sty
\Urlmuskip=\muskip10
Package: url 2013/09/16  ver 3.4  Verb mode for urls, etc.
)
LaTeX Info: Redefining \url on input line 5041.
\XeTeXLinkMargin=\dimen128
\Fld@menulength=\count111
\Field@Width=\dimen129
\Fld@charsize=\dimen130
Package hyperref Info: Hyper figures OFF on input line 6295.
Package hyperref Info: Link nesting OFF on input line 6300.
Package hyperref Info: Hyper index ON on input line 6303.
Package hyperref Info: backreferencing OFF on input line 6310.
Package hyperref Info: Link coloring OFF on input line 6315.
Package hyperref Info: Link coloring with OCG OFF on input line 6320.
Package hyperref Info: PDF/A mode OFF on input line 6325.
LaTeX Info: Redefining \ref on input line 6365.
LaTeX Info: Redefining \pageref on input line 6369.
\Hy@abspage=\count112
\c@Item=\count113
\c@Hfootnote=\count114
)

Package hyperref Message: Driver (autodetected): hpdftex.

(/usr/share/texlive/texmf-dist/tex/latex/hyperref/hpdftex.def
File: hpdftex.def 2012/11/06 v6.83m Hyperref driver for pdfTeX
\Fld@listcount=\count115
\c@bookmark@seq@number=\count116

(/usr/share/texlive/texmf-dist/tex/latex/oberdiek/rerunfilecheck.sty
Package: rerunfilecheck 2011/04/15 v1.7 Rerun checks for auxiliary files (HO)
Package uniquecounter Info: New unique counter `rerunfilecheck' on input line 2
82.
)
\Hy@SectionHShift=\skip55
)
(/usr/share/texlive/texmf-dist/tex/latex/setspace/setspace.sty
Package: setspace 2011/12/19 v6.7a set line spacing
)
(/usr/share/texlive/texmf-dist/tex/latex/base/makeidx.sty
Package: makeidx 2014/09/29 v1.0m Standard LaTeX package
)
\@indexfile=\write3
\openout3 = `head.idx'.


Writing index file head.idx
(/usr/share/texlive/texmf-dist/tex/latex/float/float.sty
Package: float 2001/11/08 v1.3d Float enhancements (AL)
\c@float@type=\count117
\float@exts=\toks19
\float@box=\box54
\@float@everytoks=\toks20
\@floatcapt=\box55
)
\@float@every@table=\toks21

(/usr/share/texlive/texmf-dist/tex/latex/placeins/placeins.sty
Package: placeins 2005/04/18  v 2.2
)
(/usr/share/texlive/texmf-dist/tex/generic/epsf/epsf.sty
This is `epsf.tex' v2.7.4 <14 February 2011>
\epsffilein=\read1
\epsfframemargin=\dimen131
\epsfframethickness=\dimen132
\epsfrsize=\dimen133
\epsftmp=\dimen134
\epsftsize=\dimen135
\epsfxsize=\dimen136
\epsfysize=\dimen137
\pspoints=\dimen138
) (/usr/share/texlive/texmf-dist/tex/latex/titlesec/titlesec.sty
Package: titlesec 2011/12/15 v2.10.0 Sectioning titles
\ttl@box=\box56
\beforetitleunit=\skip56
\aftertitleunit=\skip57
\ttl@plus=\dimen139
\ttl@minus=\dimen140
\ttl@toksa=\toks22
\titlewidth=\dimen141
\titlewidthlast=\dimen142
\titlewidthfirst=\dimen143
)
(/usr/share/texlive/texmf-dist/tex/latex/amscls/amsthm.sty
Package: amsthm 2015/03/04 v2.20.2
\thm@style=\toks23
\thm@bodyfont=\toks24
\thm@headfont=\toks25
\thm@notefont=\toks26
\thm@headpunct=\toks27
\thm@preskip=\skip58
\thm@postskip=\skip59
\thm@headsep=\skip60
\dth@everypar=\toks28
)
(/usr/share/texlive/texmf-dist/tex/latex/amsmath/amsmath.sty
Package: amsmath 2013/01/14 v2.14 AMS math features
\@mathmargin=\skip61

For additional information on amsmath, use the `?' option.
(/usr/share/texlive/texmf-dist/tex/latex/amsmath/amstext.sty
Package: amstext 2000/06/29 v2.01

(/usr/share/texlive/texmf-dist/tex/latex/amsmath/amsgen.sty
File: amsgen.sty 1999/11/30 v2.0
\@emptytoks=\toks29
\ex@=\dimen144
))
(/usr/share/texlive/texmf-dist/tex/latex/amsmath/amsbsy.sty
Package: amsbsy 1999/11/29 v1.2d
\pmbraise@=\dimen145
)
(/usr/share/texlive/texmf-dist/tex/latex/amsmath/amsopn.sty
Package: amsopn 1999/12/14 v2.01 operator names
)
\inf@bad=\count118
LaTeX Info: Redefining \frac on input line 210.
\uproot@=\count119
\leftroot@=\count120
LaTeX Info: Redefining \overline on input line 306.
\classnum@=\count121
\DOTSCASE@=\count122
LaTeX Info: Redefining \ldots on input line 378.
LaTeX Info: Redefining \dots on input line 381.
LaTeX Info: Redefining \cdots on input line 466.
\Mathstrutbox@=\box57
\strutbox@=\box58
\big@size=\dimen146
LaTeX Font Info:    Redeclaring font encoding OML on input line 566.
LaTeX Font Info:    Redeclaring font encoding OMS on input line 567.
\macc@depth=\count123
\c@MaxMatrixCols=\count124
\dotsspace@=\muskip11
\c@parentequation=\count125
\dspbrk@lvl=\count126
\tag@help=\toks30
\row@=\count127
\column@=\count128
\maxfields@=\count129
\andhelp@=\toks31
\eqnshift@=\dimen147
\alignsep@=\dimen148
\tagshift@=\dimen149
\tagwidth@=\dimen150
\totwidth@=\dimen151
\lineht@=\dimen152
\@envbody=\toks32
\multlinegap=\skip62
\multlinetaggap=\skip63
\mathdisplay@stack=\toks33
LaTeX Info: Redefining \[ on input line 2665.
LaTeX Info: Redefining \] on input line 2666.
)
(/usr/share/texlive/texmf-dist/tex/latex/tools/array.sty
Package: array 2014/10/28 v2.4c Tabular extension package (FMi)
\col@sep=\dimen153
\extrarowheight=\dimen154
\NC@list=\toks34
\extratabsurround=\skip64
\backup@length=\skip65
)
(/usr/share/texlive/texmf-dist/tex/latex/eurosym/eurosym.sty
Package: eurosym 1998/08/06 v1.1 European currency symbol ``Euro''
\@eurobox=\box59
)
(/usr/share/texlive/texmf-dist/tex/latex/fancybox/fancybox.sty
Package: fancybox 2010/05/15 1.4

Style option: `fancybox' v1.4 <2010/05/15> (tvz)
\@fancybox=\box60
\shadowsize=\dimen155
\@Sbox=\box61
\do@VerbBox=\toks35
\the@fancyput=\toks36
\this@fancyput=\toks37
\EndVerbatimTokens=\toks38
\Verbatim@Outfile=\write4
\Verbatim@Infile=\read2
) (/usr/share/texlive/texmf-dist/tex/latex/base/fontenc.sty
Package: fontenc 2005/09/27 v1.99g Standard LaTeX package

(/usr/share/texlive/texmf-dist/tex/latex/base/t1enc.def
File: t1enc.def 2005/09/27 v1.99g Standard LaTeX file
LaTeX Font Info:    Redeclaring font encoding T1 on input line 48.
)) (./head.aux
LaTeX Info: Redefining \. on input line 23.
LaTeX Info: Redefining \% on input line 23.
)
\openout1 = `head.aux'.

LaTeX Font Info:    Checking defaults for OML/cmm/m/it on input line 329.
LaTeX Font Info:    ... okay on input line 329.
LaTeX Font Info:    Checking defaults for T1/cmr/m/n on input line 329.
LaTeX Font Info:    ... okay on input line 329.
LaTeX Font Info:    Checking defaults for OT1/cmr/m/n on input line 329.
LaTeX Font Info:    ... okay on input line 329.
LaTeX Font Info:    Checking defaults for OMS/cmsy/m/n on input line 329.
LaTeX Font Info:    ... okay on input line 329.
LaTeX Font Info:    Checking defaults for OMX/cmex/m/n on input line 329.
LaTeX Font Info:    ... okay on input line 329.
LaTeX Font Info:    Checking defaults for U/cmr/m/n on input line 329.
LaTeX Font Info:    ... okay on input line 329.
LaTeX Font Info:    Checking defaults for PD1/pdf/m/n on input line 329.
LaTeX Font Info:    ... okay on input line 329.
LaTeX Info: Redefining \. on input line 329.
LaTeX Info: Redefining \% on input line 329.

(/usr/share/texlive/texmf-dist/tex/latex/oberdiek/epstopdf-base.sty
Package: epstopdf-base 2010/02/09 v2.5 Base part for package epstopdf

(/usr/share/texlive/texmf-dist/tex/latex/oberdiek/grfext.sty
Package: grfext 2010/08/19 v1.1 Manage graphics extensions (HO)
)
Package epstopdf-base Info: Redefining graphics rule for `.eps' on input line 4
34.
Package grfext Info: Graphics extension search list:
(grfext)             [.png,.pdf,.jpg,.mps,.jpeg,.jbig2,.jb2,.PNG,.PDF,.JPG,.JPE
G,.JBIG2,.JB2,.eps]
(grfext)             \AppendGraphicsExtensions on input line 452.

(/usr/share/texlive/texmf-dist/tex/latex/latexconfig/epstopdf-sys.cfg
File: epstopdf-sys.cfg 2010/07/13 v1.3 Configuration of (r)epstopdf for TeX Liv
e
))
(/usr/share/texlive/texmf-dist/tex/context/base/supp-pdf.mkii
[Loading MPS to PDF converter (version 2006.09.02).]
\scratchcounter=\count130
\scratchdimen=\dimen156
\scratchbox=\box62
\nofMPsegments=\count131
\nofMParguments=\count132
\everyMPshowfont=\toks39
\MPscratchCnt=\count133
\MPscratchDim=\dimen157
\MPnumerator=\count134
\makeMPintoPDFobject=\count135
\everyMPtoPDFconversion=\toks40
)
\c@lstlisting=\count136
\AtBeginShipoutBox=\box63
Package hyperref Info: Link coloring OFF on input line 329.
 (/usr/share/texlive/texmf-dist/tex/latex/hyperref/nameref.sty
Package: nameref 2012/10/27 v2.43 Cross-referencing by name of section

(/usr/share/texlive/texmf-dist/tex/generic/oberdiek/gettitlestring.sty
Package: gettitlestring 2010/12/03 v1.4 Cleanup title references (HO)
)
\c@section@level=\count137
)
LaTeX Info: Redefining \ref on input line 329.
LaTeX Info: Redefining \pageref on input line 329.
LaTeX Info: Redefining \nameref on input line 329.

(./head.out) (./head.out)
\@outlinefile=\write5
\openout5 = `head.out'.

 <logo-doc.png, id=176, 94.56607pt x 48.05186pt>
File: logo-doc.png Graphic file (type png)

<use logo-doc.png>
Package pdftex.def Info: logo-doc.png used on input line 332.
(pdftex.def)             Requested size: 236.41457pt x 120.12935pt.
Package babel Info: Redefining spanish shorthand <<
(babel)             in language  on input line 333.
Package babel Info: Redefining spanish shorthand >>
(babel)             in language  on input line 333.
Package babel Info: Redefining spanish shorthand "=
(babel)             in language  on input line 333.
Package babel Info: Redefining spanish shorthand "~
(babel)             in language  on input line 333.
Package babel Info: Redefining spanish shorthand "!
(babel)             in language  on input line 333.
Package babel Info: Redefining spanish shorthand "?
(babel)             in language  on input line 333.
Package babel Info: Redefining spanish shorthand <<
(babel)             in language  on input line 333.
Package babel Info: Redefining spanish shorthand >>
(babel)             in language  on input line 333.
Package babel Info: Redefining spanish shorthand "=
(babel)             in language  on input line 333.
Package babel Info: Redefining spanish shorthand "~
(babel)             in language  on input line 333.
Package babel Info: Redefining spanish shorthand "!
(babel)             in language  on input line 333.
Package babel Info: Redefining spanish shorthand "?
(babel)             in language  on input line 333.
 [1

{/var/lib/texmf/fonts/map/pdftex/updmap/pdftex.map} <./logo-doc.png>] (./head.t
oc
LaTeX Info: Redefining \. on input line 1.
LaTeX Info: Redefining \% on input line 1.
Package babel Info: Redefining spanish shorthand <<
(babel)             in language  on input line 23.
Package babel Info: Redefining spanish shorthand >>
(babel)             in language  on input line 23.
Package babel Info: Redefining spanish shorthand "=
(babel)             in language  on input line 23.
Package babel Info: Redefining spanish shorthand "~
(babel)             in language  on input line 23.
Package babel Info: Redefining spanish shorthand "!
(babel)             in language  on input line 23.
Package babel Info: Redefining spanish shorthand "?
(babel)             in language  on input line 23.
Package babel Info: Redefining spanish shorthand <<
(babel)             in language  on input line 23.
Package babel Info: Redefining spanish shorthand >>
(babel)             in language  on input line 23.
Package babel Info: Redefining spanish shorthand "=
(babel)             in language  on input line 23.
Package babel Info: Redefining spanish shorthand "~
(babel)             in language  on input line 23.
Package babel Info: Redefining spanish shorthand "!
(babel)             in language  on input line 23.
Package babel Info: Redefining spanish shorthand "?
(babel)             in language  on input line 23.
 [2]
Package babel Info: Redefining spanish shorthand <<
(babel)             in language  on input line 43.
Package babel Info: Redefining spanish shorthand >>
(babel)             in language  on input line 43.
Package babel Info: Redefining spanish shorthand "=
(babel)             in language  on input line 43.
Package babel Info: Redefining spanish shorthand "~
(babel)             in language  on input line 43.
Package babel Info: Redefining spanish shorthand "!
(babel)             in language  on input line 43.
Package babel Info: Redefining spanish shorthand "?
(babel)             in language  on input line 43.
Package babel Info: Redefining spanish shorthand <<
(babel)             in language  on input line 43.
Package babel Info: Redefining spanish shorthand >>
(babel)             in language  on input line 43.
Package babel Info: Redefining spanish shorthand "=
(babel)             in language  on input line 43.
Package babel Info: Redefining spanish shorthand "~
(babel)             in language  on input line 43.
Package babel Info: Redefining spanish shorthand "!
(babel)             in language  on input line 43.
Package babel Info: Redefining spanish shorthand "?
(babel)             in language  on input line 43.
 [3])
\tf@toc=\write6
\openout6 = `head.toc'.

Package babel Info: Redefining spanish shorthand <<
(babel)             in language  on input line 335.
Package babel Info: Redefining spanish shorthand >>
(babel)             in language  on input line 335.
Package babel Info: Redefining spanish shorthand "=
(babel)             in language  on input line 335.
Package babel Info: Redefining spanish shorthand "~
(babel)             in language  on input line 335.
Package babel Info: Redefining spanish shorthand "!
(babel)             in language  on input line 335.
Package babel Info: Redefining spanish shorthand "?
(babel)             in language  on input line 335.
Package babel Info: Redefining spanish shorthand <<
(babel)             in language  on input line 335.
Package babel Info: Redefining spanish shorthand >>
(babel)             in language  on input line 335.
Package babel Info: Redefining spanish shorthand "=
(babel)             in language  on input line 335.
Package babel Info: Redefining spanish shorthand "~
(babel)             in language  on input line 335.
Package babel Info: Redefining spanish shorthand "!
(babel)             in language  on input line 335.
Package babel Info: Redefining spanish shorthand "?
(babel)             in language  on input line 335.
 [4] (./resumen.tex
Package babel Info: Redefining spanish shorthand <<
(babel)             in language  on input line 1.
Package babel Info: Redefining spanish shorthand >>
(babel)             in language  on input line 1.
Package babel Info: Redefining spanish shorthand "=
(babel)             in language  on input line 1.
Package babel Info: Redefining spanish shorthand "~
(babel)             in language  on input line 1.
Package babel Info: Redefining spanish shorthand "!
(babel)             in language  on input line 1.
Package babel Info: Redefining spanish shorthand "?
(babel)             in language  on input line 1.
Package babel Info: Redefining spanish shorthand <<
(babel)             in language  on input line 5.
Package babel Info: Redefining spanish shorthand >>
(babel)             in language  on input line 5.
Package babel Info: Redefining spanish shorthand "=
(babel)             in language  on input line 5.
Package babel Info: Redefining spanish shorthand "~
(babel)             in language  on input line 5.
Package babel Info: Redefining spanish shorthand "!
(babel)             in language  on input line 5.
Package babel Info: Redefining spanish shorthand "?
(babel)             in language  on input line 5.
Package babel Info: Redefining spanish shorthand <<
(babel)             in language  on input line 10.
Package babel Info: Redefining spanish shorthand >>
(babel)             in language  on input line 10.
Package babel Info: Redefining spanish shorthand "=
(babel)             in language  on input line 10.
Package babel Info: Redefining spanish shorthand "~
(babel)             in language  on input line 10.
Package babel Info: Redefining spanish shorthand "!
(babel)             in language  on input line 10.
Package babel Info: Redefining spanish shorthand "?
(babel)             in language  on input line 10.
Package babel Info: Redefining spanish shorthand <<
(babel)             in language  on input line 11.
Package babel Info: Redefining spanish shorthand >>
(babel)             in language  on input line 11.
Package babel Info: Redefining spanish shorthand "=
(babel)             in language  on input line 11.
Package babel Info: Redefining spanish shorthand "~
(babel)             in language  on input line 11.
Package babel Info: Redefining spanish shorthand "!
(babel)             in language  on input line 11.
Package babel Info: Redefining spanish shorthand "?
(babel)             in language  on input line 11.
Package babel Info: Redefining spanish shorthand <<
(babel)             in language  on input line 32.
Package babel Info: Redefining spanish shorthand >>
(babel)             in language  on input line 32.
Package babel Info: Redefining spanish shorthand "=
(babel)             in language  on input line 32.
Package babel Info: Redefining spanish shorthand "~
(babel)             in language  on input line 32.
Package babel Info: Redefining spanish shorthand "!
(babel)             in language  on input line 32.
Package babel Info: Redefining spanish shorthand "?
(babel)             in language  on input line 32.
Package babel Info: Redefining spanish shorthand <<
(babel)             in language  on input line 32.
Package babel Info: Redefining spanish shorthand >>
(babel)             in language  on input line 32.
Package babel Info: Redefining spanish shorthand "=
(babel)             in language  on input line 32.
Package babel Info: Redefining spanish shorthand "~
(babel)             in language  on input line 32.
Package babel Info: Redefining spanish shorthand "!
(babel)             in language  on input line 32.
Package babel Info: Redefining spanish shorthand "?
(babel)             in language  on input line 32.
 [5]
Package babel Info: Redefining spanish shorthand <<
(babel)             in language  on input line 33.
Package babel Info: Redefining spanish shorthand >>
(babel)             in language  on input line 33.
Package babel Info: Redefining spanish shorthand "=
(babel)             in language  on input line 33.
Package babel Info: Redefining spanish shorthand "~
(babel)             in language  on input line 33.
Package babel Info: Redefining spanish shorthand "!
(babel)             in language  on input line 33.
Package babel Info: Redefining spanish shorthand "?
(babel)             in language  on input line 33.
Package babel Info: Redefining spanish shorthand <<
(babel)             in language  on input line 46.
Package babel Info: Redefining spanish shorthand >>
(babel)             in language  on input line 46.
Package babel Info: Redefining spanish shorthand "=
(babel)             in language  on input line 46.
Package babel Info: Redefining spanish shorthand "~
(babel)             in language  on input line 46.
Package babel Info: Redefining spanish shorthand "!
(babel)             in language  on input line 46.
Package babel Info: Redefining spanish shorthand "?
(babel)             in language  on input line 46.
Package babel Info: Redefining spanish shorthand <<
(babel)             in language  on input line 50.
Package babel Info: Redefining spanish shorthand >>
(babel)             in language  on input line 50.
Package babel Info: Redefining spanish shorthand "=
(babel)             in language  on input line 50.
Package babel Info: Redefining spanish shorthand "~
(babel)             in language  on input line 50.
Package babel Info: Redefining spanish shorthand "!
(babel)             in language  on input line 50.
Package babel Info: Redefining spanish shorthand "?
(babel)             in language  on input line 50.
Package babel Info: Redefining spanish shorthand <<
(babel)             in language  on input line 55.
Package babel Info: Redefining spanish shorthand >>
(babel)             in language  on input line 55.
Package babel Info: Redefining spanish shorthand "=
(babel)             in language  on input line 55.
Package babel Info: Redefining spanish shorthand "~
(babel)             in language  on input line 55.
Package babel Info: Redefining spanish shorthand "!
(babel)             in language  on input line 55.
Package babel Info: Redefining spanish shorthand "?
(babel)             in language  on input line 55.
Package babel Info: Redefining spanish shorthand <<
(babel)             in language  on input line 59.
Package babel Info: Redefining spanish shorthand >>
(babel)             in language  on input line 59.
Package babel Info: Redefining spanish shorthand "=
(babel)             in language  on input line 59.
Package babel Info: Redefining spanish shorthand "~
(babel)             in language  on input line 59.
Package babel Info: Redefining spanish shorthand "!
(babel)             in language  on input line 59.
Package babel Info: Redefining spanish shorthand "?
(babel)             in language  on input line 59.
Package babel Info: Redefining spanish shorthand <<
(babel)             in language  on input line 59.
Package babel Info: Redefining spanish shorthand >>
(babel)             in language  on input line 59.
Package babel Info: Redefining spanish shorthand "=
(babel)             in language  on input line 59.
Package babel Info: Redefining spanish shorthand "~
(babel)             in language  on input line 59.
Package babel Info: Redefining spanish shorthand "!
(babel)             in language  on input line 59.
Package babel Info: Redefining spanish shorthand "?
(babel)             in language  on input line 59.
 [6]
Package babel Info: Redefining spanish shorthand <<
(babel)             in language  on input line 60.
Package babel Info: Redefining spanish shorthand >>
(babel)             in language  on input line 60.
Package babel Info: Redefining spanish shorthand "=
(babel)             in language  on input line 60.
Package babel Info: Redefining spanish shorthand "~
(babel)             in language  on input line 60.
Package babel Info: Redefining spanish shorthand "!
(babel)             in language  on input line 60.
Package babel Info: Redefining spanish shorthand "?
(babel)             in language  on input line 60.
Package babel Info: Redefining spanish shorthand <<
(babel)             in language  on input line 66.
Package babel Info: Redefining spanish shorthand >>
(babel)             in language  on input line 66.
Package babel Info: Redefining spanish shorthand "=
(babel)             in language  on input line 66.
Package babel Info: Redefining spanish shorthand "~
(babel)             in language  on input line 66.
Package babel Info: Redefining spanish shorthand "!
(babel)             in language  on input line 66.
Package babel Info: Redefining spanish shorthand "?
(babel)             in language  on input line 66.
Package babel Info: Redefining spanish shorthand <<
(babel)             in language  on input line 70.
Package babel Info: Redefining spanish shorthand >>
(babel)             in language  on input line 70.
Package babel Info: Redefining spanish shorthand "=
(babel)             in language  on input line 70.
Package babel Info: Redefining spanish shorthand "~
(babel)             in language  on input line 70.
Package babel Info: Redefining spanish shorthand "!
(babel)             in language  on input line 70.
Package babel Info: Redefining spanish shorthand "?
(babel)             in language  on input line 70.
Package babel Info: Redefining spanish shorthand <<
(babel)             in language  on input line 71.
Package babel Info: Redefining spanish shorthand >>
(babel)             in language  on input line 71.
Package babel Info: Redefining spanish shorthand "=
(babel)             in language  on input line 71.
Package babel Info: Redefining spanish shorthand "~
(babel)             in language  on input line 71.
Package babel Info: Redefining spanish shorthand "!
(babel)             in language  on input line 71.
Package babel Info: Redefining spanish shorthand "?
(babel)             in language  on input line 71.
Package babel Info: Redefining spanish shorthand <<
(babel)             in language  on input line 77.
Package babel Info: Redefining spanish shorthand >>
(babel)             in language  on input line 77.
Package babel Info: Redefining spanish shorthand "=
(babel)             in language  on input line 77.
Package babel Info: Redefining spanish shorthand "~
(babel)             in language  on input line 77.
Package babel Info: Redefining spanish shorthand "!
(babel)             in language  on input line 77.
Package babel Info: Redefining spanish shorthand "?
(babel)             in language  on input line 77.
Package babel Info: Redefining spanish shorthand <<
(babel)             in language  on input line 81.
Package babel Info: Redefining spanish shorthand >>
(babel)             in language  on input line 81.
Package babel Info: Redefining spanish shorthand "=
(babel)             in language  on input line 81.
Package babel Info: Redefining spanish shorthand "~
(babel)             in language  on input line 81.
Package babel Info: Redefining spanish shorthand "!
(babel)             in language  on input line 81.
Package babel Info: Redefining spanish shorthand "?
(babel)             in language  on input line 81.
Package babel Info: Redefining spanish shorthand <<
(babel)             in language  on input line 81.
Package babel Info: Redefining spanish shorthand >>
(babel)             in language  on input line 81.
Package babel Info: Redefining spanish shorthand "=
(babel)             in language  on input line 81.
Package babel Info: Redefining spanish shorthand "~
(babel)             in language  on input line 81.
Package babel Info: Redefining spanish shorthand "!
(babel)             in language  on input line 81.
Package babel Info: Redefining spanish shorthand "?
(babel)             in language  on input line 81.
 [7]
LaTeX Font Info:    Try loading font information for OMS+cmr on input line 85.

(/usr/share/texlive/texmf-dist/tex/latex/base/omscmr.fd
File: omscmr.fd 2014/09/29 v2.5h Standard LaTeX font definitions
)
LaTeX Font Info:    Font shape `OMS/cmr/m/n' in size <12> not available
(Font)              Font shape `OMS/cmsy/m/n' tried instead on input line 85.
Package babel Info: Redefining spanish shorthand <<
(babel)             in language  on input line 97.
Package babel Info: Redefining spanish shorthand >>
(babel)             in language  on input line 97.
Package babel Info: Redefining spanish shorthand "=
(babel)             in language  on input line 97.
Package babel Info: Redefining spanish shorthand "~
(babel)             in language  on input line 97.
Package babel Info: Redefining spanish shorthand "!
(babel)             in language  on input line 97.
Package babel Info: Redefining spanish shorthand "?
(babel)             in language  on input line 97.
Package babel Info: Redefining spanish shorthand <<
(babel)             in language  on input line 102.
Package babel Info: Redefining spanish shorthand >>
(babel)             in language  on input line 102.
Package babel Info: Redefining spanish shorthand "=
(babel)             in language  on input line 102.
Package babel Info: Redefining spanish shorthand "~
(babel)             in language  on input line 102.
Package babel Info: Redefining spanish shorthand "!
(babel)             in language  on input line 102.
Package babel Info: Redefining spanish shorthand "?
(babel)             in language  on input line 102.
Package babel Info: Redefining spanish shorthand <<
(babel)             in language  on input line 111.
Package babel Info: Redefining spanish shorthand >>
(babel)             in language  on input line 111.
Package babel Info: Redefining spanish shorthand "=
(babel)             in language  on input line 111.
Package babel Info: Redefining spanish shorthand "~
(babel)             in language  on input line 111.
Package babel Info: Redefining spanish shorthand "!
(babel)             in language  on input line 111.
Package babel Info: Redefining spanish shorthand "?
(babel)             in language  on input line 111.
Package babel Info: Redefining spanish shorthand <<
(babel)             in language  on input line 111.
Package babel Info: Redefining spanish shorthand >>
(babel)             in language  on input line 111.
Package babel Info: Redefining spanish shorthand "=
(babel)             in language  on input line 111.
Package babel Info: Redefining spanish shorthand "~
(babel)             in language  on input line 111.
Package babel Info: Redefining spanish shorthand "!
(babel)             in language  on input line 111.
Package babel Info: Redefining spanish shorthand "?
(babel)             in language  on input line 111.
 [8]
Package babel Info: Redefining spanish shorthand <<
(babel)             in language  on input line 111.
Package babel Info: Redefining spanish shorthand >>
(babel)             in language  on input line 111.
Package babel Info: Redefining spanish shorthand "=
(babel)             in language  on input line 111.
Package babel Info: Redefining spanish shorthand "~
(babel)             in language  on input line 111.
Package babel Info: Redefining spanish shorthand "!
(babel)             in language  on input line 111.
Package babel Info: Redefining spanish shorthand "?
(babel)             in language  on input line 111.
Package babel Info: Redefining spanish shorthand <<
(babel)             in language  on input line 130.
Package babel Info: Redefining spanish shorthand >>
(babel)             in language  on input line 130.
Package babel Info: Redefining spanish shorthand "=
(babel)             in language  on input line 130.
Package babel Info: Redefining spanish shorthand "~
(babel)             in language  on input line 130.
Package babel Info: Redefining spanish shorthand "!
(babel)             in language  on input line 130.
Package babel Info: Redefining spanish shorthand "?
(babel)             in language  on input line 130.
Package babel Info: Redefining spanish shorthand <<
(babel)             in language  on input line 136.
Package babel Info: Redefining spanish shorthand >>
(babel)             in language  on input line 136.
Package babel Info: Redefining spanish shorthand "=
(babel)             in language  on input line 136.
Package babel Info: Redefining spanish shorthand "~
(babel)             in language  on input line 136.
Package babel Info: Redefining spanish shorthand "!
(babel)             in language  on input line 136.
Package babel Info: Redefining spanish shorthand "?
(babel)             in language  on input line 136.
Package babel Info: Redefining spanish shorthand <<
(babel)             in language  on input line 137.
Package babel Info: Redefining spanish shorthand >>
(babel)             in language  on input line 137.
Package babel Info: Redefining spanish shorthand "=
(babel)             in language  on input line 137.
Package babel Info: Redefining spanish shorthand "~
(babel)             in language  on input line 137.
Package babel Info: Redefining spanish shorthand "!
(babel)             in language  on input line 137.
Package babel Info: Redefining spanish shorthand "?
(babel)             in language  on input line 137.
Package babel Info: Redefining spanish shorthand <<
(babel)             in language  on input line 142.
Package babel Info: Redefining spanish shorthand >>
(babel)             in language  on input line 142.
Package babel Info: Redefining spanish shorthand "=
(babel)             in language  on input line 142.
Package babel Info: Redefining spanish shorthand "~
(babel)             in language  on input line 142.
Package babel Info: Redefining spanish shorthand "!
(babel)             in language  on input line 142.
Package babel Info: Redefining spanish shorthand "?
(babel)             in language  on input line 142.
Package babel Info: Redefining spanish shorthand <<
(babel)             in language  on input line 142.
Package babel Info: Redefining spanish shorthand >>
(babel)             in language  on input line 142.
Package babel Info: Redefining spanish shorthand "=
(babel)             in language  on input line 142.
Package babel Info: Redefining spanish shorthand "~
(babel)             in language  on input line 142.
Package babel Info: Redefining spanish shorthand "!
(babel)             in language  on input line 142.
Package babel Info: Redefining spanish shorthand "?
(babel)             in language  on input line 142.
 [9]
Package babel Info: Redefining spanish shorthand <<
(babel)             in language  on input line 143.
Package babel Info: Redefining spanish shorthand >>
(babel)             in language  on input line 143.
Package babel Info: Redefining spanish shorthand "=
(babel)             in language  on input line 143.
Package babel Info: Redefining spanish shorthand "~
(babel)             in language  on input line 143.
Package babel Info: Redefining spanish shorthand "!
(babel)             in language  on input line 143.
Package babel Info: Redefining spanish shorthand "?
(babel)             in language  on input line 143.
Package babel Info: Redefining spanish shorthand <<
(babel)             in language  on input line 147.
Package babel Info: Redefining spanish shorthand >>
(babel)             in language  on input line 147.
Package babel Info: Redefining spanish shorthand "=
(babel)             in language  on input line 147.
Package babel Info: Redefining spanish shorthand "~
(babel)             in language  on input line 147.
Package babel Info: Redefining spanish shorthand "!
(babel)             in language  on input line 147.
Package babel Info: Redefining spanish shorthand "?
(babel)             in language  on input line 147.
Package babel Info: Redefining spanish shorthand <<
(babel)             in language  on input line 152.
Package babel Info: Redefining spanish shorthand >>
(babel)             in language  on input line 152.
Package babel Info: Redefining spanish shorthand "=
(babel)             in language  on input line 152.
Package babel Info: Redefining spanish shorthand "~
(babel)             in language  on input line 152.
Package babel Info: Redefining spanish shorthand "!
(babel)             in language  on input line 152.
Package babel Info: Redefining spanish shorthand "?
(babel)             in language  on input line 152.
Package babel Info: Redefining spanish shorthand <<
(babel)             in language  on input line 159.
Package babel Info: Redefining spanish shorthand >>
(babel)             in language  on input line 159.
Package babel Info: Redefining spanish shorthand "=
(babel)             in language  on input line 159.
Package babel Info: Redefining spanish shorthand "~
(babel)             in language  on input line 159.
Package babel Info: Redefining spanish shorthand "!
(babel)             in language  on input line 159.
Package babel Info: Redefining spanish shorthand "?
(babel)             in language  on input line 159.
Package babel Info: Redefining spanish shorthand <<
(babel)             in language  on input line 159.
Package babel Info: Redefining spanish shorthand >>
(babel)             in language  on input line 159.
Package babel Info: Redefining spanish shorthand "=
(babel)             in language  on input line 159.
Package babel Info: Redefining spanish shorthand "~
(babel)             in language  on input line 159.
Package babel Info: Redefining spanish shorthand "!
(babel)             in language  on input line 159.
Package babel Info: Redefining spanish shorthand "?
(babel)             in language  on input line 159.
 [10]
Package babel Info: Redefining spanish shorthand <<
(babel)             in language  on input line 160.
Package babel Info: Redefining spanish shorthand >>
(babel)             in language  on input line 160.
Package babel Info: Redefining spanish shorthand "=
(babel)             in language  on input line 160.
Package babel Info: Redefining spanish shorthand "~
(babel)             in language  on input line 160.
Package babel Info: Redefining spanish shorthand "!
(babel)             in language  on input line 160.
Package babel Info: Redefining spanish shorthand "?
(babel)             in language  on input line 160.
Package babel Info: Redefining spanish shorthand <<
(babel)             in language  on input line 161.
Package babel Info: Redefining spanish shorthand >>
(babel)             in language  on input line 161.
Package babel Info: Redefining spanish shorthand "=
(babel)             in language  on input line 161.
Package babel Info: Redefining spanish shorthand "~
(babel)             in language  on input line 161.
Package babel Info: Redefining spanish shorthand "!
(babel)             in language  on input line 161.
Package babel Info: Redefining spanish shorthand "?
(babel)             in language  on input line 161.
Package babel Info: Redefining spanish shorthand <<
(babel)             in language  on input line 201.
Package babel Info: Redefining spanish shorthand >>
(babel)             in language  on input line 201.
Package babel Info: Redefining spanish shorthand "=
(babel)             in language  on input line 201.
Package babel Info: Redefining spanish shorthand "~
(babel)             in language  on input line 201.
Package babel Info: Redefining spanish shorthand "!
(babel)             in language  on input line 201.
Package babel Info: Redefining spanish shorthand "?
(babel)             in language  on input line 201.
Package babel Info: Redefining spanish shorthand <<
(babel)             in language  on input line 201.
Package babel Info: Redefining spanish shorthand >>
(babel)             in language  on input line 201.
Package babel Info: Redefining spanish shorthand "=
(babel)             in language  on input line 201.
Package babel Info: Redefining spanish shorthand "~
(babel)             in language  on input line 201.
Package babel Info: Redefining spanish shorthand "!
(babel)             in language  on input line 201.
Package babel Info: Redefining spanish shorthand "?
(babel)             in language  on input line 201.
 [11]
Package babel Info: Redefining spanish shorthand <<
(babel)             in language  on input line 208.
Package babel Info: Redefining spanish shorthand >>
(babel)             in language  on input line 208.
Package babel Info: Redefining spanish shorthand "=
(babel)             in language  on input line 208.
Package babel Info: Redefining spanish shorthand "~
(babel)             in language  on input line 208.
Package babel Info: Redefining spanish shorthand "!
(babel)             in language  on input line 208.
Package babel Info: Redefining spanish shorthand "?
(babel)             in language  on input line 208.
Package babel Info: Redefining spanish shorthand <<
(babel)             in language  on input line 222.
Package babel Info: Redefining spanish shorthand >>
(babel)             in language  on input line 222.
Package babel Info: Redefining spanish shorthand "=
(babel)             in language  on input line 222.
Package babel Info: Redefining spanish shorthand "~
(babel)             in language  on input line 222.
Package babel Info: Redefining spanish shorthand "!
(babel)             in language  on input line 222.
Package babel Info: Redefining spanish shorthand "?
(babel)             in language  on input line 222.
Package babel Info: Redefining spanish shorthand <<
(babel)             in language  on input line 230.
Package babel Info: Redefining spanish shorthand >>
(babel)             in language  on input line 230.
Package babel Info: Redefining spanish shorthand "=
(babel)             in language  on input line 230.
Package babel Info: Redefining spanish shorthand "~
(babel)             in language  on input line 230.
Package babel Info: Redefining spanish shorthand "!
(babel)             in language  on input line 230.
Package babel Info: Redefining spanish shorthand "?
(babel)             in language  on input line 230.
Package babel Info: Redefining spanish shorthand <<
(babel)             in language  on input line 230.
Package babel Info: Redefining spanish shorthand >>
(babel)             in language  on input line 230.
Package babel Info: Redefining spanish shorthand "=
(babel)             in language  on input line 230.
Package babel Info: Redefining spanish shorthand "~
(babel)             in language  on input line 230.
Package babel Info: Redefining spanish shorthand "!
(babel)             in language  on input line 230.
Package babel Info: Redefining spanish shorthand "?
(babel)             in language  on input line 230.

[12]
Package babel Info: Redefining spanish shorthand <<
(babel)             in language  on input line 237.
Package babel Info: Redefining spanish shorthand >>
(babel)             in language  on input line 237.
Package babel Info: Redefining spanish shorthand "=
(babel)             in language  on input line 237.
Package babel Info: Redefining spanish shorthand "~
(babel)             in language  on input line 237.
Package babel Info: Redefining spanish shorthand "!
(babel)             in language  on input line 237.
Package babel Info: Redefining spanish shorthand "?
(babel)             in language  on input line 237.
Package babel Info: Redefining spanish shorthand <<
(babel)             in language  on input line 250.
Package babel Info: Redefining spanish shorthand >>
(babel)             in language  on input line 250.
Package babel Info: Redefining spanish shorthand "=
(babel)             in language  on input line 250.
Package babel Info: Redefining spanish shorthand "~
(babel)             in language  on input line 250.
Package babel Info: Redefining spanish shorthand "!
(babel)             in language  on input line 250.
Package babel Info: Redefining spanish shorthand "?
(babel)             in language  on input line 250.
Package babel Info: Redefining spanish shorthand <<
(babel)             in language  on input line 251.
Package babel Info: Redefining spanish shorthand >>
(babel)             in language  on input line 251.
Package babel Info: Redefining spanish shorthand "=
(babel)             in language  on input line 251.
Package babel Info: Redefining spanish shorthand "~
(babel)             in language  on input line 251.
Package babel Info: Redefining spanish shorthand "!
(babel)             in language  on input line 251.
Package babel Info: Redefining spanish shorthand "?
(babel)             in language  on input line 251.
Package babel Info: Redefining spanish shorthand <<
(babel)             in language  on input line 254.
Package babel Info: Redefining spanish shorthand >>
(babel)             in language  on input line 254.
Package babel Info: Redefining spanish shorthand "=
(babel)             in language  on input line 254.
Package babel Info: Redefining spanish shorthand "~
(babel)             in language  on input line 254.
Package babel Info: Redefining spanish shorthand "!
(babel)             in language  on input line 254.
Package babel Info: Redefining spanish shorthand "?
(babel)             in language  on input line 254.
Package babel Info: Redefining spanish shorthand <<
(babel)             in language  on input line 254.
Package babel Info: Redefining spanish shorthand >>
(babel)             in language  on input line 254.
Package babel Info: Redefining spanish shorthand "=
(babel)             in language  on input line 254.
Package babel Info: Redefining spanish shorthand "~
(babel)             in language  on input line 254.
Package babel Info: Redefining spanish shorthand "!
(babel)             in language  on input line 254.
Package babel Info: Redefining spanish shorthand "?
(babel)             in language  on input line 254.
 [13]
Package babel Info: Redefining spanish shorthand <<
(babel)             in language  on input line 259.
Package babel Info: Redefining spanish shorthand >>
(babel)             in language  on input line 259.
Package babel Info: Redefining spanish shorthand "=
(babel)             in language  on input line 259.
Package babel Info: Redefining spanish shorthand "~
(babel)             in language  on input line 259.
Package babel Info: Redefining spanish shorthand "!
(babel)             in language  on input line 259.
Package babel Info: Redefining spanish shorthand "?
(babel)             in language  on input line 259.
Package babel Info: Redefining spanish shorthand <<
(babel)             in language  on input line 260.
Package babel Info: Redefining spanish shorthand >>
(babel)             in language  on input line 260.
Package babel Info: Redefining spanish shorthand "=
(babel)             in language  on input line 260.
Package babel Info: Redefining spanish shorthand "~
(babel)             in language  on input line 260.
Package babel Info: Redefining spanish shorthand "!
(babel)             in language  on input line 260.
Package babel Info: Redefining spanish shorthand "?
(babel)             in language  on input line 260.
Package babel Info: Redefining spanish shorthand <<
(babel)             in language  on input line 271.
Package babel Info: Redefining spanish shorthand >>
(babel)             in language  on input line 271.
Package babel Info: Redefining spanish shorthand "=
(babel)             in language  on input line 271.
Package babel Info: Redefining spanish shorthand "~
(babel)             in language  on input line 271.
Package babel Info: Redefining spanish shorthand "!
(babel)             in language  on input line 271.
Package babel Info: Redefining spanish shorthand "?
(babel)             in language  on input line 271.
Package babel Info: Redefining spanish shorthand <<
(babel)             in language  on input line 276.
Package babel Info: Redefining spanish shorthand >>
(babel)             in language  on input line 276.
Package babel Info: Redefining spanish shorthand "=
(babel)             in language  on input line 276.
Package babel Info: Redefining spanish shorthand "~
(babel)             in language  on input line 276.
Package babel Info: Redefining spanish shorthand "!
(babel)             in language  on input line 276.
Package babel Info: Redefining spanish shorthand "?
(babel)             in language  on input line 276.
Package babel Info: Redefining spanish shorthand <<
(babel)             in language  on input line 276.
Package babel Info: Redefining spanish shorthand >>
(babel)             in language  on input line 276.
Package babel Info: Redefining spanish shorthand "=
(babel)             in language  on input line 276.
Package babel Info: Redefining spanish shorthand "~
(babel)             in language  on input line 276.
Package babel Info: Redefining spanish shorthand "!
(babel)             in language  on input line 276.
Package babel Info: Redefining spanish shorthand "?
(babel)             in language  on input line 276.
 [14]
Package babel Info: Redefining spanish shorthand <<
(babel)             in language  on input line 277.
Package babel Info: Redefining spanish shorthand >>
(babel)             in language  on input line 277.
Package babel Info: Redefining spanish shorthand "=
(babel)             in language  on input line 277.
Package babel Info: Redefining spanish shorthand "~
(babel)             in language  on input line 277.
Package babel Info: Redefining spanish shorthand "!
(babel)             in language  on input line 277.
Package babel Info: Redefining spanish shorthand "?
(babel)             in language  on input line 277.
Package babel Info: Redefining spanish shorthand <<
(babel)             in language  on input line 280.
Package babel Info: Redefining spanish shorthand >>
(babel)             in language  on input line 280.
Package babel Info: Redefining spanish shorthand "=
(babel)             in language  on input line 280.
Package babel Info: Redefining spanish shorthand "~
(babel)             in language  on input line 280.
Package babel Info: Redefining spanish shorthand "!
(babel)             in language  on input line 280.
Package babel Info: Redefining spanish shorthand "?
(babel)             in language  on input line 280.
Package babel Info: Redefining spanish shorthand <<
(babel)             in language  on input line 284.
Package babel Info: Redefining spanish shorthand >>
(babel)             in language  on input line 284.
Package babel Info: Redefining spanish shorthand "=
(babel)             in language  on input line 284.
Package babel Info: Redefining spanish shorthand "~
(babel)             in language  on input line 284.
Package babel Info: Redefining spanish shorthand "!
(babel)             in language  on input line 284.
Package babel Info: Redefining spanish shorthand "?
(babel)             in language  on input line 284.
Package babel Info: Redefining spanish shorthand <<
(babel)             in language  on input line 294.
Package babel Info: Redefining spanish shorthand >>
(babel)             in language  on input line 294.
Package babel Info: Redefining spanish shorthand "=
(babel)             in language  on input line 294.
Package babel Info: Redefining spanish shorthand "~
(babel)             in language  on input line 294.
Package babel Info: Redefining spanish shorthand "!
(babel)             in language  on input line 294.
Package babel Info: Redefining spanish shorthand "?
(babel)             in language  on input line 294.
Package babel Info: Redefining spanish shorthand <<
(babel)             in language  on input line 294.
Package babel Info: Redefining spanish shorthand >>
(babel)             in language  on input line 294.
Package babel Info: Redefining spanish shorthand "=
(babel)             in language  on input line 294.
Package babel Info: Redefining spanish shorthand "~
(babel)             in language  on input line 294.
Package babel Info: Redefining spanish shorthand "!
(babel)             in language  on input line 294.
Package babel Info: Redefining spanish shorthand "?
(babel)             in language  on input line 294.
 [15]
Package babel Info: Redefining spanish shorthand <<
(babel)             in language  on input line 295.
Package babel Info: Redefining spanish shorthand >>
(babel)             in language  on input line 295.
Package babel Info: Redefining spanish shorthand "=
(babel)             in language  on input line 295.
Package babel Info: Redefining spanish shorthand "~
(babel)             in language  on input line 295.
Package babel Info: Redefining spanish shorthand "!
(babel)             in language  on input line 295.
Package babel Info: Redefining spanish shorthand "?
(babel)             in language  on input line 295.
Package babel Info: Redefining spanish shorthand <<
(babel)             in language  on input line 299.
Package babel Info: Redefining spanish shorthand >>
(babel)             in language  on input line 299.
Package babel Info: Redefining spanish shorthand "=
(babel)             in language  on input line 299.
Package babel Info: Redefining spanish shorthand "~
(babel)             in language  on input line 299.
Package babel Info: Redefining spanish shorthand "!
(babel)             in language  on input line 299.
Package babel Info: Redefining spanish shorthand "?
(babel)             in language  on input line 299.
Package babel Info: Redefining spanish shorthand <<
(babel)             in language  on input line 303.
Package babel Info: Redefining spanish shorthand >>
(babel)             in language  on input line 303.
Package babel Info: Redefining spanish shorthand "=
(babel)             in language  on input line 303.
Package babel Info: Redefining spanish shorthand "~
(babel)             in language  on input line 303.
Package babel Info: Redefining spanish shorthand "!
(babel)             in language  on input line 303.
Package babel Info: Redefining spanish shorthand "?
(babel)             in language  on input line 303.
Package babel Info: Redefining spanish shorthand <<
(babel)             in language  on input line 317.
Package babel Info: Redefining spanish shorthand >>
(babel)             in language  on input line 317.
Package babel Info: Redefining spanish shorthand "=
(babel)             in language  on input line 317.
Package babel Info: Redefining spanish shorthand "~
(babel)             in language  on input line 317.
Package babel Info: Redefining spanish shorthand "!
(babel)             in language  on input line 317.
Package babel Info: Redefining spanish shorthand "?
(babel)             in language  on input line 317.
Package babel Info: Redefining spanish shorthand <<
(babel)             in language  on input line 317.
Package babel Info: Redefining spanish shorthand >>
(babel)             in language  on input line 317.
Package babel Info: Redefining spanish shorthand "=
(babel)             in language  on input line 317.
Package babel Info: Redefining spanish shorthand "~
(babel)             in language  on input line 317.
Package babel Info: Redefining spanish shorthand "!
(babel)             in language  on input line 317.
Package babel Info: Redefining spanish shorthand "?
(babel)             in language  on input line 317.
 [16]
Package babel Info: Redefining spanish shorthand <<
(babel)             in language  on input line 320.
Package babel Info: Redefining spanish shorthand >>
(babel)             in language  on input line 320.
Package babel Info: Redefining spanish shorthand "=
(babel)             in language  on input line 320.
Package babel Info: Redefining spanish shorthand "~
(babel)             in language  on input line 320.
Package babel Info: Redefining spanish shorthand "!
(babel)             in language  on input line 320.
Package babel Info: Redefining spanish shorthand "?
(babel)             in language  on input line 320.
Package babel Info: Redefining spanish shorthand <<
(babel)             in language  on input line 324.
Package babel Info: Redefining spanish shorthand >>
(babel)             in language  on input line 324.
Package babel Info: Redefining spanish shorthand "=
(babel)             in language  on input line 324.
Package babel Info: Redefining spanish shorthand "~
(babel)             in language  on input line 324.
Package babel Info: Redefining spanish shorthand "!
(babel)             in language  on input line 324.
Package babel Info: Redefining spanish shorthand "?
(babel)             in language  on input line 324.
Package babel Info: Redefining spanish shorthand <<
(babel)             in language  on input line 342.
Package babel Info: Redefining spanish shorthand >>
(babel)             in language  on input line 342.
Package babel Info: Redefining spanish shorthand "=
(babel)             in language  on input line 342.
Package babel Info: Redefining spanish shorthand "~
(babel)             in language  on input line 342.
Package babel Info: Redefining spanish shorthand "!
(babel)             in language  on input line 342.
Package babel Info: Redefining spanish shorthand "?
(babel)             in language  on input line 342.
Package babel Info: Redefining spanish shorthand <<
(babel)             in language  on input line 346.
Package babel Info: Redefining spanish shorthand >>
(babel)             in language  on input line 346.
Package babel Info: Redefining spanish shorthand "=
(babel)             in language  on input line 346.
Package babel Info: Redefining spanish shorthand "~
(babel)             in language  on input line 346.
Package babel Info: Redefining spanish shorthand "!
(babel)             in language  on input line 346.
Package babel Info: Redefining spanish shorthand "?
(babel)             in language  on input line 346.
Package babel Info: Redefining spanish shorthand <<
(babel)             in language  on input line 346.
Package babel Info: Redefining spanish shorthand >>
(babel)             in language  on input line 346.
Package babel Info: Redefining spanish shorthand "=
(babel)             in language  on input line 346.
Package babel Info: Redefining spanish shorthand "~
(babel)             in language  on input line 346.
Package babel Info: Redefining spanish shorthand "!
(babel)             in language  on input line 346.
Package babel Info: Redefining spanish shorthand "?
(babel)             in language  on input line 346.
 [17]
Package babel Info: Redefining spanish shorthand <<
(babel)             in language  on input line 353.
Package babel Info: Redefining spanish shorthand >>
(babel)             in language  on input line 353.
Package babel Info: Redefining spanish shorthand "=
(babel)             in language  on input line 353.
Package babel Info: Redefining spanish shorthand "~
(babel)             in language  on input line 353.
Package babel Info: Redefining spanish shorthand "!
(babel)             in language  on input line 353.
Package babel Info: Redefining spanish shorthand "?
(babel)             in language  on input line 353.
Package babel Info: Redefining spanish shorthand <<
(babel)             in language  on input line 370.
Package babel Info: Redefining spanish shorthand >>
(babel)             in language  on input line 370.
Package babel Info: Redefining spanish shorthand "=
(babel)             in language  on input line 370.
Package babel Info: Redefining spanish shorthand "~
(babel)             in language  on input line 370.
Package babel Info: Redefining spanish shorthand "!
(babel)             in language  on input line 370.
Package babel Info: Redefining spanish shorthand "?
(babel)             in language  on input line 370.
Package babel Info: Redefining spanish shorthand <<
(babel)             in language  on input line 370.
Package babel Info: Redefining spanish shorthand >>
(babel)             in language  on input line 370.
Package babel Info: Redefining spanish shorthand "=
(babel)             in language  on input line 370.
Package babel Info: Redefining spanish shorthand "~
(babel)             in language  on input line 370.
Package babel Info: Redefining spanish shorthand "!
(babel)             in language  on input line 370.
Package babel Info: Redefining spanish shorthand "?
(babel)             in language  on input line 370.
 [18]
Package babel Info: Redefining spanish shorthand <<
(babel)             in language  on input line 379.
Package babel Info: Redefining spanish shorthand >>
(babel)             in language  on input line 379.
Package babel Info: Redefining spanish shorthand "=
(babel)             in language  on input line 379.
Package babel Info: Redefining spanish shorthand "~
(babel)             in language  on input line 379.
Package babel Info: Redefining spanish shorthand "!
(babel)             in language  on input line 379.
Package babel Info: Redefining spanish shorthand "?
(babel)             in language  on input line 379.
Package babel Info: Redefining spanish shorthand <<
(babel)             in language  on input line 379.
Package babel Info: Redefining spanish shorthand >>
(babel)             in language  on input line 379.
Package babel Info: Redefining spanish shorthand "=
(babel)             in language  on input line 379.
Package babel Info: Redefining spanish shorthand "~
(babel)             in language  on input line 379.
Package babel Info: Redefining spanish shorthand "!
(babel)             in language  on input line 379.
Package babel Info: Redefining spanish shorthand "?
(babel)             in language  on input line 379.
 [19]
Package babel Info: Redefining spanish shorthand <<
(babel)             in language  on input line 385.
Package babel Info: Redefining spanish shorthand >>
(babel)             in language  on input line 385.
Package babel Info: Redefining spanish shorthand "=
(babel)             in language  on input line 385.
Package babel Info: Redefining spanish shorthand "~
(babel)             in language  on input line 385.
Package babel Info: Redefining spanish shorthand "!
(babel)             in language  on input line 385.
Package babel Info: Redefining spanish shorthand "?
(babel)             in language  on input line 385.
)
Package atveryend Info: Empty hook `BeforeClearDocument' on input line 336.
Package babel Info: Redefining spanish shorthand <<
(babel)             in language  on input line 336.
Package babel Info: Redefining spanish shorthand >>
(babel)             in language  on input line 336.
Package babel Info: Redefining spanish shorthand "=
(babel)             in language  on input line 336.
Package babel Info: Redefining spanish shorthand "~
(babel)             in language  on input line 336.
Package babel Info: Redefining spanish shorthand "!
(babel)             in language  on input line 336.
Package babel Info: Redefining spanish shorthand "?
(babel)             in language  on input line 336.
Package babel Info: Redefining spanish shorthand <<
(babel)             in language  on input line 336.
Package babel Info: Redefining spanish shorthand >>
(babel)             in language  on input line 336.
Package babel Info: Redefining spanish shorthand "=
(babel)             in language  on input line 336.
Package babel Info: Redefining spanish shorthand "~
(babel)             in language  on input line 336.
Package babel Info: Redefining spanish shorthand "!
(babel)             in language  on input line 336.
Package babel Info: Redefining spanish shorthand "?
(babel)             in language  on input line 336.
 [20]
Package atveryend Info: Empty hook `AfterLastShipout' on input line 336.
 (./head.aux
LaTeX Info: Redefining \. on input line 23.
LaTeX Info: Redefining \% on input line 23.
)
Package atveryend Info: Executing hook `AtVeryEndDocument' on input line 336.
Package atveryend Info: Executing hook `AtEndAfterFileList' on input line 336.
Package rerunfilecheck Info: File `head.out' has not changed.
(rerunfilecheck)             Checksum: F3B9E233A4253523C0C6995D03DDEE5A;2737.
Package atveryend Info: Empty hook `AtVeryVeryEnd' on input line 336.
 ) 
Here is how much of TeX's memory you used:
 9467 strings out of 494373
 131764 string characters out of 6170532
 235887 words of memory out of 5000000
 12542 multiletter control sequences out of 15000+600000
 14695 words of font info for 40 fonts, out of 8000000 for 9000
 456 hyphenation exceptions out of 8191
 29i,6n,43p,337b,666s stack positions out of 5000i,500n,10000p,200000b,80000s
 </home/franj/.texmf-var/fonts/pk/ljfour/jknappen/ec/ecrm0800.600pk> </home/f
ranj/.texmf-var/fonts/pk/ljfour/jknappen/ec/ecbx1440.600pk> </home/franj/.texmf
-var/fonts/pk/ljfour/jknappen/ec/ecbx1200.600pk> </home/franj/.texmf-var/fonts/
pk/ljfour/jknappen/ec/ecbx1728.600pk> </home/franj/.texmf-var/fonts/pk/ljfour/j
knappen/ec/ecrm1200.600pk> </home/franj/.texmf-var/fonts/pk/ljfour/jknappen/ec/
ecrm1440.600pk></usr/share/texlive/texmf-dist/fonts/type1/public/amsfonts/cm/cm
sy10.pfb></usr/share/texlive/texmf-dist/fonts/type1/public/eurosym/feymr10.pfb>

Output written on head.pdf (20 pages, 154784 bytes).
PDF statistics:
 600 PDF objects out of 1000 (max. 8388607)
 330 compressed objects within 4 object streams
 64 named destinations out of 1000 (max. 500000)
 350 words of extra memory for PDF output out of 10000 (max. 10000000)

