\BOOKMARK [1][-]{section.1}{Introducci\363n}{}% 1
\BOOKMARK [2][-]{subsection.1.1}{Motivaci\363n}{section.1}% 2
\BOOKMARK [2][-]{subsection.1.2}{Alcance}{section.1}% 3
\BOOKMARK [3][-]{subsubsection.1.2.1}{Int\351rprete OMI}{subsection.1.2}% 4
\BOOKMARK [3][-]{subsubsection.1.2.2}{Lenguaje OMI}{subsection.1.2}% 5
\BOOKMARK [2][-]{subsection.1.3}{M\363dulos OMI}{section.1}% 6
\BOOKMARK [2][-]{subsection.1.4}{Biblioteca de desarrollo OMI}{section.1}% 7
\BOOKMARK [2][-]{subsection.1.5}{Sitio web del proyecto OMI}{section.1}% 8
\BOOKMARK [2][-]{subsection.1.6}{runTree}{section.1}% 9
\BOOKMARK [1][-]{section.2}{Estado del arte}{}% 10
\BOOKMARK [1][-]{section.3}{Planificaci\363n}{}% 11
\BOOKMARK [2][-]{subsection.3.1}{Metodolog\355a}{section.3}% 12
\BOOKMARK [2][-]{subsection.3.2}{Planificaci\363n}{section.3}% 13
\BOOKMARK [2][-]{subsection.3.3}{Organizaci\363n}{section.3}% 14
\BOOKMARK [2][-]{subsection.3.4}{Costes}{section.3}% 15
\BOOKMARK [2][-]{subsection.3.5}{Riesgos}{section.3}% 16
\BOOKMARK [2][-]{subsection.3.6}{Aseguramiento de calidad}{section.3}% 17
\BOOKMARK [1][-]{section.4}{Requisitos del sistema}{}% 18
\BOOKMARK [2][-]{subsection.4.1}{Situaci\363n actual}{section.4}% 19
\BOOKMARK [2][-]{subsection.4.2}{Necesidades}{section.4}% 20
\BOOKMARK [2][-]{subsection.4.3}{Objetivos}{section.4}% 21
\BOOKMARK [2][-]{subsection.4.4}{Requisitos}{section.4}% 22
\BOOKMARK [1][-]{section.5}{An\341lisis del sistema}{}% 23
\BOOKMARK [2][-]{subsection.5.1}{Modelo conceptual}{section.5}% 24
\BOOKMARK [2][-]{subsection.5.2}{Modelo de casos de uso}{section.5}% 25
\BOOKMARK [2][-]{subsection.5.3}{Modelo de comportamiento}{section.5}% 26
\BOOKMARK [2][-]{subsection.5.4}{Modelo de la interfaz de usuario}{section.5}% 27
\BOOKMARK [1][-]{section.6}{Dise\361o del Sistema}{}% 28
\BOOKMARK [2][-]{subsection.6.1}{Arquitectura f\355sica}{section.6}% 29
\BOOKMARK [2][-]{subsection.6.2}{Arquitectura l\363gica}{section.6}% 30
\BOOKMARK [3][-]{subsubsection.6.2.1}{Int\351rprete}{subsection.6.2}% 31
\BOOKMARK [3][-]{subsubsection.6.2.2}{runTree}{subsection.6.2}% 32
\BOOKMARK [2][-]{subsection.6.3}{Gram\341tica}{section.6}% 33
\BOOKMARK [2][-]{subsection.6.4}{Comunicaciones}{section.6}% 34
\BOOKMARK [2][-]{subsection.6.5}{Dise\361o de componentes}{section.6}% 35
\BOOKMARK [2][-]{subsection.6.6}{Dise\361o de la interfaz de usuario}{section.6}% 36
\BOOKMARK [1][-]{section.7}{Construcci\363n del sistema}{}% 37
\BOOKMARK [1][-]{section.8}{Pruebas del sistema}{}% 38
\BOOKMARK [1][-]{section.9}{Manual de implantaci\363n}{}% 39
\BOOKMARK [1][-]{section.10}{Manual de usuario}{}% 40
\BOOKMARK [1][-]{section.11}{Conclusiones}{}% 41
\BOOKMARK [1][-]{section.12}{Bibliograf\355a}{}% 42
\BOOKMARK [1][-]{section.13}{Licencia}{}% 43
