This is pdfTeX, Version 3.14159265-2.6-1.40.15 (TeX Live 2015/dev/Debian) (preloaded format=latex 2015.7.2)  12 SEP 2015 15:18
entering extended mode
 restricted \write18 enabled.
 file:line:error style messages enabled.
 %&-line parsing enabled.
**extensions.tex
(./extensions.tex
LaTeX2e <2014/05/01>
Babel <3.9l> and hyphenation patterns for 14 languages loaded.
./extensions.tex:1: Undefined control sequence.
l.1 \subsection
               {Extensiones}
? 
./extensions.tex:1: Emergency stop.
l.1 \subsection
               {Extensiones}
End of file on the terminal!

 
Here is how much of TeX's memory you used:
 5 strings out of 494429
 153 string characters out of 6170807
 48824 words of memory out of 5000000
 3344 multiletter control sequences out of 15000+600000
 3640 words of font info for 14 fonts, out of 8000000 for 9000
 456 hyphenation exceptions out of 8191
 5i,0n,1p,41b,8s stack positions out of 5000i,500n,10000p,200000b,80000s
No pages of output.
