This is pdfTeX, Version 3.14159265-2.6-1.40.16 (TeX Live 2015/Debian) (preloaded format=pdflatex 2015.11.20)  22 NOV 2015 13:56
entering extended mode
 \write18 enabled.
 file:line:error style messages enabled.
 %&-line parsing enabled.
**../memoria.tex
(../memoria.tex
LaTeX2e <2015/10/01> patch level 1
Babel <3.9m> and hyphenation patterns for 14 languages loaded.
(/usr/share/texlive/texmf-dist/tex/latex/base/book.cls
Document Class: book 2014/09/29 v1.4h Standard LaTeX document class
(/usr/share/texlive/texmf-dist/tex/latex/base/bk11.clo
File: bk11.clo 2014/09/29 v1.4h Standard LaTeX file (size option)
)
\c@part=\count79
\c@chapter=\count80
\c@section=\count81
\c@subsection=\count82
\c@subsubsection=\count83
\c@paragraph=\count84
\c@subparagraph=\count85
\c@figure=\count86
\c@table=\count87
\abovecaptionskip=\skip41
\belowcaptionskip=\skip42
\bibindent=\dimen102
)

! LaTeX Error: File `./estilo/paquetes.sty' not found.

Type X to quit or <RETURN> to proceed,
or enter new name. (Default extension: sty)

Enter file name: 
../memoria.tex:14: Emergency stop.
<read *> 
         
l.14 \usepackage
                {./estilo/colores}^^M
End of file on the terminal!

 
Here is how much of TeX's memory you used:
 224 strings out of 494373
 2420 string characters out of 6170532
 49228 words of memory out of 5000000
 3609 multiletter control sequences out of 15000+600000
 3940 words of font info for 15 fonts, out of 8000000 for 9000
 456 hyphenation exceptions out of 8191
 21i,0n,19p,114b,36s stack positions out of 5000i,500n,10000p,200000b,80000s
../memoria.tex:14:  ==> Fatal error occurred, no output PDF file produced!
