This file contains any messages produced by compilers while
running configure, to aid debugging if configure makes a mistake.

It was created by omi configure 0.1, which was
generated by GNU Autoconf 2.69.  Invocation command line was

  $ ./configure 

## --------- ##
## Platform. ##
## --------- ##

hostname = sobremesa
uname -m = x86_64
uname -r = 3.16-3-amd64
uname -s = Linux
uname -v = #1 SMP Debian 3.16.5-1 (2014-10-10)

/usr/bin/uname -p = unknown
/bin/uname -X     = unknown

/bin/arch              = unknown
/usr/bin/arch -k       = unknown
/usr/convex/getsysinfo = unknown
/usr/bin/hostinfo      = unknown
/bin/machine           = unknown
/usr/bin/oslevel       = unknown
/bin/universe          = unknown

PATH: /usr/local/bin
PATH: /usr/bin
PATH: /bin
PATH: /usr/local/games
PATH: /usr/games


## ----------- ##
## Core tests. ##
## ----------- ##

configure:2456: checking for a BSD-compatible install
configure:2524: result: /usr/bin/install -c
configure:2535: checking whether build environment is sane
configure:2590: result: yes
configure:2741: checking for a thread-safe mkdir -p
configure:2780: result: /bin/mkdir -p
configure:2787: checking for gawk
configure:2803: found /usr/bin/gawk
configure:2814: result: gawk
configure:2825: checking whether make sets $(MAKE)
configure:2847: result: yes
configure:2876: checking whether make supports nested variables
configure:2893: result: yes
configure:3086: checking for g++
configure:3102: found /usr/bin/g++
configure:3113: result: g++
configure:3140: checking for C++ compiler version
configure:3149: g++ --version >&5
g++-4.9.real (Debian 4.9.3-3) 4.9.3
Copyright (C) 2015 Free Software Foundation, Inc.
This is free software; see the source for copying conditions.  There is NO
warranty; not even for MERCHANTABILITY or FITNESS FOR A PARTICULAR PURPOSE.

configure:3160: $? = 0
configure:3149: g++ -v >&5
Using built-in specs.
COLLECT_GCC=/usr/bin/g++-4.9.real
COLLECT_LTO_WRAPPER=/usr/lib/gcc/x86_64-linux-gnu/4.9/lto-wrapper
Target: x86_64-linux-gnu
Configured with: ../src/configure -v --with-pkgversion='Debian 4.9.3-3' --with-bugurl=file:///usr/share/doc/gcc-4.9/README.Bugs --enable-languages=c,c++,java,go,d,fortran,objc,obj-c++ --prefix=/usr --program-suffix=-4.9 --enable-shared --enable-linker-build-id --libexecdir=/usr/lib --without-included-gettext --enable-threads=posix --with-gxx-include-dir=/usr/include/c++/4.9 --libdir=/usr/lib --enable-nls --with-sysroot=/ --enable-clocale=gnu --enable-libstdcxx-debug --enable-libstdcxx-time=yes --enable-gnu-unique-object --disable-vtable-verify --enable-plugin --with-system-zlib --disable-browser-plugin --enable-java-awt=gtk --enable-gtk-cairo --with-java-home=/usr/lib/jvm/java-1.5.0-gcj-4.9-amd64/jre --enable-java-home --with-jvm-root-dir=/usr/lib/jvm/java-1.5.0-gcj-4.9-amd64 --with-jvm-jar-dir=/usr/lib/jvm-exports/java-1.5.0-gcj-4.9-amd64 --with-arch-directory=amd64 --with-ecj-jar=/usr/share/java/eclipse-ecj.jar --enable-objc-gc --enable-multiarch --with-arch-32=i586 --with-abi=m64 --with-multilib-list=m32,m64,mx32 --enable-multilib --with-tune=generic --enable-checking=release --build=x86_64-linux-gnu --host=x86_64-linux-gnu --target=x86_64-linux-gnu
Thread model: posix
gcc version 4.9.3 (Debian 4.9.3-3) 
configure:3160: $? = 0
configure:3149: g++ -V >&5
g++-4.9.real: error: unrecognized command line option '-V'
g++-4.9.real: fatal error: no input files
compilation terminated.
configure:3160: $? = 4
configure:3149: g++ -qversion >&5
g++-4.9.real: error: unrecognized command line option '-qversion'
g++-4.9.real: fatal error: no input files
compilation terminated.
configure:3160: $? = 4
configure:3180: checking whether the C++ compiler works
configure:3202: g++    conftest.cpp  >&5
configure:3206: $? = 0
configure:3254: result: yes
configure:3257: checking for C++ compiler default output file name
configure:3259: result: a.out
configure:3265: checking for suffix of executables
configure:3272: g++ -o conftest    conftest.cpp  >&5
configure:3276: $? = 0
configure:3298: result: 
configure:3320: checking whether we are cross compiling
configure:3328: g++ -o conftest    conftest.cpp  >&5
configure:3332: $? = 0
configure:3339: ./conftest
configure:3343: $? = 0
configure:3358: result: no
configure:3363: checking for suffix of object files
configure:3385: g++ -c   conftest.cpp >&5
configure:3389: $? = 0
configure:3410: result: o
configure:3414: checking whether we are using the GNU C++ compiler
configure:3433: g++ -c   conftest.cpp >&5
configure:3433: $? = 0
configure:3442: result: yes
configure:3451: checking whether g++ accepts -g
configure:3471: g++ -c -g  conftest.cpp >&5
configure:3471: $? = 0
configure:3512: result: yes
configure:3546: checking for style of include used by make
configure:3574: result: GNU
configure:3600: checking dependency style of g++
configure:3711: result: gcc3
configure:3777: checking for gcc
configure:3793: found /usr/bin/gcc
configure:3804: result: gcc
configure:4033: checking for C compiler version
configure:4042: gcc --version >&5
gcc-4.9.real (Debian 4.9.3-3) 4.9.3
Copyright (C) 2015 Free Software Foundation, Inc.
This is free software; see the source for copying conditions.  There is NO
warranty; not even for MERCHANTABILITY or FITNESS FOR A PARTICULAR PURPOSE.

configure:4053: $? = 0
configure:4042: gcc -v >&5
Using built-in specs.
COLLECT_GCC=/usr/bin/gcc-4.9.real
COLLECT_LTO_WRAPPER=/usr/lib/gcc/x86_64-linux-gnu/4.9/lto-wrapper
Target: x86_64-linux-gnu
Configured with: ../src/configure -v --with-pkgversion='Debian 4.9.3-3' --with-bugurl=file:///usr/share/doc/gcc-4.9/README.Bugs --enable-languages=c,c++,java,go,d,fortran,objc,obj-c++ --prefix=/usr --program-suffix=-4.9 --enable-shared --enable-linker-build-id --libexecdir=/usr/lib --without-included-gettext --enable-threads=posix --with-gxx-include-dir=/usr/include/c++/4.9 --libdir=/usr/lib --enable-nls --with-sysroot=/ --enable-clocale=gnu --enable-libstdcxx-debug --enable-libstdcxx-time=yes --enable-gnu-unique-object --disable-vtable-verify --enable-plugin --with-system-zlib --disable-browser-plugin --enable-java-awt=gtk --enable-gtk-cairo --with-java-home=/usr/lib/jvm/java-1.5.0-gcj-4.9-amd64/jre --enable-java-home --with-jvm-root-dir=/usr/lib/jvm/java-1.5.0-gcj-4.9-amd64 --with-jvm-jar-dir=/usr/lib/jvm-exports/java-1.5.0-gcj-4.9-amd64 --with-arch-directory=amd64 --with-ecj-jar=/usr/share/java/eclipse-ecj.jar --enable-objc-gc --enable-multiarch --with-arch-32=i586 --with-abi=m64 --with-multilib-list=m32,m64,mx32 --enable-multilib --with-tune=generic --enable-checking=release --build=x86_64-linux-gnu --host=x86_64-linux-gnu --target=x86_64-linux-gnu
Thread model: posix
gcc version 4.9.3 (Debian 4.9.3-3) 
configure:4053: $? = 0
configure:4042: gcc -V >&5
gcc-4.9.real: error: unrecognized command line option '-V'
gcc-4.9.real: fatal error: no input files
compilation terminated.
configure:4053: $? = 4
configure:4042: gcc -qversion >&5
gcc-4.9.real: error: unrecognized command line option '-qversion'
gcc-4.9.real: fatal error: no input files
compilation terminated.
configure:4053: $? = 4
configure:4057: checking whether we are using the GNU C compiler
configure:4076: gcc -c   conftest.c >&5
configure:4076: $? = 0
configure:4085: result: yes
configure:4094: checking whether gcc accepts -g
configure:4114: gcc -c -g  conftest.c >&5
configure:4114: $? = 0
configure:4155: result: yes
configure:4172: checking for gcc option to accept ISO C89
configure:4235: gcc  -c -g -O2  conftest.c >&5
configure:4235: $? = 0
configure:4248: result: none needed
configure:4273: checking whether gcc understands -c and -o together
configure:4295: gcc -c conftest.c -o conftest2.o
configure:4298: $? = 0
configure:4295: gcc -c conftest.c -o conftest2.o
configure:4298: $? = 0
configure:4310: result: yes
configure:4329: checking dependency style of gcc
configure:4440: result: gcc3
configure:4517: checking for pkg-config
configure:4535: found /usr/bin/pkg-config
configure:4547: result: /usr/bin/pkg-config
configure:4572: checking pkg-config is at least version 0.9.0
configure:4575: result: yes
configure:4587: checking for readline in -lreadline
configure:4612: gcc -o conftest -g -O2   conftest.c -lreadline   >&5
configure:4612: $? = 0
configure:4621: result: yes
configure:4634: checking for main in -lboost_regex
configure:4653: gcc -o conftest -g -O2   conftest.c -lboost_regex  -lreadline  >&5
configure:4653: $? = 0
configure:4662: result: yes
configure:4682: checking how to run the C preprocessor
configure:4713: gcc -E  conftest.c
configure:4713: $? = 0
configure:4727: gcc -E  conftest.c
conftest.c:13:28: fatal error: ac_nonexistent.h: No such file or directory
 #include <ac_nonexistent.h>
                            ^
compilation terminated.
configure:4727: $? = 1
configure: failed program was:
| /* confdefs.h */
| #define PACKAGE_NAME "omi"
| #define PACKAGE_TARNAME "omi"
| #define PACKAGE_VERSION "0.1"
| #define PACKAGE_STRING "omi 0.1"
| #define PACKAGE_BUGREPORT "fbohorquez@omi.org"
| #define PACKAGE_URL ""
| #define PACKAGE "omi"
| #define VERSION "0.1"
| #define HAVE_LIBREADLINE 1
| #define HAVE_LIBBOOST_REGEX 1
| /* end confdefs.h.  */
| #include <ac_nonexistent.h>
configure:4752: result: gcc -E
configure:4772: gcc -E  conftest.c
configure:4772: $? = 0
configure:4786: gcc -E  conftest.c
conftest.c:13:28: fatal error: ac_nonexistent.h: No such file or directory
 #include <ac_nonexistent.h>
                            ^
compilation terminated.
configure:4786: $? = 1
configure: failed program was:
| /* confdefs.h */
| #define PACKAGE_NAME "omi"
| #define PACKAGE_TARNAME "omi"
| #define PACKAGE_VERSION "0.1"
| #define PACKAGE_STRING "omi 0.1"
| #define PACKAGE_BUGREPORT "fbohorquez@omi.org"
| #define PACKAGE_URL ""
| #define PACKAGE "omi"
| #define VERSION "0.1"
| #define HAVE_LIBREADLINE 1
| #define HAVE_LIBBOOST_REGEX 1
| /* end confdefs.h.  */
| #include <ac_nonexistent.h>
configure:4815: checking for grep that handles long lines and -e
configure:4873: result: /bin/grep
configure:4878: checking for egrep
configure:4940: result: /bin/grep -E
configure:4945: checking for ANSI C header files
configure:4965: gcc -c -g -O2  conftest.c >&5
configure:4965: $? = 0
configure:5038: gcc -o conftest -g -O2   conftest.c -lboost_regex -lreadline  >&5
configure:5038: $? = 0
configure:5038: ./conftest
configure:5038: $? = 0
configure:5049: result: yes
configure:5062: checking for sys/types.h
configure:5062: gcc -c -g -O2  conftest.c >&5
configure:5062: $? = 0
configure:5062: result: yes
configure:5062: checking for sys/stat.h
configure:5062: gcc -c -g -O2  conftest.c >&5
configure:5062: $? = 0
configure:5062: result: yes
configure:5062: checking for stdlib.h
configure:5062: gcc -c -g -O2  conftest.c >&5
configure:5062: $? = 0
configure:5062: result: yes
configure:5062: checking for string.h
configure:5062: gcc -c -g -O2  conftest.c >&5
configure:5062: $? = 0
configure:5062: result: yes
configure:5062: checking for memory.h
configure:5062: gcc -c -g -O2  conftest.c >&5
configure:5062: $? = 0
configure:5062: result: yes
configure:5062: checking for strings.h
configure:5062: gcc -c -g -O2  conftest.c >&5
configure:5062: $? = 0
configure:5062: result: yes
configure:5062: checking for inttypes.h
configure:5062: gcc -c -g -O2  conftest.c >&5
configure:5062: $? = 0
configure:5062: result: yes
configure:5062: checking for stdint.h
configure:5062: gcc -c -g -O2  conftest.c >&5
configure:5062: $? = 0
configure:5062: result: yes
configure:5062: checking for unistd.h
configure:5062: gcc -c -g -O2  conftest.c >&5
configure:5062: $? = 0
configure:5062: result: yes
configure:5074: checking for size_t
configure:5074: gcc -c -g -O2  conftest.c >&5
configure:5074: $? = 0
configure:5074: gcc -c -g -O2  conftest.c >&5
conftest.c: In function 'main':
conftest.c:59:21: error: expected expression before ')' token
 if (sizeof ((size_t)))
                     ^
configure:5074: $? = 1
configure: failed program was:
| /* confdefs.h */
| #define PACKAGE_NAME "omi"
| #define PACKAGE_TARNAME "omi"
| #define PACKAGE_VERSION "0.1"
| #define PACKAGE_STRING "omi 0.1"
| #define PACKAGE_BUGREPORT "fbohorquez@omi.org"
| #define PACKAGE_URL ""
| #define PACKAGE "omi"
| #define VERSION "0.1"
| #define HAVE_LIBREADLINE 1
| #define HAVE_LIBBOOST_REGEX 1
| #define STDC_HEADERS 1
| #define HAVE_SYS_TYPES_H 1
| #define HAVE_SYS_STAT_H 1
| #define HAVE_STDLIB_H 1
| #define HAVE_STRING_H 1
| #define HAVE_MEMORY_H 1
| #define HAVE_STRINGS_H 1
| #define HAVE_INTTYPES_H 1
| #define HAVE_STDINT_H 1
| #define HAVE_UNISTD_H 1
| /* end confdefs.h.  */
| #include <stdio.h>
| #ifdef HAVE_SYS_TYPES_H
| # include <sys/types.h>
| #endif
| #ifdef HAVE_SYS_STAT_H
| # include <sys/stat.h>
| #endif
| #ifdef STDC_HEADERS
| # include <stdlib.h>
| # include <stddef.h>
| #else
| # ifdef HAVE_STDLIB_H
| #  include <stdlib.h>
| # endif
| #endif
| #ifdef HAVE_STRING_H
| # if !defined STDC_HEADERS && defined HAVE_MEMORY_H
| #  include <memory.h>
| # endif
| # include <string.h>
| #endif
| #ifdef HAVE_STRINGS_H
| # include <strings.h>
| #endif
| #ifdef HAVE_INTTYPES_H
| # include <inttypes.h>
| #endif
| #ifdef HAVE_STDINT_H
| # include <stdint.h>
| #endif
| #ifdef HAVE_UNISTD_H
| # include <unistd.h>
| #endif
| int
| main ()
| {
| if (sizeof ((size_t)))
| 	    return 0;
|   ;
|   return 0;
| }
configure:5074: result: yes
configure:5087: checking for working alloca.h
configure:5104: gcc -o conftest -g -O2   conftest.c -lboost_regex -lreadline  >&5
configure:5104: $? = 0
configure:5112: result: yes
configure:5120: checking for alloca
configure:5157: gcc -o conftest -g -O2   conftest.c -lboost_regex -lreadline  >&5
configure:5157: $? = 0
configure:5165: result: yes
configure:5274: checking for inttypes.h
configure:5274: result: yes
configure:5274: checking libintl.h usability
configure:5274: gcc -c -g -O2  conftest.c >&5
configure:5274: $? = 0
configure:5274: result: yes
configure:5274: checking libintl.h presence
configure:5274: gcc -E  conftest.c
configure:5274: $? = 0
configure:5274: result: yes
configure:5274: checking for libintl.h
configure:5274: result: yes
configure:5274: checking malloc.h usability
configure:5274: gcc -c -g -O2  conftest.c >&5
configure:5274: $? = 0
configure:5274: result: yes
configure:5274: checking malloc.h presence
configure:5274: gcc -E  conftest.c
configure:5274: $? = 0
configure:5274: result: yes
configure:5274: checking for malloc.h
configure:5274: result: yes
configure:5274: checking stddef.h usability
configure:5274: gcc -c -g -O2  conftest.c >&5
configure:5274: $? = 0
configure:5274: result: yes
configure:5274: checking stddef.h presence
configure:5274: gcc -E  conftest.c
configure:5274: $? = 0
configure:5274: result: yes
configure:5274: checking for stddef.h
configure:5274: result: yes
configure:5274: checking for stdlib.h
configure:5274: result: yes
configure:5274: checking for string.h
configure:5274: result: yes
configure:5274: checking for unistd.h
configure:5274: result: yes
configure:5286: checking for stdbool.h that conforms to C99
configure:5353: gcc -c -g -O2  conftest.c >&5
configure:5353: $? = 0
configure:5360: result: yes
configure:5362: checking for _Bool
configure:5362: gcc -c -g -O2  conftest.c >&5
configure:5362: $? = 0
configure:5362: gcc -c -g -O2  conftest.c >&5
conftest.c: In function 'main':
conftest.c:68:20: error: expected expression before ')' token
 if (sizeof ((_Bool)))
                    ^
configure:5362: $? = 1
configure: failed program was:
| /* confdefs.h */
| #define PACKAGE_NAME "omi"
| #define PACKAGE_TARNAME "omi"
| #define PACKAGE_VERSION "0.1"
| #define PACKAGE_STRING "omi 0.1"
| #define PACKAGE_BUGREPORT "fbohorquez@omi.org"
| #define PACKAGE_URL ""
| #define PACKAGE "omi"
| #define VERSION "0.1"
| #define HAVE_LIBREADLINE 1
| #define HAVE_LIBBOOST_REGEX 1
| #define STDC_HEADERS 1
| #define HAVE_SYS_TYPES_H 1
| #define HAVE_SYS_STAT_H 1
| #define HAVE_STDLIB_H 1
| #define HAVE_STRING_H 1
| #define HAVE_MEMORY_H 1
| #define HAVE_STRINGS_H 1
| #define HAVE_INTTYPES_H 1
| #define HAVE_STDINT_H 1
| #define HAVE_UNISTD_H 1
| #define HAVE_ALLOCA_H 1
| #define HAVE_ALLOCA 1
| #define HAVE_INTTYPES_H 1
| #define HAVE_LIBINTL_H 1
| #define HAVE_MALLOC_H 1
| #define HAVE_STDDEF_H 1
| #define HAVE_STDLIB_H 1
| #define HAVE_STRING_H 1
| #define HAVE_UNISTD_H 1
| /* end confdefs.h.  */
| #include <stdio.h>
| #ifdef HAVE_SYS_TYPES_H
| # include <sys/types.h>
| #endif
| #ifdef HAVE_SYS_STAT_H
| # include <sys/stat.h>
| #endif
| #ifdef STDC_HEADERS
| # include <stdlib.h>
| # include <stddef.h>
| #else
| # ifdef HAVE_STDLIB_H
| #  include <stdlib.h>
| # endif
| #endif
| #ifdef HAVE_STRING_H
| # if !defined STDC_HEADERS && defined HAVE_MEMORY_H
| #  include <memory.h>
| # endif
| # include <string.h>
| #endif
| #ifdef HAVE_STRINGS_H
| # include <strings.h>
| #endif
| #ifdef HAVE_INTTYPES_H
| # include <inttypes.h>
| #endif
| #ifdef HAVE_STDINT_H
| # include <stdint.h>
| #endif
| #ifdef HAVE_UNISTD_H
| # include <unistd.h>
| #endif
| int
| main ()
| {
| if (sizeof ((_Bool)))
| 	    return 0;
|   ;
|   return 0;
| }
configure:5362: result: yes
configure:5379: checking for inline
configure:5395: gcc -c -g -O2  conftest.c >&5
configure:5395: $? = 0
configure:5403: result: inline
configure:5421: checking for int16_t
configure:5421: gcc -c -g -O2  conftest.c >&5
configure:5421: $? = 0
configure:5421: gcc -c -g -O2  conftest.c >&5
conftest.c: In function 'main':
conftest.c:71:12: error: size of array 'test_array' is negative
 static int test_array [1 - 2 * !((int16_t) (((((int16_t) 1 << N) << N) - 1) * 2 + 1)
            ^
configure:5421: $? = 1
configure: failed program was:
| /* confdefs.h */
| #define PACKAGE_NAME "omi"
| #define PACKAGE_TARNAME "omi"
| #define PACKAGE_VERSION "0.1"
| #define PACKAGE_STRING "omi 0.1"
| #define PACKAGE_BUGREPORT "fbohorquez@omi.org"
| #define PACKAGE_URL ""
| #define PACKAGE "omi"
| #define VERSION "0.1"
| #define HAVE_LIBREADLINE 1
| #define HAVE_LIBBOOST_REGEX 1
| #define STDC_HEADERS 1
| #define HAVE_SYS_TYPES_H 1
| #define HAVE_SYS_STAT_H 1
| #define HAVE_STDLIB_H 1
| #define HAVE_STRING_H 1
| #define HAVE_MEMORY_H 1
| #define HAVE_STRINGS_H 1
| #define HAVE_INTTYPES_H 1
| #define HAVE_STDINT_H 1
| #define HAVE_UNISTD_H 1
| #define HAVE_ALLOCA_H 1
| #define HAVE_ALLOCA 1
| #define HAVE_INTTYPES_H 1
| #define HAVE_LIBINTL_H 1
| #define HAVE_MALLOC_H 1
| #define HAVE_STDDEF_H 1
| #define HAVE_STDLIB_H 1
| #define HAVE_STRING_H 1
| #define HAVE_UNISTD_H 1
| #define HAVE__BOOL 1
| #define HAVE_STDBOOL_H 1
| /* end confdefs.h.  */
| #include <stdio.h>
| #ifdef HAVE_SYS_TYPES_H
| # include <sys/types.h>
| #endif
| #ifdef HAVE_SYS_STAT_H
| # include <sys/stat.h>
| #endif
| #ifdef STDC_HEADERS
| # include <stdlib.h>
| # include <stddef.h>
| #else
| # ifdef HAVE_STDLIB_H
| #  include <stdlib.h>
| # endif
| #endif
| #ifdef HAVE_STRING_H
| # if !defined STDC_HEADERS && defined HAVE_MEMORY_H
| #  include <memory.h>
| # endif
| # include <string.h>
| #endif
| #ifdef HAVE_STRINGS_H
| # include <strings.h>
| #endif
| #ifdef HAVE_INTTYPES_H
| # include <inttypes.h>
| #endif
| #ifdef HAVE_STDINT_H
| # include <stdint.h>
| #endif
| #ifdef HAVE_UNISTD_H
| # include <unistd.h>
| #endif
| 	        enum { N = 16 / 2 - 1 };
| int
| main ()
| {
| static int test_array [1 - 2 * !((int16_t) (((((int16_t) 1 << N) << N) - 1) * 2 + 1)
| 		 < (int16_t) (((((int16_t) 1 << N) << N) - 1) * 2 + 2))];
| test_array [0] = 0;
| return test_array [0];
| 
|   ;
|   return 0;
| }
configure:5421: result: yes
configure:5432: checking for int32_t
configure:5432: gcc -c -g -O2  conftest.c >&5
configure:5432: $? = 0
configure:5432: gcc -c -g -O2  conftest.c >&5
conftest.c: In function 'main':
conftest.c:72:53: warning: integer overflow in expression [-Woverflow]
    < (int32_t) (((((int32_t) 1 << N) << N) - 1) * 2 + 2))];
                                                     ^
conftest.c:71:12: error: storage size of 'test_array' isn't constant
 static int test_array [1 - 2 * !((int32_t) (((((int32_t) 1 << N) << N) - 1) * 2 + 1)
            ^
configure:5432: $? = 1
configure: failed program was:
| /* confdefs.h */
| #define PACKAGE_NAME "omi"
| #define PACKAGE_TARNAME "omi"
| #define PACKAGE_VERSION "0.1"
| #define PACKAGE_STRING "omi 0.1"
| #define PACKAGE_BUGREPORT "fbohorquez@omi.org"
| #define PACKAGE_URL ""
| #define PACKAGE "omi"
| #define VERSION "0.1"
| #define HAVE_LIBREADLINE 1
| #define HAVE_LIBBOOST_REGEX 1
| #define STDC_HEADERS 1
| #define HAVE_SYS_TYPES_H 1
| #define HAVE_SYS_STAT_H 1
| #define HAVE_STDLIB_H 1
| #define HAVE_STRING_H 1
| #define HAVE_MEMORY_H 1
| #define HAVE_STRINGS_H 1
| #define HAVE_INTTYPES_H 1
| #define HAVE_STDINT_H 1
| #define HAVE_UNISTD_H 1
| #define HAVE_ALLOCA_H 1
| #define HAVE_ALLOCA 1
| #define HAVE_INTTYPES_H 1
| #define HAVE_LIBINTL_H 1
| #define HAVE_MALLOC_H 1
| #define HAVE_STDDEF_H 1
| #define HAVE_STDLIB_H 1
| #define HAVE_STRING_H 1
| #define HAVE_UNISTD_H 1
| #define HAVE__BOOL 1
| #define HAVE_STDBOOL_H 1
| /* end confdefs.h.  */
| #include <stdio.h>
| #ifdef HAVE_SYS_TYPES_H
| # include <sys/types.h>
| #endif
| #ifdef HAVE_SYS_STAT_H
| # include <sys/stat.h>
| #endif
| #ifdef STDC_HEADERS
| # include <stdlib.h>
| # include <stddef.h>
| #else
| # ifdef HAVE_STDLIB_H
| #  include <stdlib.h>
| # endif
| #endif
| #ifdef HAVE_STRING_H
| # if !defined STDC_HEADERS && defined HAVE_MEMORY_H
| #  include <memory.h>
| # endif
| # include <string.h>
| #endif
| #ifdef HAVE_STRINGS_H
| # include <strings.h>
| #endif
| #ifdef HAVE_INTTYPES_H
| # include <inttypes.h>
| #endif
| #ifdef HAVE_STDINT_H
| # include <stdint.h>
| #endif
| #ifdef HAVE_UNISTD_H
| # include <unistd.h>
| #endif
| 	        enum { N = 32 / 2 - 1 };
| int
| main ()
| {
| static int test_array [1 - 2 * !((int32_t) (((((int32_t) 1 << N) << N) - 1) * 2 + 1)
| 		 < (int32_t) (((((int32_t) 1 << N) << N) - 1) * 2 + 2))];
| test_array [0] = 0;
| return test_array [0];
| 
|   ;
|   return 0;
| }
configure:5432: result: yes
configure:5443: checking for int8_t
configure:5443: gcc -c -g -O2  conftest.c >&5
configure:5443: $? = 0
configure:5443: gcc -c -g -O2  conftest.c >&5
conftest.c: In function 'main':
conftest.c:71:12: error: size of array 'test_array' is negative
 static int test_array [1 - 2 * !((int8_t) (((((int8_t) 1 << N) << N) - 1) * 2 + 1)
            ^
configure:5443: $? = 1
configure: failed program was:
| /* confdefs.h */
| #define PACKAGE_NAME "omi"
| #define PACKAGE_TARNAME "omi"
| #define PACKAGE_VERSION "0.1"
| #define PACKAGE_STRING "omi 0.1"
| #define PACKAGE_BUGREPORT "fbohorquez@omi.org"
| #define PACKAGE_URL ""
| #define PACKAGE "omi"
| #define VERSION "0.1"
| #define HAVE_LIBREADLINE 1
| #define HAVE_LIBBOOST_REGEX 1
| #define STDC_HEADERS 1
| #define HAVE_SYS_TYPES_H 1
| #define HAVE_SYS_STAT_H 1
| #define HAVE_STDLIB_H 1
| #define HAVE_STRING_H 1
| #define HAVE_MEMORY_H 1
| #define HAVE_STRINGS_H 1
| #define HAVE_INTTYPES_H 1
| #define HAVE_STDINT_H 1
| #define HAVE_UNISTD_H 1
| #define HAVE_ALLOCA_H 1
| #define HAVE_ALLOCA 1
| #define HAVE_INTTYPES_H 1
| #define HAVE_LIBINTL_H 1
| #define HAVE_MALLOC_H 1
| #define HAVE_STDDEF_H 1
| #define HAVE_STDLIB_H 1
| #define HAVE_STRING_H 1
| #define HAVE_UNISTD_H 1
| #define HAVE__BOOL 1
| #define HAVE_STDBOOL_H 1
| /* end confdefs.h.  */
| #include <stdio.h>
| #ifdef HAVE_SYS_TYPES_H
| # include <sys/types.h>
| #endif
| #ifdef HAVE_SYS_STAT_H
| # include <sys/stat.h>
| #endif
| #ifdef STDC_HEADERS
| # include <stdlib.h>
| # include <stddef.h>
| #else
| # ifdef HAVE_STDLIB_H
| #  include <stdlib.h>
| # endif
| #endif
| #ifdef HAVE_STRING_H
| # if !defined STDC_HEADERS && defined HAVE_MEMORY_H
| #  include <memory.h>
| # endif
| # include <string.h>
| #endif
| #ifdef HAVE_STRINGS_H
| # include <strings.h>
| #endif
| #ifdef HAVE_INTTYPES_H
| # include <inttypes.h>
| #endif
| #ifdef HAVE_STDINT_H
| # include <stdint.h>
| #endif
| #ifdef HAVE_UNISTD_H
| # include <unistd.h>
| #endif
| 	        enum { N = 8 / 2 - 1 };
| int
| main ()
| {
| static int test_array [1 - 2 * !((int8_t) (((((int8_t) 1 << N) << N) - 1) * 2 + 1)
| 		 < (int8_t) (((((int8_t) 1 << N) << N) - 1) * 2 + 2))];
| test_array [0] = 0;
| return test_array [0];
| 
|   ;
|   return 0;
| }
configure:5443: result: yes
configure:5454: checking for size_t
configure:5454: result: yes
configure:5465: checking for uint16_t
configure:5465: gcc -c -g -O2  conftest.c >&5
configure:5465: $? = 0
configure:5465: result: yes
configure:5477: checking for uint32_t
configure:5477: gcc -c -g -O2  conftest.c >&5
configure:5477: $? = 0
configure:5477: result: yes
configure:5491: checking for uint8_t
configure:5491: gcc -c -g -O2  conftest.c >&5
configure:5491: $? = 0
configure:5491: result: yes
configure:5507: checking for error_at_line
configure:5523: gcc -o conftest -g -O2   conftest.c -lboost_regex -lreadline  >&5
configure:5523: $? = 0
configure:5531: result: yes
configure:5544: checking for stdlib.h
configure:5544: result: yes
configure:5554: checking for GNU libc compatible malloc
configure:5578: gcc -o conftest -g -O2   conftest.c -lboost_regex -lreadline  >&5
configure:5578: $? = 0
configure:5578: ./conftest
configure:5578: $? = 0
configure:5588: result: yes
configure:5611: checking for stdlib.h
configure:5611: result: yes
configure:5621: checking for GNU libc compatible realloc
configure:5645: gcc -o conftest -g -O2   conftest.c -lboost_regex -lreadline  >&5
configure:5645: $? = 0
configure:5645: ./conftest
configure:5645: $? = 0
configure:5655: result: yes
configure:5679: checking for memset
configure:5679: gcc -o conftest -g -O2   conftest.c -lboost_regex -lreadline  >&5
conftest.c:61:6: warning: conflicting types for built-in function 'memset'
 char memset ();
      ^
configure:5679: $? = 0
configure:5679: result: yes
configure:5679: checking for pow
configure:5679: gcc -o conftest -g -O2   conftest.c -lboost_regex -lreadline  >&5
conftest.c:62:6: warning: conflicting types for built-in function 'pow'
 char pow ();
      ^
/tmp/ccFi4S9U.o: In function `main':
/home/franj/projects/omi/trunk/conftest.c:73: undefined reference to `pow'
collect2: error: ld returned 1 exit status
configure:5679: $? = 1
configure: failed program was:
| /* confdefs.h */
| #define PACKAGE_NAME "omi"
| #define PACKAGE_TARNAME "omi"
| #define PACKAGE_VERSION "0.1"
| #define PACKAGE_STRING "omi 0.1"
| #define PACKAGE_BUGREPORT "fbohorquez@omi.org"
| #define PACKAGE_URL ""
| #define PACKAGE "omi"
| #define VERSION "0.1"
| #define HAVE_LIBREADLINE 1
| #define HAVE_LIBBOOST_REGEX 1
| #define STDC_HEADERS 1
| #define HAVE_SYS_TYPES_H 1
| #define HAVE_SYS_STAT_H 1
| #define HAVE_STDLIB_H 1
| #define HAVE_STRING_H 1
| #define HAVE_MEMORY_H 1
| #define HAVE_STRINGS_H 1
| #define HAVE_INTTYPES_H 1
| #define HAVE_STDINT_H 1
| #define HAVE_UNISTD_H 1
| #define HAVE_ALLOCA_H 1
| #define HAVE_ALLOCA 1
| #define HAVE_INTTYPES_H 1
| #define HAVE_LIBINTL_H 1
| #define HAVE_MALLOC_H 1
| #define HAVE_STDDEF_H 1
| #define HAVE_STDLIB_H 1
| #define HAVE_STRING_H 1
| #define HAVE_UNISTD_H 1
| #define HAVE__BOOL 1
| #define HAVE_STDBOOL_H 1
| #define HAVE_STDLIB_H 1
| #define HAVE_MALLOC 1
| #define HAVE_STDLIB_H 1
| #define HAVE_REALLOC 1
| #define HAVE_MEMSET 1
| /* end confdefs.h.  */
| /* Define pow to an innocuous variant, in case <limits.h> declares pow.
|    For example, HP-UX 11i <limits.h> declares gettimeofday.  */
| #define pow innocuous_pow
| 
| /* System header to define __stub macros and hopefully few prototypes,
|     which can conflict with char pow (); below.
|     Prefer <limits.h> to <assert.h> if __STDC__ is defined, since
|     <limits.h> exists even on freestanding compilers.  */
| 
| #ifdef __STDC__
| # include <limits.h>
| #else
| # include <assert.h>
| #endif
| 
| #undef pow
| 
| /* Override any GCC internal prototype to avoid an error.
|    Use char because int might match the return type of a GCC
|    builtin and then its argument prototype would still apply.  */
| #ifdef __cplusplus
| extern "C"
| #endif
| char pow ();
| /* The GNU C library defines this for functions which it implements
|     to always fail with ENOSYS.  Some functions are actually named
|     something starting with __ and the normal name is an alias.  */
| #if defined __stub_pow || defined __stub___pow
| choke me
| #endif
| 
| int
| main ()
| {
| return pow ();
|   ;
|   return 0;
| }
configure:5679: result: no
configure:5922: checking that generated files are newer than configure
configure:5928: result: done
configure:5955: creating ./config.status

## ---------------------- ##
## Running config.status. ##
## ---------------------- ##

This file was extended by omi config.status 0.1, which was
generated by GNU Autoconf 2.69.  Invocation command line was

  CONFIG_FILES    = 
  CONFIG_HEADERS  = 
  CONFIG_LINKS    = 
  CONFIG_COMMANDS = 
  $ ./config.status 

on sobremesa

config.status:891: creating Makefile
config.status:891: creating src/Makefile
config.status:891: creating config.h
config.status:1072: config.h is unchanged
config.status:1120: executing depfiles commands

## ---------------- ##
## Cache variables. ##
## ---------------- ##

ac_cv_c_compiler_gnu=yes
ac_cv_c_inline=inline
ac_cv_c_int16_t=yes
ac_cv_c_int32_t=yes
ac_cv_c_int8_t=yes
ac_cv_c_uint16_t=yes
ac_cv_c_uint32_t=yes
ac_cv_c_uint8_t=yes
ac_cv_cxx_compiler_gnu=yes
ac_cv_env_CCC_set=
ac_cv_env_CCC_value=
ac_cv_env_CC_set=
ac_cv_env_CC_value=
ac_cv_env_CFLAGS_set=
ac_cv_env_CFLAGS_value=
ac_cv_env_CPPFLAGS_set=
ac_cv_env_CPPFLAGS_value=
ac_cv_env_CPP_set=
ac_cv_env_CPP_value=
ac_cv_env_CXXFLAGS_set=
ac_cv_env_CXXFLAGS_value=
ac_cv_env_CXX_set=
ac_cv_env_CXX_value=
ac_cv_env_JSON_set=
ac_cv_env_JSON_value=
ac_cv_env_LDFLAGS_set=
ac_cv_env_LDFLAGS_value=
ac_cv_env_LIBS_set=
ac_cv_env_LIBS_value=
ac_cv_env_PKG_CONFIG_LIBDIR_set=
ac_cv_env_PKG_CONFIG_LIBDIR_value=
ac_cv_env_PKG_CONFIG_PATH_set=
ac_cv_env_PKG_CONFIG_PATH_value=
ac_cv_env_PKG_CONFIG_set=
ac_cv_env_PKG_CONFIG_value=
ac_cv_env_SERVER_set=
ac_cv_env_SERVER_value=
ac_cv_env_build_alias_set=
ac_cv_env_build_alias_value=
ac_cv_env_host_alias_set=
ac_cv_env_host_alias_value=
ac_cv_env_numPrecision_set=
ac_cv_env_numPrecision_value=
ac_cv_env_numType_set=
ac_cv_env_numType_value=
ac_cv_env_refCType_set=
ac_cv_env_refCType_value=
ac_cv_env_sizeNode_set=
ac_cv_env_sizeNode_value=
ac_cv_env_target_alias_set=
ac_cv_env_target_alias_value=
ac_cv_func_alloca_works=yes
ac_cv_func_malloc_0_nonnull=yes
ac_cv_func_memset=yes
ac_cv_func_pow=no
ac_cv_func_realloc_0_nonnull=yes
ac_cv_header_inttypes_h=yes
ac_cv_header_libintl_h=yes
ac_cv_header_malloc_h=yes
ac_cv_header_memory_h=yes
ac_cv_header_stdbool_h=yes
ac_cv_header_stdc=yes
ac_cv_header_stddef_h=yes
ac_cv_header_stdint_h=yes
ac_cv_header_stdlib_h=yes
ac_cv_header_string_h=yes
ac_cv_header_strings_h=yes
ac_cv_header_sys_stat_h=yes
ac_cv_header_sys_types_h=yes
ac_cv_header_unistd_h=yes
ac_cv_lib_boost_regex_main=yes
ac_cv_lib_error_at_line=yes
ac_cv_lib_readline_readline=yes
ac_cv_objext=o
ac_cv_path_EGREP='/bin/grep -E'
ac_cv_path_GREP=/bin/grep
ac_cv_path_ac_pt_PKG_CONFIG=/usr/bin/pkg-config
ac_cv_path_install='/usr/bin/install -c'
ac_cv_path_mkdir=/bin/mkdir
ac_cv_prog_AWK=gawk
ac_cv_prog_CPP='gcc -E'
ac_cv_prog_ac_ct_CC=gcc
ac_cv_prog_ac_ct_CXX=g++
ac_cv_prog_cc_c89=
ac_cv_prog_cc_g=yes
ac_cv_prog_cxx_g=yes
ac_cv_prog_make_make_set=yes
ac_cv_type__Bool=yes
ac_cv_type_size_t=yes
ac_cv_working_alloca_h=yes
am_cv_CC_dependencies_compiler_type=gcc3
am_cv_CXX_dependencies_compiler_type=gcc3
am_cv_make_support_nested_variables=yes
am_cv_prog_cc_c_o=yes

## ----------------- ##
## Output variables. ##
## ----------------- ##

ACLOCAL='${SHELL} /home/franj/projects/omi/trunk/missing aclocal-1.14'
ALLOCA=''
AMDEPBACKSLASH='\'
AMDEP_FALSE='#'
AMDEP_TRUE=''
AMTAR='$${TAR-tar}'
AM_BACKSLASH='\'
AM_CXXFLAGS=''
AM_DEFAULT_V='$(AM_DEFAULT_VERBOSITY)'
AM_DEFAULT_VERBOSITY='1'
AM_V='$(V)'
AUTOCONF='${SHELL} /home/franj/projects/omi/trunk/missing autoconf'
AUTOHEADER='${SHELL} /home/franj/projects/omi/trunk/missing autoheader'
AUTOMAKE='${SHELL} /home/franj/projects/omi/trunk/missing automake-1.14'
AWK='gawk'
CC='gcc'
CCDEPMODE='depmode=gcc3'
CFLAGS='-g -O2'
CPP='gcc -E'
CPPFLAGS=''
CXX='g++'
CXXDEPMODE='depmode=gcc3'
CXXFLAGS='-g -O2'
CYGPATH_W='echo'
DEFS='-DHAVE_CONFIG_H'
DEPDIR='.deps'
ECHO_C=''
ECHO_N='-n'
ECHO_T=''
EGREP='/bin/grep -E'
EXEEXT=''
GREP='/bin/grep'
INSTALL_DATA='${INSTALL} -m 644'
INSTALL_PROGRAM='${INSTALL}'
INSTALL_SCRIPT='${INSTALL}'
INSTALL_STRIP_PROGRAM='$(install_sh) -c -s'
JSON='0'
LDFLAGS=''
LIBOBJS=''
LIBS='-lboost_regex -lreadline '
LTLIBOBJS=''
MAKEINFO='${SHELL} /home/franj/projects/omi/trunk/missing makeinfo'
MKDIR_P='/bin/mkdir -p'
OBJEXT='o'
PACKAGE='omi'
PACKAGE_BUGREPORT='fbohorquez@omi.org'
PACKAGE_NAME='omi'
PACKAGE_STRING='omi 0.1'
PACKAGE_TARNAME='omi'
PACKAGE_URL=''
PACKAGE_VERSION='0.1'
PATH_SEPARATOR=':'
PKG_CONFIG='/usr/bin/pkg-config'
PKG_CONFIG_LIBDIR=''
PKG_CONFIG_PATH=''
SERVER='1'
SET_MAKE=''
SHELL='/bin/bash'
STRIP=''
VERSION='0.1'
ac_ct_CC='gcc'
ac_ct_CXX='g++'
am__EXEEXT_FALSE=''
am__EXEEXT_TRUE='#'
am__fastdepCC_FALSE='#'
am__fastdepCC_TRUE=''
am__fastdepCXX_FALSE='#'
am__fastdepCXX_TRUE=''
am__include='include'
am__isrc=''
am__leading_dot='.'
am__nodep='_no'
am__quote=''
am__tar='$${TAR-tar} chof - "$$tardir"'
am__untar='$${TAR-tar} xf -'
bindir='${exec_prefix}/bin'
build_alias=''
datadir='${datarootdir}'
datarootdir='${prefix}/share'
db=''
db_flag=''
db_lib=''
docdir='${datarootdir}/doc/${PACKAGE_TARNAME}'
dvidir='${docdir}'
exec_prefix='${prefix}'
host_alias=''
htmldir='${docdir}'
includedir='${prefix}/include'
infodir='${datarootdir}/info'
install_sh='${SHELL} /home/franj/projects/omi/trunk/install-sh'
libdir='${exec_prefix}/lib'
libexecdir='${exec_prefix}/libexec'
localedir='${datarootdir}/locale'
localstatedir='${prefix}/var'
mandir='${datarootdir}/man'
mkdir_p='$(MKDIR_P)'
numPrecision='15'
numType='double'
oldincludedir='/usr/include'
pdfdir='${docdir}'
prefix='/usr/local'
program_transform_name='s,x,x,'
psdir='${docdir}'
refCType='unsigned int'
sbindir='${exec_prefix}/sbin'
sharedstatedir='${prefix}/com'
sizeNode=''
sysconfdir='${prefix}/etc'
target_alias=''

## ----------- ##
## confdefs.h. ##
## ----------- ##

/* confdefs.h */
#define PACKAGE_NAME "omi"
#define PACKAGE_TARNAME "omi"
#define PACKAGE_VERSION "0.1"
#define PACKAGE_STRING "omi 0.1"
#define PACKAGE_BUGREPORT "fbohorquez@omi.org"
#define PACKAGE_URL ""
#define PACKAGE "omi"
#define VERSION "0.1"
#define HAVE_LIBREADLINE 1
#define HAVE_LIBBOOST_REGEX 1
#define STDC_HEADERS 1
#define HAVE_SYS_TYPES_H 1
#define HAVE_SYS_STAT_H 1
#define HAVE_STDLIB_H 1
#define HAVE_STRING_H 1
#define HAVE_MEMORY_H 1
#define HAVE_STRINGS_H 1
#define HAVE_INTTYPES_H 1
#define HAVE_STDINT_H 1
#define HAVE_UNISTD_H 1
#define HAVE_ALLOCA_H 1
#define HAVE_ALLOCA 1
#define HAVE_INTTYPES_H 1
#define HAVE_LIBINTL_H 1
#define HAVE_MALLOC_H 1
#define HAVE_STDDEF_H 1
#define HAVE_STDLIB_H 1
#define HAVE_STRING_H 1
#define HAVE_UNISTD_H 1
#define HAVE__BOOL 1
#define HAVE_STDBOOL_H 1
#define HAVE_STDLIB_H 1
#define HAVE_MALLOC 1
#define HAVE_STDLIB_H 1
#define HAVE_REALLOC 1
#define HAVE_MEMSET 1

configure: exit 0

## ---------------------- ##
## Running config.status. ##
## ---------------------- ##

This file was extended by omi config.status 0.1, which was
generated by GNU Autoconf 2.69.  Invocation command line was

  CONFIG_FILES    = 
  CONFIG_HEADERS  = 
  CONFIG_LINKS    = 
  CONFIG_COMMANDS = 
  $ ./config.status config.h

on sobremesa

config.status:891: creating config.h
config.status:1072: config.h is unchanged
