\BOOKMARK [1][-]{section.1}{Introducci\363n}{}% 1
\BOOKMARK [1][-]{section.2}{Caracter\355sticas}{}% 2
\BOOKMARK [1][-]{section.3}{Requisitos previos}{}% 3
\BOOKMARK [1][-]{section.4}{Uso del sistema}{}% 4
\BOOKMARK [2][-]{subsection.4.1}{Obtener OMI}{section.4}% 5
\BOOKMARK [2][-]{subsection.4.2}{Instalaci\363n}{section.4}% 6
\BOOKMARK [3][-]{subsubsection.4.2.1}{Compilaci\363n e instalaci\363n desde c\363digo fuente}{subsection.4.2}% 7
\BOOKMARK [3][-]{subsubsection.4.2.2}{Instalaci\363n mediante paquete .deb}{subsection.4.2}% 8
\BOOKMARK [2][-]{subsection.4.3}{Interprete}{section.4}% 9
\BOOKMARK [2][-]{subsection.4.4}{Referencias del lenguaje}{section.4}% 10
\BOOKMARK [3][-]{subsubsection.4.4.1}{Sentencias}{subsection.4.4}% 11
\BOOKMARK [3][-]{subsubsection.4.4.2}{Comentarios}{subsection.4.4}% 12
\BOOKMARK [3][-]{subsubsection.4.4.3}{Ejecuci\363n}{subsection.4.4}% 13
\BOOKMARK [3][-]{subsubsection.4.4.4}{Identificadores}{subsection.4.4}% 14
\BOOKMARK [4][-]{paragraph.4.4.4.1}{Palabras reservadas}{subsubsection.4.4.4}% 15
\BOOKMARK [3][-]{subsubsection.4.4.5}{Tipos de datos}{subsection.4.4}% 16
\BOOKMARK [4][-]{paragraph.4.4.5.1}{Booleano}{subsubsection.4.4.5}% 17
\BOOKMARK [4][-]{paragraph.4.4.5.2}{Num\351rico}{subsubsection.4.4.5}% 18
\BOOKMARK [4][-]{paragraph.4.4.5.3}{Cadena de caracteres}{subsubsection.4.4.5}% 19
\BOOKMARK [4][-]{paragraph.4.4.5.4}{Array}{subsubsection.4.4.5}% 20
\BOOKMARK [4][-]{paragraph.4.4.5.5}{Objetos}{subsubsection.4.4.5}% 21
\BOOKMARK [4][-]{paragraph.4.4.5.6}{Nulo}{subsubsection.4.4.5}% 22
\BOOKMARK [4][-]{paragraph.4.4.5.7}{Funci\363n}{subsubsection.4.4.5}% 23
\BOOKMARK [4][-]{paragraph.4.4.5.8}{Expresi\363n regular}{subsubsection.4.4.5}% 24
\BOOKMARK [4][-]{paragraph.4.4.5.9}{Conversi\363n impl\355cita entre tipos de datos}{subsubsection.4.4.5}% 25
\BOOKMARK [3][-]{subsubsection.4.4.6}{Operadores}{subsection.4.4}% 26
\BOOKMARK [4][-]{paragraph.4.4.6.1}{Operadores l\363gicos}{subsubsection.4.4.6}% 27
\BOOKMARK [4][-]{paragraph.4.4.6.2}{Operadores de comparaci\363n}{subsubsection.4.4.6}% 28
\BOOKMARK [4][-]{paragraph.4.4.6.3}{Operadores aritm\351ticos}{subsubsection.4.4.6}% 29
\BOOKMARK [4][-]{paragraph.4.4.6.4}{Operadores sobre cadenas de caracteres}{subsubsection.4.4.6}% 30
\BOOKMARK [4][-]{paragraph.4.4.6.5}{Operadores de asignaci\363n}{subsubsection.4.4.6}% 31
\BOOKMARK [4][-]{paragraph.4.4.6.6}{Operadores de incremento y decremento}{subsubsection.4.4.6}% 32
\BOOKMARK [4][-]{paragraph.4.4.6.7}{Operadores de conversi\363n de tipo}{subsubsection.4.4.6}% 33
\BOOKMARK [4][-]{paragraph.4.4.6.8}{Operadores sobre arrays}{subsubsection.4.4.6}% 34
\BOOKMARK [4][-]{paragraph.4.4.6.9}{Operadores sobre clases y objetos}{subsubsection.4.4.6}% 35
\BOOKMARK [4][-]{paragraph.4.4.6.10}{Operadores sobre funciones}{subsubsection.4.4.6}% 36
\BOOKMARK [4][-]{paragraph.4.4.6.11}{Operadores comprobacion de tipos}{subsubsection.4.4.6}% 37
\BOOKMARK [4][-]{paragraph.4.4.6.12}{Operadores condicionales}{subsubsection.4.4.6}% 38
\BOOKMARK [4][-]{paragraph.4.4.6.13}{Operadores de entrada/salida}{subsubsection.4.4.6}% 39
\BOOKMARK [4][-]{paragraph.4.4.6.14}{Precedencia de operadores}{subsubsection.4.4.6}% 40
\BOOKMARK [3][-]{subsubsection.4.4.7}{Etiquetas}{subsection.4.4}% 41
\BOOKMARK [3][-]{subsubsection.4.4.8}{Sentencias de control}{subsection.4.4}% 42
\BOOKMARK [4][-]{paragraph.4.4.8.1}{Sentencia condicional if... else...}{subsubsection.4.4.8}% 43
\BOOKMARK [4][-]{paragraph.4.4.8.2}{Sentencia condicional switch... case...}{subsubsection.4.4.8}% 44
\BOOKMARK [4][-]{paragraph.4.4.8.3}{Sentencia iterativa while...}{subsubsection.4.4.8}% 45
\BOOKMARK [4][-]{paragraph.4.4.8.4}{Sentencia iterativa do... while}{subsubsection.4.4.8}% 46
\BOOKMARK [4][-]{paragraph.4.4.8.5}{Sentencia iterativa for...}{subsubsection.4.4.8}% 47
\BOOKMARK [4][-]{paragraph.4.4.8.6}{Sentencia iterativa for... as... y for... in...}{subsubsection.4.4.8}% 48
\BOOKMARK [4][-]{paragraph.4.4.8.7}{Sentencia iterativa \341gil}{subsubsection.4.4.8}% 49
\BOOKMARK [4][-]{paragraph.4.4.8.8}{Sentencia de salto break}{subsubsection.4.4.8}% 50
\BOOKMARK [4][-]{paragraph.4.4.8.9}{Sentencia de salto continue}{subsubsection.4.4.8}% 51
\BOOKMARK [4][-]{paragraph.4.4.8.10}{Sentencia de salto goto}{subsubsection.4.4.8}% 52
\BOOKMARK [4][-]{paragraph.4.4.8.11}{Sentencia include}{subsubsection.4.4.8}% 53
\BOOKMARK [4][-]{paragraph.4.4.8.12}{Sentencia exit}{subsubsection.4.4.8}% 54
\BOOKMARK [4][-]{paragraph.4.4.8.13}{Sentencia with}{subsubsection.4.4.8}% 55
\BOOKMARK [4][-]{paragraph.4.4.8.14}{Sentencia try... catch...}{subsubsection.4.4.8}% 56
\BOOKMARK [4][-]{paragraph.4.4.8.15}{Sentencia throw}{subsubsection.4.4.8}% 57
\BOOKMARK [4][-]{paragraph.4.4.8.16}{Sentencia sleep}{subsubsection.4.4.8}% 58
\BOOKMARK [4][-]{paragraph.4.4.8.17}{Sentencia typeof}{subsubsection.4.4.8}% 59
\BOOKMARK [4][-]{paragraph.4.4.8.18}{Sentencia datInfo}{subsubsection.4.4.8}% 60
\BOOKMARK [3][-]{subsubsection.4.4.9}{Variables}{subsection.4.4}% 61
\BOOKMARK [3][-]{subsubsection.4.4.10}{Referencias}{subsection.4.4}% 62
\BOOKMARK [3][-]{subsubsection.4.4.11}{Funciones}{subsection.4.4}% 63
\BOOKMARK [4][-]{paragraph.4.4.11.1}{Par\341metros con valores por defecto}{subsubsection.4.4.11}% 64
\BOOKMARK [4][-]{paragraph.4.4.11.2}{Paso de par\341metros por referencia}{subsubsection.4.4.11}% 65
\BOOKMARK [4][-]{paragraph.4.4.11.3}{Definici\363n como parte de expresiones}{subsubsection.4.4.11}% 66
\BOOKMARK [4][-]{paragraph.4.4.11.4}{Referencias a funciones }{subsubsection.4.4.11}% 67
\BOOKMARK [4][-]{paragraph.4.4.11.5}{Funciones an\363nimas}{subsubsection.4.4.11}% 68
\BOOKMARK [4][-]{paragraph.4.4.11.6}{Expresiones parametrizadas}{subsubsection.4.4.11}% 69
\BOOKMARK [4][-]{paragraph.4.4.11.7}{Funciones de orden superior}{subsubsection.4.4.11}% 70
\BOOKMARK [4][-]{paragraph.4.4.11.8}{Clausura de funciones}{subsubsection.4.4.11}% 71
\BOOKMARK [4][-]{paragraph.4.4.11.9}{Funci\363n de contexto}{subsubsection.4.4.11}% 72
\BOOKMARK [4][-]{paragraph.4.4.11.10}{Decoradores}{subsubsection.4.4.11}% 73
\BOOKMARK [4][-]{paragraph.4.4.11.11}{Aplicaci\363n parcial}{subsubsection.4.4.11}% 74
\BOOKMARK [3][-]{subsubsection.4.4.12}{Listas por comprensi\363n}{subsection.4.4}% 75
\BOOKMARK [3][-]{subsubsection.4.4.13}{Clases de objeto}{subsection.4.4}% 76
\BOOKMARK [4][-]{paragraph.4.4.13.1}{Accesibilidad de m\351todos y atributos}{subsubsection.4.4.13}% 77
\BOOKMARK [4][-]{paragraph.4.4.13.2}{Atributos y m\351todos est\341ticos}{subsubsection.4.4.13}% 78
\BOOKMARK [4][-]{paragraph.4.4.13.3}{Herencia de clases}{subsubsection.4.4.13}% 79
\BOOKMARK [4][-]{paragraph.4.4.13.4}{Redefinici\363n de clases}{subsubsection.4.4.13}% 80
\BOOKMARK [4][-]{paragraph.4.4.13.5}{Clases bases}{subsubsection.4.4.13}% 81
\BOOKMARK [4][-]{paragraph.4.4.13.6}{Duck typing}{subsubsection.4.4.13}% 82
\BOOKMARK [4][-]{paragraph.4.4.13.7}{M\351todos m\341gicos}{subsubsection.4.4.13}% 83
\BOOKMARK [3][-]{subsubsection.4.4.14}{Entorno del programa}{subsection.4.4}% 84
\BOOKMARK [3][-]{subsubsection.4.4.15}{Excepciones}{subsection.4.4}% 85
\BOOKMARK [3][-]{subsubsection.4.4.16}{Reflexi\363n}{subsection.4.4}% 86
\BOOKMARK [3][-]{subsubsection.4.4.17}{Introspecci\363n de tipos}{subsection.4.4}% 87
\BOOKMARK [3][-]{subsubsection.4.4.18}{Errores}{subsection.4.4}% 88
\BOOKMARK [4][-]{paragraph.4.4.18.1}{L\351xicos}{subsubsection.4.4.18}% 89
\BOOKMARK [4][-]{paragraph.4.4.18.2}{Sint\341cticos}{subsubsection.4.4.18}% 90
\BOOKMARK [4][-]{paragraph.4.4.18.3}{Sem\341nticos}{subsubsection.4.4.18}% 91
\BOOKMARK [2][-]{subsection.4.5}{Funciones del lenguaje}{section.4}% 92
\BOOKMARK [3][-]{subsubsection.4.5.1}{Cadenas de caracteres}{subsection.4.5}% 93
\BOOKMARK [4][-]{paragraph.4.5.1.1}{str\137explode}{subsubsection.4.5.1}% 94
\BOOKMARK [4][-]{paragraph.4.5.1.2}{str\137find}{subsubsection.4.5.1}% 95
\BOOKMARK [4][-]{paragraph.4.5.1.3}{str\137replace}{subsubsection.4.5.1}% 96
\BOOKMARK [4][-]{paragraph.4.5.1.4}{str\137replace\137sub}{subsubsection.4.5.1}% 97
\BOOKMARK [4][-]{paragraph.4.5.1.5}{str\137upper}{subsubsection.4.5.1}% 98
\BOOKMARK [4][-]{paragraph.4.5.1.6}{str\137lower}{subsubsection.4.5.1}% 99
\BOOKMARK [4][-]{paragraph.4.5.1.7}{str\137search}{subsubsection.4.5.1}% 100
\BOOKMARK [4][-]{paragraph.4.5.1.8}{str\137match}{subsubsection.4.5.1}% 101
\BOOKMARK [4][-]{paragraph.4.5.1.9}{regexp}{subsubsection.4.5.1}% 102
\BOOKMARK [4][-]{paragraph.4.5.1.10}{sprintf}{subsubsection.4.5.1}% 103
\BOOKMARK [3][-]{subsubsection.4.5.2}{Arrays}{subsection.4.5}% 104
\BOOKMARK [4][-]{paragraph.4.5.2.1}{array\137implode}{subsubsection.4.5.2}% 105
\BOOKMARK [4][-]{paragraph.4.5.2.2}{array\137first}{subsubsection.4.5.2}% 106
\BOOKMARK [4][-]{paragraph.4.5.2.3}{array\137last}{subsubsection.4.5.2}% 107
\BOOKMARK [4][-]{paragraph.4.5.2.4}{array\137insert}{subsubsection.4.5.2}% 108
\BOOKMARK [4][-]{paragraph.4.5.2.5}{array\137delete}{subsubsection.4.5.2}% 109
\BOOKMARK [4][-]{paragraph.4.5.2.6}{array\137push}{subsubsection.4.5.2}% 110
\BOOKMARK [4][-]{paragraph.4.5.2.7}{array\137pop}{subsubsection.4.5.2}% 111
\BOOKMARK [4][-]{paragraph.4.5.2.8}{array\137unshift}{subsubsection.4.5.2}% 112
\BOOKMARK [4][-]{paragraph.4.5.2.9}{array\137shift}{subsubsection.4.5.2}% 113
\BOOKMARK [4][-]{paragraph.4.5.2.10}{array\137reduce}{subsubsection.4.5.2}% 114
\BOOKMARK [3][-]{subsubsection.4.5.3}{Procesos}{subsection.4.5}% 115
\BOOKMARK [4][-]{paragraph.4.5.3.1}{exec}{subsubsection.4.5.3}% 116
\BOOKMARK [4][-]{paragraph.4.5.3.2}{fork}{subsubsection.4.5.3}% 117
\BOOKMARK [4][-]{paragraph.4.5.3.3}{wait}{subsubsection.4.5.3}% 118
\BOOKMARK [4][-]{paragraph.4.5.3.4}{getpid}{subsubsection.4.5.3}% 119
\BOOKMARK [4][-]{paragraph.4.5.3.5}{getppid}{subsubsection.4.5.3}% 120
\BOOKMARK [4][-]{paragraph.4.5.3.6}{signal}{subsubsection.4.5.3}% 121
\BOOKMARK [4][-]{paragraph.4.5.3.7}{shandler}{subsubsection.4.5.3}% 122
\BOOKMARK [4][-]{paragraph.4.5.3.8}{exit\137process}{subsubsection.4.5.3}% 123
\BOOKMARK [4][-]{paragraph.4.5.3.9}{process}{subsubsection.4.5.3}% 124
\BOOKMARK [3][-]{subsubsection.4.5.4}{Ficheros}{subsection.4.5}% 125
\BOOKMARK [4][-]{paragraph.4.5.4.1}{file}{subsubsection.4.5.4}% 126
\BOOKMARK [4][-]{paragraph.4.5.4.2}{fclose}{subsubsection.4.5.4}% 127
\BOOKMARK [4][-]{paragraph.4.5.4.3}{fput}{subsubsection.4.5.4}% 128
\BOOKMARK [4][-]{paragraph.4.5.4.4}{fget}{subsubsection.4.5.4}% 129
\BOOKMARK [4][-]{paragraph.4.5.4.5}{fseek}{subsubsection.4.5.4}% 130
\BOOKMARK [4][-]{paragraph.4.5.4.6}{ftell}{subsubsection.4.5.4}% 131
\BOOKMARK [4][-]{paragraph.4.5.4.7}{fread}{subsubsection.4.5.4}% 132
\BOOKMARK [4][-]{paragraph.4.5.4.8}{fwrite}{subsubsection.4.5.4}% 133
\BOOKMARK [4][-]{paragraph.4.5.4.9}{fappend}{subsubsection.4.5.4}% 134
\BOOKMARK [3][-]{subsubsection.4.5.5}{Fechas y tiempo}{subsection.4.5}% 135
\BOOKMARK [4][-]{paragraph.4.5.5.1}{date}{subsubsection.4.5.5}% 136
\BOOKMARK [4][-]{paragraph.4.5.5.2}{time}{subsubsection.4.5.5}% 137
\BOOKMARK [2][-]{subsection.4.6}{Extensiones del lenguaje}{section.4}% 138
\BOOKMARK [3][-]{subsubsection.4.6.1}{Carga de m\363dulos}{subsection.4.6}% 139
\BOOKMARK [3][-]{subsubsection.4.6.2}{Creaci\363n de m\363dulos}{subsection.4.6}% 140
