This is pdfTeX, Version 3.14159265-2.6-1.40.15 (TeX Live 2015/dev/Debian) (preloaded format=pdflatex 2015.7.2)  19 NOV 2015 21:23
entering extended mode
 \write18 enabled.
 file:line:error style messages enabled.
 %&-line parsing enabled.
**portada-secundaria.tex
(./portada-secundaria.tex
LaTeX2e <2014/05/01>
Babel <3.9l> and hyphenation patterns for 14 languages loaded.

./portada-secundaria.tex:11: LaTeX Error: Missing \begin{document}.

See the LaTeX manual or LaTeX Companion for explanation.
Type  H <return>  for immediate help.
 ...                                              
                                                  
l.11 \begin{center}
                   
? 
./portada-secundaria.tex:11: Emergency stop.
 ...                                              
                                                  
l.11 \begin{center}
                   
You're in trouble here.  Try typing  <return>  to proceed.
If that doesn't work, type  X <return>  to quit.

 
Here is how much of TeX's memory you used:
 6 strings out of 494428
 318 string characters out of 6170781
 48827 words of memory out of 5000000
 3344 multiletter control sequences out of 15000+600000
 3640 words of font info for 14 fonts, out of 8000000 for 9000
 456 hyphenation exceptions out of 8191
 9i,0n,4p,105b,22s stack positions out of 5000i,500n,10000p,200000b,80000s
./portada-secundaria.tex:11:  ==> Fatal error occurred, no output PDF file prod
uced!
