This is pdfTeX, Version 3.14159265-2.6-1.40.15 (TeX Live 2015/dev/Debian) (preloaded format=pdflatex 2015.3.7)  7 MAR 2015 11:05
entering extended mode
 restricted \write18 enabled.
 file:line:error style messages enabled.
 %&-line parsing enabled.
**portada-inicial.tex
(./portada-inicial.tex
LaTeX2e <2014/05/01>
Babel <3.9l> and hyphenation patterns for 12 languages loaded.

./portada-inicial.tex:11: LaTeX Error: Environment titlepage undefined.

See the LaTeX manual or LaTeX Companion for explanation.
Type  H <return>  for immediate help.
 ...                                              
                                                  
l.11 \begin{titlepage}
                      
? 
./portada-inicial.tex:11: Emergency stop.
 ...                                              
                                                  
l.11 \begin{titlepage}
                      
Your command was ignored.
Type  I <command> <return>  to replace it with another command,
or  <return>  to continue without it.

 
Here is how much of TeX's memory you used:
 7 strings out of 494451
 322 string characters out of 6171829
 48827 words of memory out of 5000000
 3338 multiletter control sequences out of 15000+600000
 3640 words of font info for 14 fonts, out of 8000000 for 9000
 456 hyphenation exceptions out of 8191
 5i,0n,4p,102b,16s stack positions out of 5000i,500n,10000p,200000b,80000s
./portada-inicial.tex:11:  ==> Fatal error occurred, no output PDF file produce
d!
