\BOOKMARK [1][-]{section.1}{Motivaci\363n}{}% 1
\BOOKMARK [1][-]{section.2}{Alcance}{}% 2
\BOOKMARK [2][-]{subsection.2.1}{Int\351rprete}{section.2}% 3
\BOOKMARK [2][-]{subsection.2.2}{Lenguaje}{section.2}% 4
\BOOKMARK [2][-]{subsection.2.3}{M\363dulos}{section.2}% 5
\BOOKMARK [2][-]{subsection.2.4}{Biblioteca de desarrollo}{section.2}% 6
\BOOKMARK [2][-]{subsection.2.5}{Sitio web}{section.2}% 7
\BOOKMARK [2][-]{subsection.2.6}{RunTree}{section.2}% 8
\BOOKMARK [1][-]{section.3}{Glosario de t\351rminos}{}% 9
\BOOKMARK [2][-]{subsection.3.1}{Analizador l\351xico}{section.3}% 10
\BOOKMARK [2][-]{subsection.3.2}{Analizador sint\341ctico}{section.3}% 11
\BOOKMARK [2][-]{subsection.3.3}{\301rbol sint\341ctico}{section.3}% 12
\BOOKMARK [2][-]{subsection.3.4}{Argumento}{section.3}% 13
\BOOKMARK [2][-]{subsection.3.5}{Biblioteca de programaci\363n}{section.3}% 14
\BOOKMARK [2][-]{subsection.3.6}{Biblioteca din\341mica}{section.3}% 15
\BOOKMARK [2][-]{subsection.3.7}{Biblioteca est\341tica}{section.3}% 16
\BOOKMARK [2][-]{subsection.3.8}{Clase}{section.3}% 17
\BOOKMARK [2][-]{subsection.3.9}{C\363digo fuente}{section.3}% 18
\BOOKMARK [2][-]{subsection.3.10}{Comando}{section.3}% 19
\BOOKMARK [2][-]{subsection.3.11}{Compilador}{section.3}% 20
\BOOKMARK [2][-]{subsection.3.12}{Constante}{section.3}% 21
\BOOKMARK [2][-]{subsection.3.13}{Dato}{section.3}% 22
\BOOKMARK [2][-]{subsection.3.14}{Expresi\363n}{section.3}% 23
\BOOKMARK [2][-]{subsection.3.15}{Extensi\363n}{section.3}% 24
\BOOKMARK [2][-]{subsection.3.16}{Funci\363n}{section.3}% 25
\BOOKMARK [2][-]{subsection.3.17}{Gram\341tica}{section.3}% 26
\BOOKMARK [2][-]{subsection.3.18}{Gram\341tica libre de contexto}{section.3}% 27
\BOOKMARK [2][-]{subsection.3.19}{Identificador}{section.3}% 28
\BOOKMARK [2][-]{subsection.3.20}{Interprete}{section.3}% 29
\BOOKMARK [2][-]{subsection.3.21}{Instrucci\363n}{section.3}% 30
\BOOKMARK [2][-]{subsection.3.22}{Lenguaje de programaci\363n}{section.3}% 31
\BOOKMARK [2][-]{subsection.3.23}{Lenguaje de programaci\363n compilados}{section.3}% 32
\BOOKMARK [2][-]{subsection.3.24}{Lenguaje de programaci\363n interpretados}{section.3}% 33
\BOOKMARK [2][-]{subsection.3.25}{Lenguaje de programaci\363n de alto nivel}{section.3}% 34
\BOOKMARK [2][-]{subsection.3.26}{Lenguaje de programaci\363n de bajo nivel}{section.3}% 35
\BOOKMARK [2][-]{subsection.3.27}{Lenguaje de programaci\363n de tipado din\341mico}{section.3}% 36
\BOOKMARK [2][-]{subsection.3.28}{Lenguaje de programaci\363n de tipado est\341tico}{section.3}% 37
\BOOKMARK [2][-]{subsection.3.29}{M\363dulo}{section.3}% 38
\BOOKMARK [2][-]{subsection.3.30}{Objeto}{section.3}% 39
\BOOKMARK [2][-]{subsection.3.31}{Operador}{section.3}% 40
\BOOKMARK [2][-]{subsection.3.32}{Paradigma de programaci\363n}{section.3}% 41
\BOOKMARK [2][-]{subsection.3.33}{Par\341metro}{section.3}% 42
\BOOKMARK [2][-]{subsection.3.34}{Procedimiento}{section.3}% 43
\BOOKMARK [2][-]{subsection.3.35}{Programa}{section.3}% 44
\BOOKMARK [2][-]{subsection.3.36}{Programaci\363n declarativa}{section.3}% 45
\BOOKMARK [2][-]{subsection.3.37}{Programaci\363n imperativa}{section.3}% 46
\BOOKMARK [2][-]{subsection.3.38}{Script}{section.3}% 47
\BOOKMARK [2][-]{subsection.3.39}{Sentencia}{section.3}% 48
\BOOKMARK [2][-]{subsection.3.40}{Signatura}{section.3}% 49
\BOOKMARK [2][-]{subsection.3.41}{Tipo array}{section.3}% 50
\BOOKMARK [2][-]{subsection.3.42}{Tipo cadena de caracteres}{section.3}% 51
\BOOKMARK [2][-]{subsection.3.43}{Tipo expresi\363n regular}{section.3}% 52
\BOOKMARK [2][-]{subsection.3.44}{Tipo l\363gico}{section.3}% 53
\BOOKMARK [2][-]{subsection.3.45}{Tipo num\351rico}{section.3}% 54
\BOOKMARK [2][-]{subsection.3.46}{Tipos de datos}{section.3}% 55
\BOOKMARK [2][-]{subsection.3.47}{Token}{section.3}% 56
\BOOKMARK [2][-]{subsection.3.48}{Variable}{section.3}% 57
\BOOKMARK [1][-]{section.4}{Organizaci\363n del documento}{}% 58
