This is pdfTeX, Version 3.14159265-2.6-1.40.16 (TeX Live 2015/Debian) (preloaded format=pdflatex 2015.11.20)  25 FEB 2016 16:27
entering extended mode
 \write18 enabled.
 file:line:error style messages enabled.
 %&-line parsing enabled.
**planificacion.tex
(./planificacion.tex
LaTeX2e <2015/10/01> patch level 1
Babel <3.9m> and hyphenation patterns for 14 languages loaded.

./planificacion.tex:3: LaTeX Error: Missing \begin{document}.

See the LaTeX manual or LaTeX Companion for explanation.
Type  H <return>  for immediate help.
 ...                                              
                                                  
l.3 E
     n esta secci贸n se trata todos los aspectos relativos a la gesti贸n del...

? 
./planificacion.tex:3: Emergency stop.
 ...                                              
                                                  
l.3 E
     n esta secci贸n se trata todos los aspectos relativos a la gesti贸n del...

You're in trouble here.  Try typing  <return>  to proceed.
If that doesn't work, type  X <return>  to quit.

 
Here is how much of TeX's memory you used:
 6 strings out of 494373
 291 string characters out of 6170532
 49017 words of memory out of 5000000
 3402 multiletter control sequences out of 15000+600000
 3640 words of font info for 14 fonts, out of 8000000 for 9000
 456 hyphenation exceptions out of 8191
 5i,0n,4p,117b,14s stack positions out of 5000i,500n,10000p,200000b,80000s
./planificacion.tex:3:  ==> Fatal error occurred, no output PDF file produced!
