This is pdfTeX, Version 3.14159265-2.6-1.40.15 (TeX Live 2015/dev/Debian) (preloaded format=latex 2015.3.7)  1 JUN 2015 20:22
entering extended mode
 restricted \write18 enabled.
 file:line:error style messages enabled.
 %&-line parsing enabled.
**class.tex
(./class.tex
LaTeX2e <2014/05/01>
Babel <3.9l> and hyphenation patterns for 12 languages loaded.
./class.tex:2: Undefined control sequence.
l.2 \section
            {Visión general}
? 
./class.tex:2: Emergency stop.
l.2 \section
            {Visión general}
End of file on the terminal!

 
Here is how much of TeX's memory you used:
 5 strings out of 494452
 133 string characters out of 6171855
 48824 words of memory out of 5000000
 3337 multiletter control sequences out of 15000+600000
 3640 words of font info for 14 fonts, out of 8000000 for 9000
 456 hyphenation exceptions out of 8191
 5i,0n,1p,84b,8s stack positions out of 5000i,500n,10000p,200000b,80000s
No pages of output.
