\BOOKMARK [-1][-]{part.1}{I Proleg\363meno}{}% 1
\BOOKMARK [0][-]{chapter.1}{Introducci\363n}{part.1}% 2
\BOOKMARK [1][-]{section.1.1}{Motivaci\363n}{chapter.1}% 3
\BOOKMARK [1][-]{section.1.2}{Alcance}{chapter.1}% 4
\BOOKMARK [2][-]{subsection.1.2.1}{Int\351rprete}{section.1.2}% 5
\BOOKMARK [2][-]{subsection.1.2.2}{Lenguaje}{section.1.2}% 6
\BOOKMARK [2][-]{subsection.1.2.3}{M\363dulos}{section.1.2}% 7
\BOOKMARK [2][-]{subsection.1.2.4}{Biblioteca de desarrollo}{section.1.2}% 8
\BOOKMARK [2][-]{subsection.1.2.5}{Sitio web}{section.1.2}% 9
\BOOKMARK [2][-]{subsection.1.2.6}{RunTree}{section.1.2}% 10
\BOOKMARK [1][-]{section.1.3}{Organizaci\363n del documento}{chapter.1}% 11
\BOOKMARK [0][-]{chapter.2}{Estado del arte}{part.1}% 12
\BOOKMARK [1][-]{section.2.1}{Glosario de t\351rminos}{chapter.2}% 13
\BOOKMARK [2][-]{subsection.2.1.1}{Analizador l\351xico}{section.2.1}% 14
\BOOKMARK [2][-]{subsection.2.1.2}{Analizador sint\341ctico}{section.2.1}% 15
\BOOKMARK [2][-]{subsection.2.1.3}{\301rbol sint\341ctico}{section.2.1}% 16
\BOOKMARK [2][-]{subsection.2.1.4}{Argumento}{section.2.1}% 17
\BOOKMARK [2][-]{subsection.2.1.5}{Biblioteca de programaci\363n}{section.2.1}% 18
\BOOKMARK [2][-]{subsection.2.1.6}{Biblioteca din\341mica}{section.2.1}% 19
\BOOKMARK [2][-]{subsection.2.1.7}{Biblioteca est\341tica}{section.2.1}% 20
\BOOKMARK [2][-]{subsection.2.1.8}{Clase}{section.2.1}% 21
\BOOKMARK [2][-]{subsection.2.1.9}{C\363digo fuente}{section.2.1}% 22
\BOOKMARK [2][-]{subsection.2.1.10}{Comando}{section.2.1}% 23
\BOOKMARK [2][-]{subsection.2.1.11}{Compilador}{section.2.1}% 24
\BOOKMARK [2][-]{subsection.2.1.12}{Constante}{section.2.1}% 25
\BOOKMARK [2][-]{subsection.2.1.13}{Dato}{section.2.1}% 26
\BOOKMARK [2][-]{subsection.2.1.14}{Expresi\363n}{section.2.1}% 27
\BOOKMARK [2][-]{subsection.2.1.15}{Extensi\363n}{section.2.1}% 28
\BOOKMARK [2][-]{subsection.2.1.16}{Funci\363n}{section.2.1}% 29
\BOOKMARK [2][-]{subsection.2.1.17}{Gram\341tica}{section.2.1}% 30
\BOOKMARK [2][-]{subsection.2.1.18}{Gram\341tica libre de contexto}{section.2.1}% 31
\BOOKMARK [2][-]{subsection.2.1.19}{Identificador}{section.2.1}% 32
\BOOKMARK [2][-]{subsection.2.1.20}{Interprete}{section.2.1}% 33
\BOOKMARK [2][-]{subsection.2.1.21}{Instrucci\363n}{section.2.1}% 34
\BOOKMARK [2][-]{subsection.2.1.22}{Lenguaje de programaci\363n}{section.2.1}% 35
\BOOKMARK [2][-]{subsection.2.1.23}{Lenguaje de programaci\363n compilados}{section.2.1}% 36
\BOOKMARK [2][-]{subsection.2.1.24}{Lenguaje de programaci\363n interpretados}{section.2.1}% 37
\BOOKMARK [2][-]{subsection.2.1.25}{Lenguaje de programaci\363n de alto nivel}{section.2.1}% 38
\BOOKMARK [2][-]{subsection.2.1.26}{Lenguaje de programaci\363n de bajo nivel}{section.2.1}% 39
\BOOKMARK [2][-]{subsection.2.1.27}{Lenguaje de programaci\363n de tipado din\341mico}{section.2.1}% 40
\BOOKMARK [2][-]{subsection.2.1.28}{Lenguaje de programaci\363n de tipado est\341tico}{section.2.1}% 41
\BOOKMARK [2][-]{subsection.2.1.29}{M\363dulo}{section.2.1}% 42
\BOOKMARK [2][-]{subsection.2.1.30}{Objeto}{section.2.1}% 43
\BOOKMARK [2][-]{subsection.2.1.31}{Operador}{section.2.1}% 44
\BOOKMARK [2][-]{subsection.2.1.32}{Paradigma de programaci\363n}{section.2.1}% 45
\BOOKMARK [2][-]{subsection.2.1.33}{Par\341metro}{section.2.1}% 46
\BOOKMARK [2][-]{subsection.2.1.34}{Procedimiento}{section.2.1}% 47
\BOOKMARK [2][-]{subsection.2.1.35}{Programa}{section.2.1}% 48
\BOOKMARK [2][-]{subsection.2.1.36}{Programaci\363n declarativa}{section.2.1}% 49
\BOOKMARK [2][-]{subsection.2.1.37}{Programaci\363n imperativa}{section.2.1}% 50
\BOOKMARK [2][-]{subsection.2.1.38}{Script}{section.2.1}% 51
\BOOKMARK [2][-]{subsection.2.1.39}{Sentencia}{section.2.1}% 52
\BOOKMARK [2][-]{subsection.2.1.40}{Signatura}{section.2.1}% 53
\BOOKMARK [2][-]{subsection.2.1.41}{Tipo array}{section.2.1}% 54
\BOOKMARK [2][-]{subsection.2.1.42}{Tipo cadena de caracteres}{section.2.1}% 55
\BOOKMARK [2][-]{subsection.2.1.43}{Tipo expresi\363n regular}{section.2.1}% 56
\BOOKMARK [2][-]{subsection.2.1.44}{Tipo l\363gico}{section.2.1}% 57
\BOOKMARK [2][-]{subsection.2.1.45}{Tipo num\351rico}{section.2.1}% 58
\BOOKMARK [2][-]{subsection.2.1.46}{Tipos de datos}{section.2.1}% 59
\BOOKMARK [2][-]{subsection.2.1.47}{Token}{section.2.1}% 60
\BOOKMARK [2][-]{subsection.2.1.48}{Variable}{section.2.1}% 61
\BOOKMARK [1][-]{section.2.2}{An\341lisis previo de mercado}{chapter.2}% 62
\BOOKMARK [2][-]{subsection.2.2.1}{Compilado o interpretado}{section.2.2}% 63
\BOOKMARK [2][-]{subsection.2.2.2}{Sistema de tipos}{section.2.2}% 64
\BOOKMARK [2][-]{subsection.2.2.3}{Tipos de datos}{section.2.2}% 65
\BOOKMARK [2][-]{subsection.2.2.4}{Paradigmas de programaci\363n}{section.2.2}% 66
\BOOKMARK [2][-]{subsection.2.2.5}{Operadores}{section.2.2}% 67
\BOOKMARK [2][-]{subsection.2.2.6}{Funciones y clases de objetos}{section.2.2}% 68
\BOOKMARK [2][-]{subsection.2.2.7}{Definici\363n de lenguajes espec\355ficos de dominio}{section.2.2}% 69
\BOOKMARK [2][-]{subsection.2.2.8}{Depuraci\363n}{section.2.2}% 70
\BOOKMARK [2][-]{subsection.2.2.9}{Autodocumentaci\363n del proceso de interpretaci\363n}{section.2.2}% 71
\BOOKMARK [2][-]{subsection.2.2.10}{Otras caracter\355sticas funcionales}{section.2.2}% 72
\BOOKMARK [2][-]{subsection.2.2.11}{Caracter\355sticas no funcionales}{section.2.2}% 73
\BOOKMARK [0][-]{chapter.3}{Planificaci\363n}{part.1}% 74
\BOOKMARK [1][-]{section.3.1}{Metodolog\355a de desarrollo}{chapter.3}% 75
\BOOKMARK [1][-]{section.3.2}{Planificaci\363n}{chapter.3}% 76
\BOOKMARK [2][-]{subsection.3.2.1}{Diagramas de Gantt de las iteraciones generales}{section.3.2}% 77
\BOOKMARK [1][-]{section.3.3}{Organizaci\363n}{chapter.3}% 78
\BOOKMARK [1][-]{section.3.4}{Costes}{chapter.3}% 79
\BOOKMARK [1][-]{section.3.5}{Riesgos}{chapter.3}% 80
\BOOKMARK [2][-]{subsection.3.5.1}{Riesgos tecnol\363gicos}{section.3.5}% 81
\BOOKMARK [2][-]{subsection.3.5.2}{Riesgos de requisitos}{section.3.5}% 82
\BOOKMARK [2][-]{subsection.3.5.3}{Riesgos de soluciones}{section.3.5}% 83
\BOOKMARK [2][-]{subsection.3.5.4}{Riesgos de costes, tiempos y recursos}{section.3.5}% 84
\BOOKMARK [1][-]{section.3.6}{Aseguramiento de calidad}{chapter.3}% 85
\BOOKMARK [-1][-]{part.2}{II Desarrollo}{}% 86
\BOOKMARK [0][-]{chapter.4}{Requisitos del Sistema}{part.2}% 87
\BOOKMARK [1][-]{section.4.1}{Visi\363n general}{chapter.4}% 88
\BOOKMARK [1][-]{section.4.2}{Situaci\363n actual}{chapter.4}% 89
\BOOKMARK [1][-]{section.4.3}{Necesidades}{chapter.4}% 90
\BOOKMARK [1][-]{section.4.4}{Objetivos}{chapter.4}% 91
\BOOKMARK [1][-]{section.4.5}{Requisitos funcionales}{chapter.4}% 92
\BOOKMARK [2][-]{subsection.4.5.1}{Int\351rprete}{section.4.5}% 93
\BOOKMARK [2][-]{subsection.4.5.2}{Ejecuci\363n}{section.4.5}% 94
\BOOKMARK [2][-]{subsection.4.5.3}{Tipos de datos}{section.4.5}% 95
\BOOKMARK [2][-]{subsection.4.5.4}{Sentencias}{section.4.5}% 96
\BOOKMARK [2][-]{subsection.4.5.5}{Definiciones}{section.4.5}% 97
\BOOKMARK [2][-]{subsection.4.5.6}{Asignaciones}{section.4.5}% 98
\BOOKMARK [2][-]{subsection.4.5.7}{Operadores aritm\351ticos}{section.4.5}% 99
\BOOKMARK [2][-]{subsection.4.5.8}{Operadores l\363gicos}{section.4.5}% 100
\BOOKMARK [2][-]{subsection.4.5.9}{Operadores sobre cadenas}{section.4.5}% 101
\BOOKMARK [2][-]{subsection.4.5.10}{Operadores sobre array}{section.4.5}% 102
\BOOKMARK [2][-]{subsection.4.5.11}{Operadores sobre expresiones regulares}{section.4.5}% 103
\BOOKMARK [2][-]{subsection.4.5.12}{Operadores de conversi\363n de tipo}{section.4.5}% 104
\BOOKMARK [2][-]{subsection.4.5.13}{Operadores de entrada/salida}{section.4.5}% 105
\BOOKMARK [2][-]{subsection.4.5.14}{Leer de la entrada est\341ndar}{section.4.5}% 106
\BOOKMARK [2][-]{subsection.4.5.15}{Operadores informativos}{section.4.5}% 107
\BOOKMARK [2][-]{subsection.4.5.16}{Procesos}{section.4.5}% 108
\BOOKMARK [2][-]{subsection.4.5.17}{Ficheros}{section.4.5}% 109
\BOOKMARK [2][-]{subsection.4.5.18}{Fechas y tiempo}{section.4.5}% 110
\BOOKMARK [2][-]{subsection.4.5.19}{Errores}{section.4.5}% 111
\BOOKMARK [2][-]{subsection.4.5.20}{Extensiones}{section.4.5}% 112
\BOOKMARK [2][-]{subsection.4.5.21}{Biblioteca de desarrollo OMI}{section.4.5}% 113
\BOOKMARK [2][-]{subsection.4.5.22}{Web del proyecto OMI}{section.4.5}% 114
\BOOKMARK [2][-]{subsection.4.5.23}{RunTree}{section.4.5}% 115
\BOOKMARK [1][-]{section.4.6}{Requisitos no funcionales}{chapter.4}% 116
\BOOKMARK [2][-]{subsection.4.6.1}{Rendimiento}{section.4.6}% 117
\BOOKMARK [2][-]{subsection.4.6.2}{Usabilidad}{section.4.6}% 118
\BOOKMARK [2][-]{subsection.4.6.3}{Accesibilidad}{section.4.6}% 119
\BOOKMARK [2][-]{subsection.4.6.4}{Estabilidad}{section.4.6}% 120
\BOOKMARK [2][-]{subsection.4.6.5}{Mantenibilidad}{section.4.6}% 121
\BOOKMARK [2][-]{subsection.4.6.6}{Concurrencia}{section.4.6}% 122
\BOOKMARK [0][-]{chapter.5}{An\341lisis del Sistema}{part.2}% 123
\BOOKMARK [1][-]{section.5.1}{Modelo conceptual}{chapter.5}% 124
\BOOKMARK [2][-]{subsection.5.1.1}{Int\351rprete}{section.5.1}% 125
\BOOKMARK [2][-]{subsection.5.1.2}{Nodos ejecutables}{section.5.1}% 126
\BOOKMARK [2][-]{subsection.5.1.3}{Tipos de datos}{section.5.1}% 127
\BOOKMARK [2][-]{subsection.5.1.4}{Sentencias de control de flujo}{section.5.1}% 128
\BOOKMARK [2][-]{subsection.5.1.5}{Definiciones}{section.5.1}% 129
\BOOKMARK [2][-]{subsection.5.1.6}{Asignaciones}{section.5.1}% 130
\BOOKMARK [2][-]{subsection.5.1.7}{Operadores aritm\351ticos}{section.5.1}% 131
\BOOKMARK [2][-]{subsection.5.1.8}{Operadores l\363gicos}{section.5.1}% 132
\BOOKMARK [2][-]{subsection.5.1.9}{Operadores sobre cadenas}{section.5.1}% 133
\BOOKMARK [2][-]{subsection.5.1.10}{Operadores sobre array}{section.5.1}% 134
\BOOKMARK [2][-]{subsection.5.1.11}{Operadores sobre expresiones regulares}{section.5.1}% 135
\BOOKMARK [2][-]{subsection.5.1.12}{Conversi\363n de tipos}{section.5.1}% 136
\BOOKMARK [2][-]{subsection.5.1.13}{Operadores de acceso}{section.5.1}% 137
\BOOKMARK [2][-]{subsection.5.1.14}{Operadores condicionales}{section.5.1}% 138
\BOOKMARK [2][-]{subsection.5.1.15}{Operadores de entrada/salida}{section.5.1}% 139
\BOOKMARK [2][-]{subsection.5.1.16}{Operadores informativos}{section.5.1}% 140
\BOOKMARK [2][-]{subsection.5.1.17}{Procesos}{section.5.1}% 141
\BOOKMARK [2][-]{subsection.5.1.18}{Ficheros}{section.5.1}% 142
\BOOKMARK [2][-]{subsection.5.1.19}{Fechas}{section.5.1}% 143
\BOOKMARK [2][-]{subsection.5.1.20}{Errores}{section.5.1}% 144
\BOOKMARK [2][-]{subsection.5.1.21}{Extensiones}{section.5.1}% 145
\BOOKMARK [2][-]{subsection.5.1.22}{rTree}{section.5.1}% 146
\BOOKMARK [1][-]{section.5.2}{Modelo de casos de uso}{chapter.5}% 147
\BOOKMARK [2][-]{subsection.5.2.1}{Actores}{section.5.2}% 148
\BOOKMARK [2][-]{subsection.5.2.2}{Int\351rprete}{section.5.2}% 149
\BOOKMARK [2][-]{subsection.5.2.3}{runTree}{section.5.2}% 150
\BOOKMARK [1][-]{section.5.3}{Comportamiento del sistema}{chapter.5}% 151
\BOOKMARK [1][-]{section.5.4}{Diagramas de secuencia del sistema}{chapter.5}% 152
\BOOKMARK [2][-]{subsection.5.4.1}{Int\351rprete}{section.5.4}% 153
\BOOKMARK [2][-]{subsection.5.4.2}{runTree}{section.5.4}% 154
\BOOKMARK [1][-]{section.5.5}{Contratos de operaciones del sistema}{chapter.5}% 155
\BOOKMARK [2][-]{subsection.5.5.1}{Int\351rprete}{section.5.5}% 156
\BOOKMARK [2][-]{subsection.5.5.2}{runTree}{section.5.5}% 157
\BOOKMARK [1][-]{section.5.6}{Modelo de interfaz de usuario}{chapter.5}% 158
\BOOKMARK [2][-]{subsection.5.6.1}{Int\351rprete}{section.5.6}% 159
\BOOKMARK [2][-]{subsection.5.6.2}{runTree}{section.5.6}% 160
\BOOKMARK [2][-]{subsection.5.6.3}{Sitio web}{section.5.6}% 161
\BOOKMARK [0][-]{chapter.6}{Dise\361o del Sistema}{part.2}% 162
\BOOKMARK [1][-]{section.6.1}{Arquitectura del sistema}{chapter.6}% 163
\BOOKMARK [2][-]{subsection.6.1.1}{Arquitectura f\355sica}{section.6.1}% 164
\BOOKMARK [2][-]{subsection.6.1.2}{Arquitectura l\363gica}{section.6.1}% 165
\BOOKMARK [1][-]{section.6.2}{Dise\361o de la gram\341tica}{chapter.6}% 166
\BOOKMARK [2][-]{subsection.6.2.1}{Programa}{section.6.2}% 167
\BOOKMARK [2][-]{subsection.6.2.2}{Sentencias}{section.6.2}% 168
\BOOKMARK [2][-]{subsection.6.2.3}{Expresiones}{section.6.2}% 169
\BOOKMARK [2][-]{subsection.6.2.4}{Identidades}{section.6.2}% 170
\BOOKMARK [1][-]{section.6.3}{Dise\361o de comunicaciones}{chapter.6}% 171
\BOOKMARK [2][-]{subsection.6.3.1}{Esquema JSON}{section.6.3}% 172
\BOOKMARK [1][-]{section.6.4}{Dise\361o de componentes}{chapter.6}% 173
\BOOKMARK [2][-]{subsection.6.4.1}{Interpretar c\363digo fuente}{section.6.4}% 174
\BOOKMARK [2][-]{subsection.6.4.2}{Sentencias}{section.6.4}% 175
\BOOKMARK [1][-]{section.6.5}{Dise\361o de la interfaz de usuario}{chapter.6}% 176
\BOOKMARK [2][-]{subsection.6.5.1}{Int\351rprete}{section.6.5}% 177
\BOOKMARK [2][-]{subsection.6.5.2}{runTree}{section.6.5}% 178
\BOOKMARK [2][-]{subsection.6.5.3}{Sitio web}{section.6.5}% 179
\BOOKMARK [0][-]{chapter.7}{Construcci\363n del Sistema}{part.2}% 180
\BOOKMARK [1][-]{section.7.1}{Entorno de construcci\363n}{chapter.7}% 181
\BOOKMARK [1][-]{section.7.2}{Ficheros de c\363digo fuente}{chapter.7}% 182
\BOOKMARK [1][-]{section.7.3}{C\363digo fuente}{chapter.7}% 183
\BOOKMARK [2][-]{subsection.7.3.1}{Acceso a variable}{section.7.3}% 184
\BOOKMARK [2][-]{subsection.7.3.2}{Asignaci\363n}{section.7.3}% 185
\BOOKMARK [2][-]{subsection.7.3.3}{Operaci\363n suma}{section.7.3}% 186
\BOOKMARK [0][-]{chapter.8}{Pruebas del Sistema}{part.2}% 187
\BOOKMARK [1][-]{section.8.1}{Estrategia}{chapter.8}% 188
\BOOKMARK [1][-]{section.8.2}{Entorno de pruebas}{chapter.8}% 189
\BOOKMARK [2][-]{subsection.8.2.1}{Hardware}{section.8.2}% 190
\BOOKMARK [2][-]{subsection.8.2.2}{Software}{section.8.2}% 191
\BOOKMARK [1][-]{section.8.3}{Roles}{chapter.8}% 192
\BOOKMARK [1][-]{section.8.4}{Niveles de pruebas}{chapter.8}% 193
\BOOKMARK [2][-]{subsection.8.4.1}{Pruebas unitarias}{section.8.4}% 194
\BOOKMARK [2][-]{subsection.8.4.2}{Pruebas de integraci\363n}{section.8.4}% 195
\BOOKMARK [2][-]{subsection.8.4.3}{Pruebas funcionales del sistema}{section.8.4}% 196
\BOOKMARK [2][-]{subsection.8.4.4}{Pruebas no funcionales del sistema}{section.8.4}% 197
\BOOKMARK [-1][-]{part.3}{III Ep\355logo}{}% 198
\BOOKMARK [0][-]{chapter.9}{Manual de implantaci\363n y explotaci\363n}{part.3}% 199
\BOOKMARK [1][-]{section.9.1}{Introducci\363n}{chapter.9}% 200
\BOOKMARK [1][-]{section.9.2}{Requisitos previos}{chapter.9}% 201
\BOOKMARK [1][-]{section.9.3}{Inventario de componentes}{chapter.9}% 202
\BOOKMARK [1][-]{section.9.4}{Procedimiento de intalaci\363n}{chapter.9}% 203
\BOOKMARK [1][-]{section.9.5}{Pruebas de implantaci\363n}{chapter.9}% 204
\BOOKMARK [1][-]{section.9.6}{Procedimientos de operaci\363n y nivel de servicio}{chapter.9}% 205
\BOOKMARK [0][-]{chapter.10}{Manual de usuario}{part.3}% 206
\BOOKMARK [1][-]{section.10.1}{Caracter\355sticas}{chapter.10}% 207
\BOOKMARK [1][-]{section.10.2}{Requisitos previos}{chapter.10}% 208
\BOOKMARK [1][-]{section.10.3}{Uso del sistema}{chapter.10}% 209
\BOOKMARK [2][-]{subsection.10.3.1}{Obtener OMI}{section.10.3}% 210
\BOOKMARK [2][-]{subsection.10.3.2}{Instalaci\363n}{section.10.3}% 211
\BOOKMARK [2][-]{subsection.10.3.3}{Int\351rprete}{section.10.3}% 212
\BOOKMARK [2][-]{subsection.10.3.4}{Referencias del lenguaje}{section.10.3}% 213
\BOOKMARK [2][-]{subsection.10.3.5}{Funciones del lenguaje}{section.10.3}% 214
\BOOKMARK [2][-]{subsection.10.3.6}{Extensiones del lenguaje}{section.10.3}% 215
\BOOKMARK [2][-]{subsection.10.3.7}{Arquitectura cliente/servidor}{section.10.3}% 216
\BOOKMARK [2][-]{subsection.10.3.8}{Descripci\363n del proceso de interpretaci\363n}{section.10.3}% 217
\BOOKMARK [2][-]{subsection.10.3.9}{runTree}{section.10.3}% 218
\BOOKMARK [0][-]{chapter.11}{Conclusiones}{part.3}% 219
\BOOKMARK [1][-]{section.11.1}{Objetivos alcanzados}{chapter.11}% 220
\BOOKMARK [1][-]{section.11.2}{Lecciones aprendidas}{chapter.11}% 221
\BOOKMARK [1][-]{section.11.3}{Trabajo futuro}{chapter.11}% 222
\BOOKMARK [0][-]{chapter.12}{Anexos}{part.3}% 223
\BOOKMARK [1][-]{section.12.1}{Calculadora}{chapter.12}% 224
\BOOKMARK [1][-]{section.12.2}{Cuestionarios}{chapter.12}% 225
\BOOKMARK [1][-]{section.12.3}{Tic-Tac-Toe}{chapter.12}% 226
\BOOKMARK [1][-]{section.12.4}{Fibonacci}{chapter.12}% 227
\BOOKMARK [1][-]{section.12.5}{N-body}{chapter.12}% 228
\BOOKMARK [0][-]{chapter*.11}{Bibliograf\355a}{part.3}% 229
\BOOKMARK [0][-]{section*.13}{Informaci\363n sobre Licencia}{part.3}% 230
