This file contains any messages produced by compilers while
running configure, to aid debugging if configure makes a mistake.

It was created by libomi_gettext configure 0.1, which was
generated by GNU Autoconf 2.69.  Invocation command line was

  $ ./configure 

## --------- ##
## Platform. ##
## --------- ##

hostname = sobremesa
uname -m = x86_64
uname -r = 3.16-3-amd64
uname -s = Linux
uname -v = #1 SMP Debian 3.16.5-1 (2014-10-10)

/usr/bin/uname -p = unknown
/bin/uname -X     = unknown

/bin/arch              = unknown
/usr/bin/arch -k       = unknown
/usr/convex/getsysinfo = unknown
/usr/bin/hostinfo      = unknown
/bin/machine           = unknown
/usr/bin/oslevel       = unknown
/bin/universe          = unknown

PATH: /usr/local/bin
PATH: /usr/bin
PATH: /bin
PATH: /usr/local/games
PATH: /usr/games


## ----------- ##
## Core tests. ##
## ----------- ##

configure:2450: checking for a BSD-compatible install
configure:2518: result: /usr/bin/install -c
configure:2529: checking whether build environment is sane
configure:2584: result: yes
configure:2735: checking for a thread-safe mkdir -p
configure:2774: result: /bin/mkdir -p
configure:2781: checking for gawk
configure:2797: found /usr/bin/gawk
configure:2808: result: gawk
configure:2819: checking whether make sets $(MAKE)
configure:2841: result: yes
configure:2870: checking whether make supports nested variables
configure:2887: result: yes
configure:3076: checking for g++
configure:3092: found /usr/bin/g++
configure:3103: result: g++
configure:3130: checking for C++ compiler version
configure:3139: g++ --version >&5
g++-4.9.real (Debian 4.9.3-3) 4.9.3
Copyright (C) 2015 Free Software Foundation, Inc.
This is free software; see the source for copying conditions.  There is NO
warranty; not even for MERCHANTABILITY or FITNESS FOR A PARTICULAR PURPOSE.

configure:3150: $? = 0
configure:3139: g++ -v >&5
Using built-in specs.
COLLECT_GCC=/usr/bin/g++-4.9.real
COLLECT_LTO_WRAPPER=/usr/lib/gcc/x86_64-linux-gnu/4.9/lto-wrapper
Target: x86_64-linux-gnu
Configured with: ../src/configure -v --with-pkgversion='Debian 4.9.3-3' --with-bugurl=file:///usr/share/doc/gcc-4.9/README.Bugs --enable-languages=c,c++,java,go,d,fortran,objc,obj-c++ --prefix=/usr --program-suffix=-4.9 --enable-shared --enable-linker-build-id --libexecdir=/usr/lib --without-included-gettext --enable-threads=posix --with-gxx-include-dir=/usr/include/c++/4.9 --libdir=/usr/lib --enable-nls --with-sysroot=/ --enable-clocale=gnu --enable-libstdcxx-debug --enable-libstdcxx-time=yes --enable-gnu-unique-object --disable-vtable-verify --enable-plugin --with-system-zlib --disable-browser-plugin --enable-java-awt=gtk --enable-gtk-cairo --with-java-home=/usr/lib/jvm/java-1.5.0-gcj-4.9-amd64/jre --enable-java-home --with-jvm-root-dir=/usr/lib/jvm/java-1.5.0-gcj-4.9-amd64 --with-jvm-jar-dir=/usr/lib/jvm-exports/java-1.5.0-gcj-4.9-amd64 --with-arch-directory=amd64 --with-ecj-jar=/usr/share/java/eclipse-ecj.jar --enable-objc-gc --enable-multiarch --with-arch-32=i586 --with-abi=m64 --with-multilib-list=m32,m64,mx32 --enable-multilib --with-tune=generic --enable-checking=release --build=x86_64-linux-gnu --host=x86_64-linux-gnu --target=x86_64-linux-gnu
Thread model: posix
gcc version 4.9.3 (Debian 4.9.3-3) 
configure:3150: $? = 0
configure:3139: g++ -V >&5
g++-4.9.real: error: unrecognized command line option '-V'
g++-4.9.real: fatal error: no input files
compilation terminated.
configure:3150: $? = 4
configure:3139: g++ -qversion >&5
g++-4.9.real: error: unrecognized command line option '-qversion'
g++-4.9.real: fatal error: no input files
compilation terminated.
configure:3150: $? = 4
configure:3170: checking whether the C++ compiler works
configure:3192: g++    conftest.cpp  >&5
configure:3196: $? = 0
configure:3244: result: yes
configure:3247: checking for C++ compiler default output file name
configure:3249: result: a.out
configure:3255: checking for suffix of executables
configure:3262: g++ -o conftest    conftest.cpp  >&5
configure:3266: $? = 0
configure:3288: result: 
configure:3310: checking whether we are cross compiling
configure:3318: g++ -o conftest    conftest.cpp  >&5
configure:3322: $? = 0
configure:3329: ./conftest
configure:3333: $? = 0
configure:3348: result: no
configure:3353: checking for suffix of object files
configure:3375: g++ -c   conftest.cpp >&5
configure:3379: $? = 0
configure:3400: result: o
configure:3404: checking whether we are using the GNU C++ compiler
configure:3423: g++ -c   conftest.cpp >&5
configure:3423: $? = 0
configure:3432: result: yes
configure:3441: checking whether g++ accepts -g
configure:3461: g++ -c -g  conftest.cpp >&5
configure:3461: $? = 0
configure:3502: result: yes
configure:3536: checking for style of include used by make
configure:3564: result: GNU
configure:3590: checking dependency style of g++
configure:3701: result: gcc3
configure:3767: checking for gcc
configure:3783: found /usr/bin/gcc
configure:3794: result: gcc
configure:4023: checking for C compiler version
configure:4032: gcc --version >&5
gcc-4.9.real (Debian 4.9.3-3) 4.9.3
Copyright (C) 2015 Free Software Foundation, Inc.
This is free software; see the source for copying conditions.  There is NO
warranty; not even for MERCHANTABILITY or FITNESS FOR A PARTICULAR PURPOSE.

configure:4043: $? = 0
configure:4032: gcc -v >&5
Using built-in specs.
COLLECT_GCC=/usr/bin/gcc-4.9.real
COLLECT_LTO_WRAPPER=/usr/lib/gcc/x86_64-linux-gnu/4.9/lto-wrapper
Target: x86_64-linux-gnu
Configured with: ../src/configure -v --with-pkgversion='Debian 4.9.3-3' --with-bugurl=file:///usr/share/doc/gcc-4.9/README.Bugs --enable-languages=c,c++,java,go,d,fortran,objc,obj-c++ --prefix=/usr --program-suffix=-4.9 --enable-shared --enable-linker-build-id --libexecdir=/usr/lib --without-included-gettext --enable-threads=posix --with-gxx-include-dir=/usr/include/c++/4.9 --libdir=/usr/lib --enable-nls --with-sysroot=/ --enable-clocale=gnu --enable-libstdcxx-debug --enable-libstdcxx-time=yes --enable-gnu-unique-object --disable-vtable-verify --enable-plugin --with-system-zlib --disable-browser-plugin --enable-java-awt=gtk --enable-gtk-cairo --with-java-home=/usr/lib/jvm/java-1.5.0-gcj-4.9-amd64/jre --enable-java-home --with-jvm-root-dir=/usr/lib/jvm/java-1.5.0-gcj-4.9-amd64 --with-jvm-jar-dir=/usr/lib/jvm-exports/java-1.5.0-gcj-4.9-amd64 --with-arch-directory=amd64 --with-ecj-jar=/usr/share/java/eclipse-ecj.jar --enable-objc-gc --enable-multiarch --with-arch-32=i586 --with-abi=m64 --with-multilib-list=m32,m64,mx32 --enable-multilib --with-tune=generic --enable-checking=release --build=x86_64-linux-gnu --host=x86_64-linux-gnu --target=x86_64-linux-gnu
Thread model: posix
gcc version 4.9.3 (Debian 4.9.3-3) 
configure:4043: $? = 0
configure:4032: gcc -V >&5
gcc-4.9.real: error: unrecognized command line option '-V'
gcc-4.9.real: fatal error: no input files
compilation terminated.
configure:4043: $? = 4
configure:4032: gcc -qversion >&5
gcc-4.9.real: error: unrecognized command line option '-qversion'
gcc-4.9.real: fatal error: no input files
compilation terminated.
configure:4043: $? = 4
configure:4047: checking whether we are using the GNU C compiler
configure:4066: gcc -c   conftest.c >&5
configure:4066: $? = 0
configure:4075: result: yes
configure:4084: checking whether gcc accepts -g
configure:4104: gcc -c -g  conftest.c >&5
configure:4104: $? = 0
configure:4145: result: yes
configure:4162: checking for gcc option to accept ISO C89
configure:4225: gcc  -c -g -O2  conftest.c >&5
configure:4225: $? = 0
configure:4238: result: none needed
configure:4263: checking whether gcc understands -c and -o together
configure:4285: gcc -c conftest.c -o conftest2.o
configure:4288: $? = 0
configure:4285: gcc -c conftest.c -o conftest2.o
configure:4288: $? = 0
configure:4300: result: yes
configure:4319: checking dependency style of gcc
configure:4430: result: gcc3
configure:4504: checking for pkg-config
configure:4522: found /usr/bin/pkg-config
configure:4534: result: /usr/bin/pkg-config
configure:4559: checking pkg-config is at least version 0.9.0
configure:4562: result: yes
configure:4574: checking for main in -lomi
configure:4593: gcc -o conftest -g -O2   conftest.c -lomi   >&5
configure:4593: $? = 0
configure:4602: result: yes
configure:4623: checking how to run the C preprocessor
configure:4654: gcc -E  conftest.c
configure:4654: $? = 0
configure:4668: gcc -E  conftest.c
conftest.c:12:28: fatal error: ac_nonexistent.h: No such file or directory
 #include <ac_nonexistent.h>
                            ^
compilation terminated.
configure:4668: $? = 1
configure: failed program was:
| /* confdefs.h */
| #define PACKAGE_NAME "libomi_gettext"
| #define PACKAGE_TARNAME "libomi_gettext"
| #define PACKAGE_VERSION "0.1"
| #define PACKAGE_STRING "libomi_gettext 0.1"
| #define PACKAGE_BUGREPORT "fbohorquez@omi.org"
| #define PACKAGE_URL ""
| #define PACKAGE "libomi_gettext"
| #define VERSION "0.1"
| #define HAVE_LIBOMI 1
| /* end confdefs.h.  */
| #include <ac_nonexistent.h>
configure:4693: result: gcc -E
configure:4713: gcc -E  conftest.c
configure:4713: $? = 0
configure:4727: gcc -E  conftest.c
conftest.c:12:28: fatal error: ac_nonexistent.h: No such file or directory
 #include <ac_nonexistent.h>
                            ^
compilation terminated.
configure:4727: $? = 1
configure: failed program was:
| /* confdefs.h */
| #define PACKAGE_NAME "libomi_gettext"
| #define PACKAGE_TARNAME "libomi_gettext"
| #define PACKAGE_VERSION "0.1"
| #define PACKAGE_STRING "libomi_gettext 0.1"
| #define PACKAGE_BUGREPORT "fbohorquez@omi.org"
| #define PACKAGE_URL ""
| #define PACKAGE "libomi_gettext"
| #define VERSION "0.1"
| #define HAVE_LIBOMI 1
| /* end confdefs.h.  */
| #include <ac_nonexistent.h>
configure:4756: checking for grep that handles long lines and -e
configure:4814: result: /bin/grep
configure:4819: checking for egrep
configure:4881: result: /bin/grep -E
configure:4886: checking for ANSI C header files
configure:4906: gcc -c -g -O2  conftest.c >&5
configure:4906: $? = 0
configure:4979: gcc -o conftest -g -O2   conftest.c -lomi  >&5
configure:4979: $? = 0
configure:4979: ./conftest
configure:4979: $? = 0
configure:4990: result: yes
configure:5003: checking for sys/types.h
configure:5003: gcc -c -g -O2  conftest.c >&5
configure:5003: $? = 0
configure:5003: result: yes
configure:5003: checking for sys/stat.h
configure:5003: gcc -c -g -O2  conftest.c >&5
configure:5003: $? = 0
configure:5003: result: yes
configure:5003: checking for stdlib.h
configure:5003: gcc -c -g -O2  conftest.c >&5
configure:5003: $? = 0
configure:5003: result: yes
configure:5003: checking for string.h
configure:5003: gcc -c -g -O2  conftest.c >&5
configure:5003: $? = 0
configure:5003: result: yes
configure:5003: checking for memory.h
configure:5003: gcc -c -g -O2  conftest.c >&5
configure:5003: $? = 0
configure:5003: result: yes
configure:5003: checking for strings.h
configure:5003: gcc -c -g -O2  conftest.c >&5
configure:5003: $? = 0
configure:5003: result: yes
configure:5003: checking for inttypes.h
configure:5003: gcc -c -g -O2  conftest.c >&5
configure:5003: $? = 0
configure:5003: result: yes
configure:5003: checking for stdint.h
configure:5003: gcc -c -g -O2  conftest.c >&5
configure:5003: $? = 0
configure:5003: result: yes
configure:5003: checking for unistd.h
configure:5003: gcc -c -g -O2  conftest.c >&5
configure:5003: $? = 0
configure:5003: result: yes
configure:5015: checking for size_t
configure:5015: gcc -c -g -O2  conftest.c >&5
configure:5015: $? = 0
configure:5015: gcc -c -g -O2  conftest.c >&5
conftest.c: In function 'main':
conftest.c:58:21: error: expected expression before ')' token
 if (sizeof ((size_t)))
                     ^
configure:5015: $? = 1
configure: failed program was:
| /* confdefs.h */
| #define PACKAGE_NAME "libomi_gettext"
| #define PACKAGE_TARNAME "libomi_gettext"
| #define PACKAGE_VERSION "0.1"
| #define PACKAGE_STRING "libomi_gettext 0.1"
| #define PACKAGE_BUGREPORT "fbohorquez@omi.org"
| #define PACKAGE_URL ""
| #define PACKAGE "libomi_gettext"
| #define VERSION "0.1"
| #define HAVE_LIBOMI 1
| #define STDC_HEADERS 1
| #define HAVE_SYS_TYPES_H 1
| #define HAVE_SYS_STAT_H 1
| #define HAVE_STDLIB_H 1
| #define HAVE_STRING_H 1
| #define HAVE_MEMORY_H 1
| #define HAVE_STRINGS_H 1
| #define HAVE_INTTYPES_H 1
| #define HAVE_STDINT_H 1
| #define HAVE_UNISTD_H 1
| /* end confdefs.h.  */
| #include <stdio.h>
| #ifdef HAVE_SYS_TYPES_H
| # include <sys/types.h>
| #endif
| #ifdef HAVE_SYS_STAT_H
| # include <sys/stat.h>
| #endif
| #ifdef STDC_HEADERS
| # include <stdlib.h>
| # include <stddef.h>
| #else
| # ifdef HAVE_STDLIB_H
| #  include <stdlib.h>
| # endif
| #endif
| #ifdef HAVE_STRING_H
| # if !defined STDC_HEADERS && defined HAVE_MEMORY_H
| #  include <memory.h>
| # endif
| # include <string.h>
| #endif
| #ifdef HAVE_STRINGS_H
| # include <strings.h>
| #endif
| #ifdef HAVE_INTTYPES_H
| # include <inttypes.h>
| #endif
| #ifdef HAVE_STDINT_H
| # include <stdint.h>
| #endif
| #ifdef HAVE_UNISTD_H
| # include <unistd.h>
| #endif
| int
| main ()
| {
| if (sizeof ((size_t)))
| 	    return 0;
|   ;
|   return 0;
| }
configure:5015: result: yes
configure:5028: checking for working alloca.h
configure:5045: gcc -o conftest -g -O2   conftest.c -lomi  >&5
configure:5045: $? = 0
configure:5053: result: yes
configure:5061: checking for alloca
configure:5098: gcc -o conftest -g -O2   conftest.c -lomi  >&5
configure:5098: $? = 0
configure:5106: result: yes
configure:5215: checking for inttypes.h
configure:5215: result: yes
configure:5215: checking libintl.h usability
configure:5215: gcc -c -g -O2  conftest.c >&5
configure:5215: $? = 0
configure:5215: result: yes
configure:5215: checking libintl.h presence
configure:5215: gcc -E  conftest.c
configure:5215: $? = 0
configure:5215: result: yes
configure:5215: checking for libintl.h
configure:5215: result: yes
configure:5215: checking malloc.h usability
configure:5215: gcc -c -g -O2  conftest.c >&5
configure:5215: $? = 0
configure:5215: result: yes
configure:5215: checking malloc.h presence
configure:5215: gcc -E  conftest.c
configure:5215: $? = 0
configure:5215: result: yes
configure:5215: checking for malloc.h
configure:5215: result: yes
configure:5215: checking stddef.h usability
configure:5215: gcc -c -g -O2  conftest.c >&5
configure:5215: $? = 0
configure:5215: result: yes
configure:5215: checking stddef.h presence
configure:5215: gcc -E  conftest.c
configure:5215: $? = 0
configure:5215: result: yes
configure:5215: checking for stddef.h
configure:5215: result: yes
configure:5215: checking for stdlib.h
configure:5215: result: yes
configure:5215: checking for string.h
configure:5215: result: yes
configure:5215: checking for unistd.h
configure:5215: result: yes
configure:5227: checking for stdbool.h that conforms to C99
configure:5294: gcc -c -g -O2  conftest.c >&5
configure:5294: $? = 0
configure:5301: result: yes
configure:5303: checking for _Bool
configure:5303: gcc -c -g -O2  conftest.c >&5
configure:5303: $? = 0
configure:5303: gcc -c -g -O2  conftest.c >&5
conftest.c: In function 'main':
conftest.c:67:20: error: expected expression before ')' token
 if (sizeof ((_Bool)))
                    ^
configure:5303: $? = 1
configure: failed program was:
| /* confdefs.h */
| #define PACKAGE_NAME "libomi_gettext"
| #define PACKAGE_TARNAME "libomi_gettext"
| #define PACKAGE_VERSION "0.1"
| #define PACKAGE_STRING "libomi_gettext 0.1"
| #define PACKAGE_BUGREPORT "fbohorquez@omi.org"
| #define PACKAGE_URL ""
| #define PACKAGE "libomi_gettext"
| #define VERSION "0.1"
| #define HAVE_LIBOMI 1
| #define STDC_HEADERS 1
| #define HAVE_SYS_TYPES_H 1
| #define HAVE_SYS_STAT_H 1
| #define HAVE_STDLIB_H 1
| #define HAVE_STRING_H 1
| #define HAVE_MEMORY_H 1
| #define HAVE_STRINGS_H 1
| #define HAVE_INTTYPES_H 1
| #define HAVE_STDINT_H 1
| #define HAVE_UNISTD_H 1
| #define HAVE_ALLOCA_H 1
| #define HAVE_ALLOCA 1
| #define HAVE_INTTYPES_H 1
| #define HAVE_LIBINTL_H 1
| #define HAVE_MALLOC_H 1
| #define HAVE_STDDEF_H 1
| #define HAVE_STDLIB_H 1
| #define HAVE_STRING_H 1
| #define HAVE_UNISTD_H 1
| /* end confdefs.h.  */
| #include <stdio.h>
| #ifdef HAVE_SYS_TYPES_H
| # include <sys/types.h>
| #endif
| #ifdef HAVE_SYS_STAT_H
| # include <sys/stat.h>
| #endif
| #ifdef STDC_HEADERS
| # include <stdlib.h>
| # include <stddef.h>
| #else
| # ifdef HAVE_STDLIB_H
| #  include <stdlib.h>
| # endif
| #endif
| #ifdef HAVE_STRING_H
| # if !defined STDC_HEADERS && defined HAVE_MEMORY_H
| #  include <memory.h>
| # endif
| # include <string.h>
| #endif
| #ifdef HAVE_STRINGS_H
| # include <strings.h>
| #endif
| #ifdef HAVE_INTTYPES_H
| # include <inttypes.h>
| #endif
| #ifdef HAVE_STDINT_H
| # include <stdint.h>
| #endif
| #ifdef HAVE_UNISTD_H
| # include <unistd.h>
| #endif
| int
| main ()
| {
| if (sizeof ((_Bool)))
| 	    return 0;
|   ;
|   return 0;
| }
configure:5303: result: yes
configure:5320: checking for inline
configure:5336: gcc -c -g -O2  conftest.c >&5
configure:5336: $? = 0
configure:5344: result: inline
configure:5362: checking for int16_t
configure:5362: gcc -c -g -O2  conftest.c >&5
configure:5362: $? = 0
configure:5362: gcc -c -g -O2  conftest.c >&5
conftest.c: In function 'main':
conftest.c:70:12: error: size of array 'test_array' is negative
 static int test_array [1 - 2 * !((int16_t) (((((int16_t) 1 << N) << N) - 1) * 2 + 1)
            ^
configure:5362: $? = 1
configure: failed program was:
| /* confdefs.h */
| #define PACKAGE_NAME "libomi_gettext"
| #define PACKAGE_TARNAME "libomi_gettext"
| #define PACKAGE_VERSION "0.1"
| #define PACKAGE_STRING "libomi_gettext 0.1"
| #define PACKAGE_BUGREPORT "fbohorquez@omi.org"
| #define PACKAGE_URL ""
| #define PACKAGE "libomi_gettext"
| #define VERSION "0.1"
| #define HAVE_LIBOMI 1
| #define STDC_HEADERS 1
| #define HAVE_SYS_TYPES_H 1
| #define HAVE_SYS_STAT_H 1
| #define HAVE_STDLIB_H 1
| #define HAVE_STRING_H 1
| #define HAVE_MEMORY_H 1
| #define HAVE_STRINGS_H 1
| #define HAVE_INTTYPES_H 1
| #define HAVE_STDINT_H 1
| #define HAVE_UNISTD_H 1
| #define HAVE_ALLOCA_H 1
| #define HAVE_ALLOCA 1
| #define HAVE_INTTYPES_H 1
| #define HAVE_LIBINTL_H 1
| #define HAVE_MALLOC_H 1
| #define HAVE_STDDEF_H 1
| #define HAVE_STDLIB_H 1
| #define HAVE_STRING_H 1
| #define HAVE_UNISTD_H 1
| #define HAVE__BOOL 1
| #define HAVE_STDBOOL_H 1
| /* end confdefs.h.  */
| #include <stdio.h>
| #ifdef HAVE_SYS_TYPES_H
| # include <sys/types.h>
| #endif
| #ifdef HAVE_SYS_STAT_H
| # include <sys/stat.h>
| #endif
| #ifdef STDC_HEADERS
| # include <stdlib.h>
| # include <stddef.h>
| #else
| # ifdef HAVE_STDLIB_H
| #  include <stdlib.h>
| # endif
| #endif
| #ifdef HAVE_STRING_H
| # if !defined STDC_HEADERS && defined HAVE_MEMORY_H
| #  include <memory.h>
| # endif
| # include <string.h>
| #endif
| #ifdef HAVE_STRINGS_H
| # include <strings.h>
| #endif
| #ifdef HAVE_INTTYPES_H
| # include <inttypes.h>
| #endif
| #ifdef HAVE_STDINT_H
| # include <stdint.h>
| #endif
| #ifdef HAVE_UNISTD_H
| # include <unistd.h>
| #endif
| 	        enum { N = 16 / 2 - 1 };
| int
| main ()
| {
| static int test_array [1 - 2 * !((int16_t) (((((int16_t) 1 << N) << N) - 1) * 2 + 1)
| 		 < (int16_t) (((((int16_t) 1 << N) << N) - 1) * 2 + 2))];
| test_array [0] = 0;
| return test_array [0];
| 
|   ;
|   return 0;
| }
configure:5362: result: yes
configure:5373: checking for int32_t
configure:5373: gcc -c -g -O2  conftest.c >&5
configure:5373: $? = 0
configure:5373: gcc -c -g -O2  conftest.c >&5
conftest.c: In function 'main':
conftest.c:71:53: warning: integer overflow in expression [-Woverflow]
    < (int32_t) (((((int32_t) 1 << N) << N) - 1) * 2 + 2))];
                                                     ^
conftest.c:70:12: error: storage size of 'test_array' isn't constant
 static int test_array [1 - 2 * !((int32_t) (((((int32_t) 1 << N) << N) - 1) * 2 + 1)
            ^
configure:5373: $? = 1
configure: failed program was:
| /* confdefs.h */
| #define PACKAGE_NAME "libomi_gettext"
| #define PACKAGE_TARNAME "libomi_gettext"
| #define PACKAGE_VERSION "0.1"
| #define PACKAGE_STRING "libomi_gettext 0.1"
| #define PACKAGE_BUGREPORT "fbohorquez@omi.org"
| #define PACKAGE_URL ""
| #define PACKAGE "libomi_gettext"
| #define VERSION "0.1"
| #define HAVE_LIBOMI 1
| #define STDC_HEADERS 1
| #define HAVE_SYS_TYPES_H 1
| #define HAVE_SYS_STAT_H 1
| #define HAVE_STDLIB_H 1
| #define HAVE_STRING_H 1
| #define HAVE_MEMORY_H 1
| #define HAVE_STRINGS_H 1
| #define HAVE_INTTYPES_H 1
| #define HAVE_STDINT_H 1
| #define HAVE_UNISTD_H 1
| #define HAVE_ALLOCA_H 1
| #define HAVE_ALLOCA 1
| #define HAVE_INTTYPES_H 1
| #define HAVE_LIBINTL_H 1
| #define HAVE_MALLOC_H 1
| #define HAVE_STDDEF_H 1
| #define HAVE_STDLIB_H 1
| #define HAVE_STRING_H 1
| #define HAVE_UNISTD_H 1
| #define HAVE__BOOL 1
| #define HAVE_STDBOOL_H 1
| /* end confdefs.h.  */
| #include <stdio.h>
| #ifdef HAVE_SYS_TYPES_H
| # include <sys/types.h>
| #endif
| #ifdef HAVE_SYS_STAT_H
| # include <sys/stat.h>
| #endif
| #ifdef STDC_HEADERS
| # include <stdlib.h>
| # include <stddef.h>
| #else
| # ifdef HAVE_STDLIB_H
| #  include <stdlib.h>
| # endif
| #endif
| #ifdef HAVE_STRING_H
| # if !defined STDC_HEADERS && defined HAVE_MEMORY_H
| #  include <memory.h>
| # endif
| # include <string.h>
| #endif
| #ifdef HAVE_STRINGS_H
| # include <strings.h>
| #endif
| #ifdef HAVE_INTTYPES_H
| # include <inttypes.h>
| #endif
| #ifdef HAVE_STDINT_H
| # include <stdint.h>
| #endif
| #ifdef HAVE_UNISTD_H
| # include <unistd.h>
| #endif
| 	        enum { N = 32 / 2 - 1 };
| int
| main ()
| {
| static int test_array [1 - 2 * !((int32_t) (((((int32_t) 1 << N) << N) - 1) * 2 + 1)
| 		 < (int32_t) (((((int32_t) 1 << N) << N) - 1) * 2 + 2))];
| test_array [0] = 0;
| return test_array [0];
| 
|   ;
|   return 0;
| }
configure:5373: result: yes
configure:5384: checking for int8_t
configure:5384: gcc -c -g -O2  conftest.c >&5
configure:5384: $? = 0
configure:5384: gcc -c -g -O2  conftest.c >&5
conftest.c: In function 'main':
conftest.c:70:12: error: size of array 'test_array' is negative
 static int test_array [1 - 2 * !((int8_t) (((((int8_t) 1 << N) << N) - 1) * 2 + 1)
            ^
configure:5384: $? = 1
configure: failed program was:
| /* confdefs.h */
| #define PACKAGE_NAME "libomi_gettext"
| #define PACKAGE_TARNAME "libomi_gettext"
| #define PACKAGE_VERSION "0.1"
| #define PACKAGE_STRING "libomi_gettext 0.1"
| #define PACKAGE_BUGREPORT "fbohorquez@omi.org"
| #define PACKAGE_URL ""
| #define PACKAGE "libomi_gettext"
| #define VERSION "0.1"
| #define HAVE_LIBOMI 1
| #define STDC_HEADERS 1
| #define HAVE_SYS_TYPES_H 1
| #define HAVE_SYS_STAT_H 1
| #define HAVE_STDLIB_H 1
| #define HAVE_STRING_H 1
| #define HAVE_MEMORY_H 1
| #define HAVE_STRINGS_H 1
| #define HAVE_INTTYPES_H 1
| #define HAVE_STDINT_H 1
| #define HAVE_UNISTD_H 1
| #define HAVE_ALLOCA_H 1
| #define HAVE_ALLOCA 1
| #define HAVE_INTTYPES_H 1
| #define HAVE_LIBINTL_H 1
| #define HAVE_MALLOC_H 1
| #define HAVE_STDDEF_H 1
| #define HAVE_STDLIB_H 1
| #define HAVE_STRING_H 1
| #define HAVE_UNISTD_H 1
| #define HAVE__BOOL 1
| #define HAVE_STDBOOL_H 1
| /* end confdefs.h.  */
| #include <stdio.h>
| #ifdef HAVE_SYS_TYPES_H
| # include <sys/types.h>
| #endif
| #ifdef HAVE_SYS_STAT_H
| # include <sys/stat.h>
| #endif
| #ifdef STDC_HEADERS
| # include <stdlib.h>
| # include <stddef.h>
| #else
| # ifdef HAVE_STDLIB_H
| #  include <stdlib.h>
| # endif
| #endif
| #ifdef HAVE_STRING_H
| # if !defined STDC_HEADERS && defined HAVE_MEMORY_H
| #  include <memory.h>
| # endif
| # include <string.h>
| #endif
| #ifdef HAVE_STRINGS_H
| # include <strings.h>
| #endif
| #ifdef HAVE_INTTYPES_H
| # include <inttypes.h>
| #endif
| #ifdef HAVE_STDINT_H
| # include <stdint.h>
| #endif
| #ifdef HAVE_UNISTD_H
| # include <unistd.h>
| #endif
| 	        enum { N = 8 / 2 - 1 };
| int
| main ()
| {
| static int test_array [1 - 2 * !((int8_t) (((((int8_t) 1 << N) << N) - 1) * 2 + 1)
| 		 < (int8_t) (((((int8_t) 1 << N) << N) - 1) * 2 + 2))];
| test_array [0] = 0;
| return test_array [0];
| 
|   ;
|   return 0;
| }
configure:5384: result: yes
configure:5395: checking for size_t
configure:5395: result: yes
configure:5406: checking for uint16_t
configure:5406: gcc -c -g -O2  conftest.c >&5
configure:5406: $? = 0
configure:5406: result: yes
configure:5418: checking for uint32_t
configure:5418: gcc -c -g -O2  conftest.c >&5
configure:5418: $? = 0
configure:5418: result: yes
configure:5432: checking for uint8_t
configure:5432: gcc -c -g -O2  conftest.c >&5
configure:5432: $? = 0
configure:5432: result: yes
configure:5448: checking for error_at_line
configure:5464: gcc -o conftest -g -O2   conftest.c -lomi  >&5
configure:5464: $? = 0
configure:5472: result: yes
configure:5485: checking for stdlib.h
configure:5485: result: yes
configure:5495: checking for GNU libc compatible malloc
configure:5519: gcc -o conftest -g -O2   conftest.c -lomi  >&5
configure:5519: $? = 0
configure:5519: ./conftest
configure:5519: $? = 0
configure:5529: result: yes
configure:5552: checking for stdlib.h
configure:5552: result: yes
configure:5562: checking for GNU libc compatible realloc
configure:5586: gcc -o conftest -g -O2   conftest.c -lomi  >&5
configure:5586: $? = 0
configure:5586: ./conftest
configure:5586: $? = 0
configure:5596: result: yes
configure:5808: checking that generated files are newer than configure
configure:5814: result: done
configure:5841: creating ./config.status

## ---------------------- ##
## Running config.status. ##
## ---------------------- ##

This file was extended by libomi_gettext config.status 0.1, which was
generated by GNU Autoconf 2.69.  Invocation command line was

  CONFIG_FILES    = 
  CONFIG_HEADERS  = 
  CONFIG_LINKS    = 
  CONFIG_COMMANDS = 
  $ ./config.status 

on sobremesa

config.status:887: creating Makefile
config.status:887: creating src/Makefile
config.status:887: creating config.h
config.status:1116: executing depfiles commands

## ---------------- ##
## Cache variables. ##
## ---------------- ##

ac_cv_c_compiler_gnu=yes
ac_cv_c_inline=inline
ac_cv_c_int16_t=yes
ac_cv_c_int32_t=yes
ac_cv_c_int8_t=yes
ac_cv_c_uint16_t=yes
ac_cv_c_uint32_t=yes
ac_cv_c_uint8_t=yes
ac_cv_cxx_compiler_gnu=yes
ac_cv_env_CCC_set=
ac_cv_env_CCC_value=
ac_cv_env_CC_set=
ac_cv_env_CC_value=
ac_cv_env_CFLAGS_set=
ac_cv_env_CFLAGS_value=
ac_cv_env_CPPFLAGS_set=
ac_cv_env_CPPFLAGS_value=
ac_cv_env_CPP_set=
ac_cv_env_CPP_value=
ac_cv_env_CXXFLAGS_set=
ac_cv_env_CXXFLAGS_value=
ac_cv_env_CXX_set=
ac_cv_env_CXX_value=
ac_cv_env_LDFLAGS_set=
ac_cv_env_LDFLAGS_value=
ac_cv_env_LIBS_set=
ac_cv_env_LIBS_value=
ac_cv_env_PKG_CONFIG_LIBDIR_set=
ac_cv_env_PKG_CONFIG_LIBDIR_value=
ac_cv_env_PKG_CONFIG_PATH_set=
ac_cv_env_PKG_CONFIG_PATH_value=
ac_cv_env_PKG_CONFIG_set=
ac_cv_env_PKG_CONFIG_value=
ac_cv_env_build_alias_set=
ac_cv_env_build_alias_value=
ac_cv_env_host_alias_set=
ac_cv_env_host_alias_value=
ac_cv_env_numPrecision_set=
ac_cv_env_numPrecision_value=
ac_cv_env_numType_set=
ac_cv_env_numType_value=
ac_cv_env_refCType_set=
ac_cv_env_refCType_value=
ac_cv_env_sizeNode_set=
ac_cv_env_sizeNode_value=
ac_cv_env_target_alias_set=
ac_cv_env_target_alias_value=
ac_cv_func_alloca_works=yes
ac_cv_func_malloc_0_nonnull=yes
ac_cv_func_realloc_0_nonnull=yes
ac_cv_header_inttypes_h=yes
ac_cv_header_libintl_h=yes
ac_cv_header_malloc_h=yes
ac_cv_header_memory_h=yes
ac_cv_header_stdbool_h=yes
ac_cv_header_stdc=yes
ac_cv_header_stddef_h=yes
ac_cv_header_stdint_h=yes
ac_cv_header_stdlib_h=yes
ac_cv_header_string_h=yes
ac_cv_header_strings_h=yes
ac_cv_header_sys_stat_h=yes
ac_cv_header_sys_types_h=yes
ac_cv_header_unistd_h=yes
ac_cv_lib_error_at_line=yes
ac_cv_lib_omi_main=yes
ac_cv_objext=o
ac_cv_path_EGREP='/bin/grep -E'
ac_cv_path_GREP=/bin/grep
ac_cv_path_ac_pt_PKG_CONFIG=/usr/bin/pkg-config
ac_cv_path_install='/usr/bin/install -c'
ac_cv_path_mkdir=/bin/mkdir
ac_cv_prog_AWK=gawk
ac_cv_prog_CPP='gcc -E'
ac_cv_prog_ac_ct_CC=gcc
ac_cv_prog_ac_ct_CXX=g++
ac_cv_prog_cc_c89=
ac_cv_prog_cc_g=yes
ac_cv_prog_cxx_g=yes
ac_cv_prog_make_make_set=yes
ac_cv_type__Bool=yes
ac_cv_type_size_t=yes
ac_cv_working_alloca_h=yes
am_cv_CC_dependencies_compiler_type=gcc3
am_cv_CXX_dependencies_compiler_type=gcc3
am_cv_make_support_nested_variables=yes
am_cv_prog_cc_c_o=yes

## ----------------- ##
## Output variables. ##
## ----------------- ##

ACLOCAL='${SHELL} /home/franj/projects/omi.svn/extensions/gettext/missing aclocal-1.14'
ALLOCA=''
AMDEPBACKSLASH='\'
AMDEP_FALSE='#'
AMDEP_TRUE=''
AMTAR='$${TAR-tar}'
AM_BACKSLASH='\'
AM_CXXFLAGS=''
AM_DEFAULT_V='$(AM_DEFAULT_VERBOSITY)'
AM_DEFAULT_VERBOSITY='1'
AM_V='$(V)'
AUTOCONF='${SHELL} /home/franj/projects/omi.svn/extensions/gettext/missing autoconf'
AUTOHEADER='${SHELL} /home/franj/projects/omi.svn/extensions/gettext/missing autoheader'
AUTOMAKE='${SHELL} /home/franj/projects/omi.svn/extensions/gettext/missing automake-1.14'
AWK='gawk'
CC='gcc'
CCDEPMODE='depmode=gcc3'
CFLAGS='-g -O2'
CPP='gcc -E'
CPPFLAGS=''
CXX='g++'
CXXDEPMODE='depmode=gcc3'
CXXFLAGS='-g -O2'
CYGPATH_W='echo'
DEFS='-DHAVE_CONFIG_H'
DEPDIR='.deps'
ECHO_C=''
ECHO_N='-n'
ECHO_T=''
EGREP='/bin/grep -E'
EXEEXT=''
GREP='/bin/grep'
INSTALL_DATA='${INSTALL} -m 644'
INSTALL_PROGRAM='${INSTALL}'
INSTALL_SCRIPT='${INSTALL}'
INSTALL_STRIP_PROGRAM='$(install_sh) -c -s'
LDFLAGS=''
LIBOBJS=''
LIBS='-lomi '
LTLIBOBJS=''
MAKEINFO='${SHELL} /home/franj/projects/omi.svn/extensions/gettext/missing makeinfo'
MKDIR_P='/bin/mkdir -p'
OBJEXT='o'
PACKAGE='libomi_gettext'
PACKAGE_BUGREPORT='fbohorquez@omi.org'
PACKAGE_NAME='libomi_gettext'
PACKAGE_STRING='libomi_gettext 0.1'
PACKAGE_TARNAME='libomi_gettext'
PACKAGE_URL=''
PACKAGE_VERSION='0.1'
PATH_SEPARATOR=':'
PKG_CONFIG='/usr/bin/pkg-config'
PKG_CONFIG_LIBDIR=''
PKG_CONFIG_PATH=''
SET_MAKE=''
SHELL='/bin/bash'
STRIP=''
VERSION='0.1'
ac_ct_CC='gcc'
ac_ct_CXX='g++'
am__EXEEXT_FALSE=''
am__EXEEXT_TRUE='#'
am__fastdepCC_FALSE='#'
am__fastdepCC_TRUE=''
am__fastdepCXX_FALSE='#'
am__fastdepCXX_TRUE=''
am__include='include'
am__isrc=''
am__leading_dot='.'
am__nodep='_no'
am__quote=''
am__tar='$${TAR-tar} chof - "$$tardir"'
am__untar='$${TAR-tar} xf -'
bindir='${exec_prefix}/bin'
build_alias=''
datadir='${datarootdir}'
datarootdir='${prefix}/share'
db=''
db_flag=''
db_lib=''
docdir='${datarootdir}/doc/${PACKAGE_TARNAME}'
dvidir='${docdir}'
exec_prefix='${prefix}'
host_alias=''
htmldir='${docdir}'
includedir='${prefix}/include'
infodir='${datarootdir}/info'
install_sh='${SHELL} /home/franj/projects/omi.svn/extensions/gettext/install-sh'
libdir='${exec_prefix}/lib'
libexecdir='${exec_prefix}/libexec'
localedir='${datarootdir}/locale'
localstatedir='${prefix}/var'
mandir='${datarootdir}/man'
mkdir_p='$(MKDIR_P)'
numPrecision='15'
numType='double'
oldincludedir='/usr/include'
pdfdir='${docdir}'
prefix='/usr/local'
program_transform_name='s,x,x,'
psdir='${docdir}'
refCType='unsigned int'
sbindir='${exec_prefix}/sbin'
sharedstatedir='${prefix}/com'
sizeNode=''
sysconfdir='${prefix}/etc'
target_alias=''

## ----------- ##
## confdefs.h. ##
## ----------- ##

/* confdefs.h */
#define PACKAGE_NAME "libomi_gettext"
#define PACKAGE_TARNAME "libomi_gettext"
#define PACKAGE_VERSION "0.1"
#define PACKAGE_STRING "libomi_gettext 0.1"
#define PACKAGE_BUGREPORT "fbohorquez@omi.org"
#define PACKAGE_URL ""
#define PACKAGE "libomi_gettext"
#define VERSION "0.1"
#define HAVE_LIBOMI 1
#define STDC_HEADERS 1
#define HAVE_SYS_TYPES_H 1
#define HAVE_SYS_STAT_H 1
#define HAVE_STDLIB_H 1
#define HAVE_STRING_H 1
#define HAVE_MEMORY_H 1
#define HAVE_STRINGS_H 1
#define HAVE_INTTYPES_H 1
#define HAVE_STDINT_H 1
#define HAVE_UNISTD_H 1
#define HAVE_ALLOCA_H 1
#define HAVE_ALLOCA 1
#define HAVE_INTTYPES_H 1
#define HAVE_LIBINTL_H 1
#define HAVE_MALLOC_H 1
#define HAVE_STDDEF_H 1
#define HAVE_STDLIB_H 1
#define HAVE_STRING_H 1
#define HAVE_UNISTD_H 1
#define HAVE__BOOL 1
#define HAVE_STDBOOL_H 1
#define HAVE_STDLIB_H 1
#define HAVE_MALLOC 1
#define HAVE_STDLIB_H 1
#define HAVE_REALLOC 1

configure: exit 0

## ---------------------- ##
## Running config.status. ##
## ---------------------- ##

This file was extended by libomi_gettext config.status 0.1, which was
generated by GNU Autoconf 2.69.  Invocation command line was

  CONFIG_FILES    = 
  CONFIG_HEADERS  = 
  CONFIG_LINKS    = 
  CONFIG_COMMANDS = 
  $ ./config.status config.h

on sobremesa

config.status:887: creating config.h
config.status:1068: config.h is unchanged

## ---------------------- ##
## Running config.status. ##
## ---------------------- ##

This file was extended by libomi_gettext config.status 0.1, which was
generated by GNU Autoconf 2.69.  Invocation command line was

  CONFIG_FILES    = 
  CONFIG_HEADERS  = 
  CONFIG_LINKS    = 
  CONFIG_COMMANDS = 
  $ ./config.status src/Makefile depfiles

on sobremesa

config.status:887: creating src/Makefile
config.status:1116: executing depfiles commands

## ---------------------- ##
## Running config.status. ##
## ---------------------- ##

This file was extended by libomi_gettext config.status 0.1, which was
generated by GNU Autoconf 2.69.  Invocation command line was

  CONFIG_FILES    = 
  CONFIG_HEADERS  = 
  CONFIG_LINKS    = 
  CONFIG_COMMANDS = 
  $ ./config.status src/Makefile depfiles

on sobremesa

config.status:887: creating src/Makefile
config.status:1116: executing depfiles commands
